Sequence   		tRNA   	Bounds 	tRNA	Anti	Intron Bounds	Inf	HMM	2'Str	      
Name       	tRNA #	Begin  	End    	Type	Codon	Begin	End	Score	Score	Score	Note
--------   	------	-----  	------ 	----	-----	-----	----	------	-----	-----	------
CP009124.1 	1	2700183	2700254	Arg	CCG	0	0	76.4	54.30	22.10	
CP009124.1 	2	2829299	2829372	fMet	CAT	0	0	74.7	50.10	24.60	
CP009124.1 	3	3996136	3996208	Glu	TTC	0	0	68.3	46.00	22.30	
CP009124.1 	4	3996243	3996317	Asp	GTC	0	0	70.3	42.50	27.80	
CP009124.1 	5	3996342	3996415	Phe	GAA	0	0	77.5	51.00	26.50	
CP009124.1 	6	4000602	4000676	Asp	GTC	0	0	70.3	42.50	27.80	
CP009124.1 	7	4017033	4017104	Gly	TCC	0	0	52.8	29.60	23.20	
CP009124.1 	8	4017187	4017259	Gly	GCC	0	0	79.7	54.20	25.50	
CP009124.1 	9	4021116	4021191	Gly	GCC	0	0	85.7	58.50	27.20	
CP009124.1 	10	4030195	4030282	Ser	GGA	0	0	79.2	45.60	33.60	
CP009124.1 	11	4048412	4048496	Ser	CGA	0	0	67.3	31.80	35.50	
CP009124.1 	12	4200635	4200711	Ile	GAT	0	0	91.7	66.60	25.10	
CP009124.1 	13	4216756	4216828	Ala	TGC	0	0	70.4	50.40	20.00	
CP009124.1 	14	4233663	4233749	Leu	CAG	0	0	68.4	41.30	27.10	
CP009124.1 	15	4556845	4556921	Thr	CGT	0	0	85.3	56.00	29.30	
CP009124.1 	16	4859787	4859860	Ala	CGC	0	0	69.0	41.50	27.50	
CP009124.1 	17	4960997	4961083	Leu	TAA	0	0	56.4	21.40	35.00	
CP009124.1 	18	5115443	5115550	Undet	NNN	0	0	19.0	23.30	-4.30	
CP009124.1 	19	5256545	5256618	Lys	CTT	0	0	79.1	49.30	29.80	
CP009124.1 	20	5486027	5486103	Pro	TGG	0	0	81.7	58.60	23.10	
CP009124.1 	21	5550920	5550992	Ala	GGC	0	0	74.2	52.60	21.60	
CP009124.1 	22	5551736	5551808	Ala	GGC	0	0	74.2	52.60	21.60	
CP009124.1 	23	5686455	5686527	Asn	GTT	0	0	70.4	41.70	28.70	
CP009124.1 	24	5686533	5686605	Asn	GTT	0	0	70.0	41.30	28.70	
CP009124.1 	25	5686804	5686877	Ile2	CAT	0	0	87.5	67.80	19.70	
CP009124.1 	26	5804261	5804335	Val	TAC	0	0	79.0	61.10	17.90	
CP009124.1 	27	6301366	6301434	Ser	CGA	0	0	28.7	20.80	7.90	
CP009124.1 	28	6301441	6301675	Undet	NNN	0	0	23.4	22.50	0.90	
CP009124.1 	29	6690557	6690628	Val	CAC	0	0	74.1	45.20	28.90	
CP009124.1 	30	6698211	6698282	Val	CAC	0	0	74.1	45.20	28.90	
CP009124.1 	31	6683825	6683753	Gly	GCC	0	0	79.7	54.20	25.50	
CP009124.1 	32	6683714	6683641	Cys	GCA	0	0	75.4	49.70	25.70	
CP009124.1 	33	6683639	6683568	Val	GAC	0	0	72.0	44.10	27.90	
CP009124.1 	34	6683531	6683460	Val	GAC	0	0	71.9	43.50	28.40	
CP009124.1 	35	6683434	6683363	Val	GAC	0	0	72.0	44.10	27.90	
CP009124.1 	36	6545396	6545309	Leu	GAG	0	0	61.6	34.90	26.70	
CP009124.1 	37	6186479	6186407	Leu	CAA	0	0	58.1	39.20	18.90	
CP009124.1 	38	5485863	5485793	Gly	TCC	0	0	81.1	60.10	21.00	
CP009124.1 	39	5404571	5404499	Arg	TCT	0	0	80.2	55.20	25.00	
CP009124.1 	40	5286480	5286408	His	GTG	0	0	66.0	46.60	19.40	
CP009124.1 	41	5243916	5243843	Lys	CTT	0	0	79.1	49.30	29.80	
CP009124.1 	42	5240613	5240540	Lys	CTT	0	0	79.1	49.30	29.80	
CP009124.1 	43	5186298	5186212	Leu	TAG	0	0	71.5	46.60	24.90	
CP009124.1 	44	5150926	5150826	Undet	NNN	0	0	43.0	26.60	16.40	
CP009124.1 	45	4919545	4919473	Gln	TTG	0	0	44.7	7.90	36.80	
CP009124.1 	46	4739338	4739266	Arg	CCT	0	0	75.4	55.70	19.70	
CP009124.1 	47	4502065	4501992	Pro	CGG	0	0	73.3	48.80	24.50	
CP009124.1 	48	4405481	4405408	Gly	CCC	0	0	82.6	59.50	23.10	
CP009124.1 	49	4088213	4088129	Ser	TGA	0	0	70.0	36.20	33.80	
CP009124.1 	50	4074563	4074473	Ser	GCT	0	0	70.0	48.70	21.30	
CP009124.1 	51	4074281	4074209	Arg	ACG	0	0	75.3	52.00	23.30	
CP009124.1 	52	3989016	3988944	Lys	TTT	0	0	79.1	57.10	22.00	
CP009124.1 	53	3981802	3981729	fMet	CAT	0	0	74.7	50.10	24.60	
CP009124.1 	54	3845879	3845806	Thr	TGT	0	0	76.2	54.70	21.50	
CP009124.1 	55	3434798	3434717	Tyr	GTA	0	0	68.6	38.40	30.20	
CP009124.1 	56	3429067	3428995	Thr	GGT	0	0	73.3	44.30	29.00	
CP009124.1 	57	3428948	3428876	Met	CAT	0	0	66.7	41.00	25.70	
CP009124.1 	58	3419171	3419099	Trp	CCA	0	0	76.7	56.90	19.80	
CP009124.1 	59	2831630	2831557	fMet	CAT	0	0	74.7	50.10	24.60	
CP009124.1 	60	2471562	2471491	Gln	CTG	0	0	55.3	25.20	30.10	
CP009124.1 	61	2471451	2471379	Glu	CTC	0	0	69.3	46.10	23.20	
CP009124.1 	62	2471316	2471244	Glu	CTC	0	0	69.3	46.10	23.20	
CP009124.1 	63	2471223	2471152	Gln	CTG	0	0	54.1	22.90	31.20	
CP009124.1 	64	2471107	2471035	Glu	CTC	0	0	69.3	46.10	23.20	
CP009124.1 	65	2269849	2269774	Thr	GGT	0	0	79.8	52.80	27.00	
CP009124.1 	66	1215320	1215236	Leu	GAG	0	0	54.7	28.00	26.70	
CP009124.1 	67	980025 	979952 	Pro	GGG	0	0	71.4	46.40	25.00	
CP009124.1 	68	959028 	958955 	Pro	GGG	0	0	71.4	46.40	25.00	
CP009124.1 	69	940323 	940250 	Pro	GGG	0	0	71.4	46.40	25.00	
