Sequence   		tRNA   	Bounds 	tRNA	Anti	Intron Bounds	Inf	HMM	2'Str	      
Name       	tRNA #	Begin  	End    	Type	Codon	Begin	End	Score	Score	Score	Note
--------   	------	-----  	------ 	----	-----	-----	----	------	-----	-----	------
CP032543.1 	1	1039412	1039484	Gly	GCC	0	0	78.8	51.20	27.60	
CP032543.1 	2	1039522	1039595	Cys	GCA	0	0	75.4	49.70	25.70	
CP032543.1 	3	1039597	1039668	Val	GAC	0	0	72.0	44.10	27.90	
CP032543.1 	4	1039705	1039776	Val	GAC	0	0	71.9	43.50	28.40	
CP032543.1 	5	1039800	1039874	Val	GAC	0	0	78.7	50.30	28.40	
CP032543.1 	6	1190225	1190312	Leu	GAG	0	0	61.6	34.90	26.70	
CP032543.1 	7	1510009	1510083	Leu	CAA	0	0	65.0	40.70	24.30	
CP032543.1 	8	2231311	2231384	Gly	TCC	0	0	84.3	62.20	22.10	
CP032543.1 	9	2313609	2313681	Arg	TCT	0	0	80.9	55.90	25.00	
CP032543.1 	10	2446236	2446308	His	GTG	0	0	62.9	42.50	20.40	
CP032543.1 	11	2477863	2477936	Lys	CTT	0	0	82.0	54.90	27.10	
CP032543.1 	12	2489196	2489269	Lys	CTT	0	0	82.0	54.90	27.10	
CP032543.1 	13	2495274	2495347	Lys	CTT	0	0	82.0	54.90	27.10	
CP032543.1 	14	2547499	2547582	Leu	TAG	0	0	54.2	33.60	20.60	
CP032543.1 	15	2586886	2586960	Cys	GCA	0	0	66.1	34.40	31.70	
CP032543.1 	16	2844653	2844725	Gln	TTG	0	0	40.7	5.10	35.60	
CP032543.1 	17	3042223	3042295	Arg	CCT	0	0	71.1	53.90	17.20	
CP032543.1 	18	3366551	3366624	Thr	CGT	0	0	81.8	52.50	29.30	
CP032543.1 	19	3441597	3441670	Pro	CGG	0	0	73.0	48.50	24.50	
CP032543.1 	20	3530762	3530835	Gly	CCC	0	0	79.6	53.90	25.70	
CP032543.1 	21	3539008	3539087	Undet	NNN	0	0	21.6	24.20	-2.60	
CP032543.1 	22	3884760	3884846	Ser	TGA	0	0	69.7	35.80	33.90	
CP032543.1 	23	3895620	3895711	Ser	TGA	0	0	20.2	15.20	5.00	
CP032543.1 	24	3911584	3911674	Ser	GCT	0	0	70.0	48.70	21.30	
CP032543.1 	25	3911890	3911962	Arg	ACG	0	0	75.3	52.00	23.30	
CP032543.1 	26	4042984	4043060	Lys	TTT	0	0	88.4	67.50	20.90	
CP032543.1 	27	4043309	4043382	fMet	CAT	0	0	74.7	50.10	24.60	
CP032543.1 	28	4173133	4173206	Thr	TGT	0	0	77.7	52.60	25.10	
CP032543.1 	29	4412986	4413059	fMet	CAT	0	0	74.7	50.10	24.60	
CP032543.1 	30	4526403	4526484	Tyr	GTA	0	0	66.1	35.70	30.40	
CP032543.1 	31	4528807	4528879	Thr	GGT	0	0	69.5	36.40	33.10	
CP032543.1 	32	4528925	4528997	Met	CAT	0	0	66.7	41.00	25.70	
CP032543.1 	33	4535041	4535113	Trp	CCA	0	0	76.7	56.90	19.80	
CP032543.1 	34	5094032	5094105	fMet	CAT	0	0	74.7	50.10	24.60	
CP032543.1 	35	5096632	5096705	fMet	CAT	0	0	74.7	50.10	24.60	
CP032543.1 	36	5508386	5508457	Gln	CTG	0	0	50.0	20.10	29.90	
CP032543.1 	37	5508497	5508569	Glu	CTC	0	0	65.5	41.30	24.20	
CP032543.1 	38	5508632	5508704	Glu	CTC	0	0	65.5	41.30	24.20	
CP032543.1 	39	5508717	5508788	Gln	CTG	0	0	50.0	20.10	29.90	
CP032543.1 	40	5508809	5508881	Glu	CTC	0	0	66.5	42.20	24.30	
CP032543.1 	41	5689678	5689750	Thr	GGT	0	0	71.4	38.30	33.10	
CP032543.1 	42	6528301	6528388	Leu	GAG	0	0	61.6	34.90	26.70	
CP032543.1 	43	6731161	6731234	Pro	GGG	0	0	71.4	46.40	25.00	
CP032543.1 	44	6773351	6773424	Pro	GGG	0	0	71.4	46.40	25.00	
CP032543.1 	45	5225196	5225125	Arg	CCG	0	0	73.7	56.00	17.70	
CP032543.1 	46	4036323	4036251	Glu	TTC	0	0	69.3	46.90	22.40	
CP032543.1 	47	4036212	4036138	Asp	GTC	0	0	70.3	42.50	27.80	
CP032543.1 	48	4036115	4036042	Phe	GAA	0	0	78.6	52.10	26.50	
CP032543.1 	49	4016856	4016782	Asp	GTC	0	0	70.3	42.50	27.80	
CP032543.1 	50	4001625	4001554	Gly	TCC	0	0	48.3	29.40	18.90	
CP032543.1 	51	4001474	4001399	Gly	GCC	0	0	85.7	58.10	27.60	
CP032543.1 	52	3997483	3997408	Gly	GCC	0	0	85.7	58.10	27.60	
CP032543.1 	53	3988322	3988235	Ser	GGA	0	0	79.2	45.60	33.60	
CP032543.1 	54	3968961	3968883	Undet	NNN	0	0	19.5	15.10	4.40	
CP032543.1 	55	3941394	3941307	Ser	CGA	0	0	66.1	35.10	31.00	
CP032543.1 	56	3776418	3776345	Ile	GAT	0	0	84.9	59.70	25.20	
CP032543.1 	57	3771125	3771053	Ala	TGC	0	0	79.9	56.10	23.80	
CP032543.1 	58	3753803	3753721	Leu	CAG	0	0	71.5	39.30	32.20	
CP032543.1 	59	2921648	2921575	Ala	CGC	0	0	69.0	41.50	27.50	
CP032543.1 	60	2768204	2768119	Leu	TAA	0	0	60.2	24.60	35.60	
CP032543.1 	61	2617329	2617257	Arg	CCG	0	0	24.9	30.90	-6.00	
CP032543.1 	62	2231144	2231068	Pro	TGG	0	0	81.6	56.50	25.10	
CP032543.1 	63	2160643	2160571	Ala	GGC	0	0	74.2	52.60	21.60	
CP032543.1 	64	2159865	2159793	Ala	GGC	0	0	74.2	52.60	21.60	
CP032543.1 	65	2027699	2027627	Asn	GTT	0	0	72.5	42.40	30.10	
CP032543.1 	66	2027621	2027549	Asn	GTT	0	0	68.8	42.20	26.60	
CP032543.1 	67	2027314	2027238	Ile2	CAT	0	0	94.3	74.70	19.60	
CP032543.1 	68	1915819	1915748	Val	TAC	0	0	68.8	48.00	20.80	
CP032543.1 	69	1032948	1032877	Val	CAC	0	0	74.1	45.20	28.90	
CP032543.1 	70	1030030	1029959	Val	CAC	0	0	74.1	45.20	28.90	
