Sequence   		tRNA   	Bounds 	tRNA	Anti	Intron Bounds	Inf	HMM	2'Str	      
Name       	tRNA #	Begin  	End    	Type	Codon	Begin	End	Score	Score	Score	Note
--------   	------	-----  	------ 	----	-----	-----	----	------	-----	-----	------
CP051006.1 	1	30535  	30628  	Ser	CGA	0	0	41.1	27.30	13.80	
CP051006.1 	2	32880  	32973  	Undet	NNN	0	0	37.6	26.80	10.80	
CP051006.1 	3	311753 	311847 	Ser	CGA	311790	311798	46.4	26.50	19.90	
CP051006.1 	4	508868 	508964 	Ser	TGA	508905	508913	47.0	22.00	25.00	
CP051006.1 	5	1799074	1799132	Arg	TCT	0	0	18.5	0.00	18.50	
CP051006.1 	6	3064991	3065062	Arg	CCG	0	0	76.4	54.30	22.10	
CP051006.1 	7	4062642	4062715	Pro	CGG	0	0	73.0	48.50	24.50	
CP051006.1 	8	4148287	4148360	Gly	CCC	0	0	82.6	59.50	23.10	
CP051006.1 	9	4440505	4440591	Ser	TGA	0	0	73.7	44.30	29.40	
CP051006.1 	10	4454828	4454918	Ser	GCT	0	0	70.0	48.70	21.30	
CP051006.1 	11	4455099	4455171	Arg	ACG	0	0	75.3	52.00	23.30	
CP051006.1 	12	4531514	4531586	Lys	TTT	0	0	79.1	57.10	22.00	
CP051006.1 	13	4535762	4535835	fMet	CAT	0	0	74.7	50.10	24.60	
CP051006.1 	14	4673145	4673218	Thr	TGT	0	0	76.2	54.70	21.50	
CP051006.1 	15	4947722	4947795	Ala	CGC	0	0	73.8	50.60	23.20	
CP051006.1 	16	5050673	5050759	Leu	TAA	0	0	55.3	22.30	33.00	
CP051006.1 	17	5110740	5110816	Arg	TCG	0	0	59.3	31.80	27.50	
CP051006.1 	18	5342721	5342805	Undet	NNN	0	0	19.7	23.10	-3.40	
CP051006.1 	19	5408717	5408792	Leu	TAG	0	0	57.5	31.40	26.10	
CP051006.1 	20	5481116	5481188	His	GTG	0	0	67.8	48.50	19.30	
CP051006.1 	21	5654026	5654102	Pro	TGG	0	0	81.7	58.60	23.10	
CP051006.1 	22	5702163	5702235	Ala	GGC	0	0	74.2	52.60	21.60	
CP051006.1 	23	5702728	5702800	Ala	GGC	0	0	74.2	52.60	21.60	
CP051006.1 	24	5824380	5824452	Asn	GTT	0	0	70.0	41.30	28.70	
CP051006.1 	25	5824459	5824531	Asn	GTT	0	0	70.0	41.30	28.70	
CP051006.1 	26	5824708	5824784	Ile2	CAT	0	0	94.3	74.70	19.60	
CP051006.1 	27	5911365	5911436	Val	TAC	0	0	75.7	57.70	18.00	
CP051006.1 	28	6822378	6822449	Val	CAC	0	0	74.1	45.20	28.90	
CP051006.1 	29	6823203	6823274	Val	CAC	0	0	74.1	45.20	28.90	
CP051006.1 	30	7355621	7355694	fMet	CAT	0	0	74.7	50.10	24.60	
CP051006.1 	31	8690308	8690215	Ser	CGA	0	0	41.1	27.30	13.80	
CP051006.1 	32	8687963	8687870	Undet	NNN	0	0	37.6	26.80	10.80	
CP051006.1 	33	8627032	8626936	Ser	CGA	8626995	8626987	46.6	23.70	22.90	
CP051006.1 	34	8527003	8526911	Undet	NNN	0	0	36.6	22.50	14.10	
CP051006.1 	35	8134791	8134694	Ser	CGA	8134754	8134746	49.5	29.80	19.70	
CP051006.1 	36	8126906	8126811	Ser	CGA	8126869	8126860	41.1	20.00	21.10	
CP051006.1 	37	8117015	8116921	Ser	CGA	8116978	8116970	44.4	26.50	17.90	
CP051006.1 	38	8041997	8041899	Ser	CGA	8041960	8041952	47.9	29.30	18.60	
CP051006.1 	39	7979106	7979012	Ser	CGA	7979069	7979061	47.4	24.30	23.10	
CP051006.1 	40	7839090	7838998	SeC	TCA	0	0	94.2	0.00	0.00	
CP051006.1 	41	6815657	6815585	Gly	GCC	0	0	79.7	54.20	25.50	
CP051006.1 	42	6815546	6815473	Cys	GCA	0	0	75.4	49.70	25.70	
CP051006.1 	43	6815471	6815400	Val	GAC	0	0	72.0	44.10	27.90	
CP051006.1 	44	6815349	6815278	Val	GAC	0	0	71.9	43.50	28.40	
CP051006.1 	45	6815248	6815177	Val	GAC	0	0	72.0	44.10	27.90	
CP051006.1 	46	6666955	6666868	Leu	GAG	0	0	61.6	34.90	26.70	
CP051006.1 	47	6320378	6320304	Leu	CAA	0	0	61.3	43.50	17.80	
CP051006.1 	48	5653865	5653795	Gly	TCC	0	0	77.4	55.40	22.00	
CP051006.1 	49	5573659	5573587	Arg	TCT	0	0	79.2	54.20	25.00	
CP051006.1 	50	5456147	5456074	Lys	CTT	0	0	79.1	49.30	29.80	
CP051006.1 	51	5444940	5444867	Lys	CTT	0	0	79.1	49.30	29.80	
CP051006.1 	52	5441299	5441226	Lys	CTT	0	0	79.1	49.30	29.80	
CP051006.1 	53	5364155	5364081	Cys	GCA	0	0	75.7	50.30	25.40	
CP051006.1 	54	5364074	5363975	Undet	NNN	0	0	20.8	18.20	2.60	
CP051006.1 	55	5007396	5007325	Gln	TTG	0	0	51.5	22.50	29.00	
CP051006.1 	56	4914677	4914605	Arg	CCT	0	0	71.1	53.90	17.20	
CP051006.1 	57	4895123	4895060	Undet	NNN	0	0	16.8	10.50	6.30	
CP051006.1 	58	4885056	4884951	Undet	NNN	0	0	34.9	33.60	1.30	
CP051006.1 	59	4524660	4524588	Glu	TTC	0	0	68.3	46.00	22.30	
CP051006.1 	60	4524548	4524474	Asp	GTC	0	0	70.3	42.50	27.80	
CP051006.1 	61	4524449	4524376	Phe	GAA	0	0	77.5	51.00	26.50	
CP051006.1 	62	4518715	4518641	Asp	GTC	0	0	69.4	41.60	27.80	
CP051006.1 	63	4505369	4505298	Gly	TCC	0	0	54.7	31.50	23.20	
CP051006.1 	64	4505215	4505140	Gly	GCC	0	0	86.5	61.00	25.50	
CP051006.1 	65	4501274	4501199	Gly	GCC	0	0	86.5	61.00	25.50	
CP051006.1 	66	4491961	4491874	Ser	GGA	0	0	75.8	42.30	33.50	
CP051006.1 	67	4479286	4479202	Ser	CGA	0	0	67.3	31.80	35.50	
CP051006.1 	68	4332126	4332050	Ile	GAT	0	0	91.7	66.60	25.10	
CP051006.1 	69	4318602	4318530	Ala	TGC	0	0	71.7	52.80	18.90	
CP051006.1 	70	4301632	4301549	Leu	CAG	0	0	61.3	34.40	26.90	
CP051006.1 	71	4010161	4010088	Thr	CGT	0	0	78.0	48.40	29.60	
CP051006.1 	72	3709707	3709626	Tyr	GTA	0	0	68.6	38.40	30.20	
CP051006.1 	73	3704900	3704828	Thr	GGT	0	0	73.3	44.30	29.00	
CP051006.1 	74	3704781	3704709	Met	CAT	0	0	66.7	41.00	25.70	
CP051006.1 	75	3693709	3693637	Trp	CCA	0	0	77.9	59.30	18.60	
CP051006.1 	76	3186653	3186580	fMet	CAT	0	0	74.7	50.10	24.60	
CP051006.1 	77	3184439	3184366	fMet	CAT	0	0	74.7	50.10	24.60	
CP051006.1 	78	2830184	2830113	Gln	CTG	0	0	53.4	21.10	32.30	
CP051006.1 	79	2830091	2830019	Glu	CTC	0	0	68.0	43.80	24.20	
CP051006.1 	80	2829989	2829917	Glu	CTC	0	0	69.3	46.10	23.20	
CP051006.1 	81	2829896	2829825	Gln	CTG	0	0	52.2	18.80	33.40	
CP051006.1 	82	2829795	2829723	Glu	CTC	0	0	69.3	46.10	23.20	
CP051006.1 	83	2636827	2636755	Thr	GGT	0	0	72.9	45.90	27.00	
CP051006.1 	84	1504931	1504844	Leu	GAG	0	0	61.6	34.90	26.70	
CP051006.1 	85	1275428	1275355	Pro	GGG	0	0	71.4	46.40	25.00	
CP051006.1 	86	1237020	1236947	Pro	GGG	0	0	71.4	46.40	25.00	
CP051006.1 	87	1218453	1218380	Pro	GGG	0	0	71.4	46.40	25.00	
CP051006.1 	88	431855 	431761 	Undet	NNN	0	0	44.8	21.90	22.90	
