Sequence   		tRNA   	Bounds 	tRNA	Anti	Intron Bounds	Inf	HMM	2'Str	      
Name       	tRNA #	Begin  	End    	Type	Codon	Begin	End	Score	Score	Score	Note
--------   	------	-----  	------ 	----	-----	-----	----	------	-----	-----	------
CP074102.1 	1	461257 	461343 	Ser	CGA	0	0	22.4	22.60	-0.20	
CP074102.1 	2	843893 	843968 	Gly	TCC	0	0	23.1	25.80	-2.70	
CP074102.1 	3	2546009	2546080	Arg	CCG	0	0	76.4	54.30	22.10	
CP074102.1 	4	2560228	2560328	Undet	NNN	0	0	18.9	23.50	-4.60	
CP074102.1 	5	3776758	3776831	Pro	CGG	0	0	73.0	48.50	24.50	
CP074102.1 	6	3917214	3917287	Gly	CCC	0	0	82.3	59.10	23.20	
CP074102.1 	7	3930278	3930358	Gly	CCC	0	0	21.2	22.60	-1.40	
CP074102.1 	8	3960823	3960903	Gly	CCC	0	0	27.0	37.00	-10.00	
CP074102.1 	9	4290293	4290377	Ser	GCT	0	0	65.4	42.80	22.60	
CP074102.1 	10	4335183	4335269	Ser	TGA	0	0	69.7	35.80	33.90	
CP074102.1 	11	4350685	4350775	Ser	GCT	0	0	72.0	49.40	22.60	
CP074102.1 	12	4350970	4351042	Arg	ACG	0	0	75.3	52.00	23.30	
CP074102.1 	13	4437955	4438027	Lys	TTT	0	0	78.8	56.60	22.20	
CP074102.1 	14	4440725	4440798	fMet	CAT	0	0	74.7	50.10	24.60	
CP074102.1 	15	4602937	4603013	Thr	TGT	0	0	83.1	61.50	21.60	
CP074102.1 	16	4939979	4940052	Ala	CGC	0	0	72.0	48.80	23.20	
CP074102.1 	17	5080452	5080534	Leu	TAA	0	0	46.8	13.00	33.80	
CP074102.1 	18	5617496	5617568	Arg	TCT	0	0	80.2	55.20	25.00	
CP074102.1 	19	5726293	5726369	Pro	TGG	0	0	81.7	58.60	23.10	
CP074102.1 	20	5803204	5803276	Ala	GGC	0	0	74.2	52.60	21.60	
CP074102.1 	21	5807668	5807740	Ala	GGC	0	0	74.2	52.60	21.60	
CP074102.1 	22	5981407	5981479	Asn	GTT	0	0	70.0	41.30	28.70	
CP074102.1 	23	5981485	5981557	Asn	GTT	0	0	70.1	37.70	32.40	
CP074102.1 	24	5981723	5981796	Ile2	CAT	0	0	87.5	67.80	19.70	
CP074102.1 	25	6122557	6122631	Val	TAC	0	0	84.9	62.90	22.00	
CP074102.1 	26	6625692	6625780	Undet	NNN	0	0	25.9	23.50	2.40	
CP074102.1 	27	6625806	6625949	Pro	GGG	0	0	19.5	18.70	0.80	
CP074102.1 	28	6741797	6741878	Ile	GAT	0	0	25.9	22.70	3.20	
CP074102.1 	29	6741885	6742117	Undet	NNN	0	0	20.6	19.40	1.20	
CP074102.1 	30	7286599	7286673	Val	CAC	0	0	78.8	49.90	28.90	
CP074102.1 	31	7297211	7297282	Val	CAC	0	0	74.1	45.20	28.90	
CP074102.1 	32	7875648	7875710	Ser	CGA	0	0	23.8	16.60	7.20	
CP074102.1 	33	8734533	8734606	fMet	CAT	0	0	74.7	50.10	24.60	
CP074102.1 	34	7420056	7419980	Ser	CGA	0	0	17.1	13.80	3.30	
CP074102.1 	35	7279839	7279767	Gly	GCC	0	0	78.8	51.20	27.60	
CP074102.1 	36	7279727	7279654	Cys	GCA	0	0	75.4	49.70	25.70	
CP074102.1 	37	7279652	7279581	Val	GAC	0	0	72.0	44.10	27.90	
CP074102.1 	38	7279546	7279475	Val	GAC	0	0	71.9	43.50	28.40	
CP074102.1 	39	7279436	7279362	Val	GAC	0	0	78.7	50.30	28.40	
CP074102.1 	40	7066315	7066231	Leu	GAG	0	0	54.7	28.00	26.70	
CP074102.1 	41	6586616	6586534	Leu	CAA	0	0	67.1	35.00	32.10	
CP074102.1 	42	5726140	5726067	Gly	TCC	0	0	84.3	62.20	22.10	
CP074102.1 	43	5489254	5489182	His	GTG	0	0	66.0	46.60	19.40	
CP074102.1 	44	5465248	5465175	Lys	CTT	0	0	79.1	49.30	29.80	
CP074102.1 	45	5450557	5450484	Lys	CTT	0	0	79.1	49.30	29.80	
CP074102.1 	46	5428690	5428617	Lys	CTT	0	0	79.1	49.30	29.80	
CP074102.1 	47	5341431	5341348	Leu	TAG	0	0	56.7	36.60	20.10	
CP074102.1 	48	5301620	5301549	Cys	GCA	0	0	69.3	41.50	27.80	
CP074102.1 	49	5014415	5014344	Gln	TTG	0	0	49.6	20.70	28.90	
CP074102.1 	50	4889275	4889203	Arg	CCT	0	0	71.1	53.90	17.20	
CP074102.1 	51	4881740	4881664	Undet	NNN	0	0	24.8	20.60	4.20	
CP074102.1 	52	4856667	4856575	Ser	CGA	4856616	4856610	19.4	28.60	-9.20	
CP074102.1 	53	4854657	4854597	Leu	CAA	0	0	23.6	13.30	10.30	
CP074102.1 	54	4427707	4427635	Glu	TTC	0	0	68.3	46.00	22.30	
CP074102.1 	55	4427587	4427513	Asp	GTC	0	0	70.3	42.50	27.80	
CP074102.1 	56	4427488	4427415	Phe	GAA	0	0	77.5	51.00	26.50	
CP074102.1 	57	4421054	4420980	Asp	GTC	0	0	70.3	42.50	27.80	
CP074102.1 	58	4406665	4406594	Gly	TCC	0	0	51.5	28.20	23.30	
CP074102.1 	59	4406514	4406439	Gly	GCC	0	0	86.5	61.00	25.50	
CP074102.1 	60	4402488	4402416	Gly	GCC	0	0	78.8	51.20	27.60	
CP074102.1 	61	4393483	4393396	Ser	GGA	0	0	75.8	42.30	33.50	
CP074102.1 	62	4375316	4375232	Ser	CGA	0	0	67.3	31.80	35.50	
CP074102.1 	63	4197222	4197146	Ile	GAT	0	0	91.7	66.60	25.10	
CP074102.1 	64	4191974	4191902	Ala	TGC	0	0	70.4	50.40	20.00	
CP074102.1 	65	4173664	4173578	Leu	CAG	0	0	68.4	41.30	27.10	
CP074102.1 	66	3720653	3720580	Thr	CGT	0	0	78.5	49.10	29.40	
CP074102.1 	67	3389988	3389907	Tyr	GTA	0	0	68.6	38.40	30.20	
CP074102.1 	68	3386820	3386746	Arg	GCG	0	0	13.5	4.80	8.70	
CP074102.1 	69	3382554	3382482	Thr	GGT	0	0	71.5	38.40	33.10	
CP074102.1 	70	3382435	3382363	Met	CAT	0	0	66.7	41.00	25.70	
CP074102.1 	71	3372422	3372350	Trp	CCA	0	0	76.7	56.90	19.80	
CP074102.1 	72	2701898	2701825	fMet	CAT	0	0	74.7	50.10	24.60	
CP074102.1 	73	2699189	2699116	fMet	CAT	0	0	74.7	50.10	24.60	
CP074102.1 	74	2252608	2252537	Gln	CTG	0	0	49.7	25.90	23.80	
CP074102.1 	75	2252494	2252422	Glu	CTC	0	0	65.5	41.30	24.20	
CP074102.1 	76	2252359	2252287	Glu	CTC	0	0	69.3	46.10	23.20	
CP074102.1 	77	2252265	2252194	Gln	CTG	0	0	50.7	26.80	23.90	
CP074102.1 	78	2252173	2252101	Glu	CTC	0	0	69.3	46.10	23.20	
CP074102.1 	79	2009885	2009810	Thr	GGT	0	0	77.2	45.30	31.90	
CP074102.1 	80	1325568	1325444	Thr	CGT	0	0	27.4	30.60	-3.20	
CP074102.1 	81	575727 	575643 	Leu	GAG	0	0	54.7	28.00	26.70	
CP074102.1 	82	527288 	527216 	Arg	CCT	0	0	28.9	17.00	11.90	
CP074102.1 	83	266760 	266689 	Ala	GGC	0	0	60.4	37.80	22.60	
CP074102.1 	84	266657 	266586 	Glu	CTC	0	0	63.1	37.80	25.30	
CP074102.1 	85	264014 	263938 	Trp	CCA	0	0	53.6	41.90	11.70	
CP074102.1 	86	159078 	159002 	Pro	GGG	0	0	78.3	53.30	25.00	
CP074102.1 	87	122778 	122705 	Pro	GGG	0	0	71.4	46.40	25.00	
CP074102.1 	88	98375  	98302  	Pro	GGG	0	0	71.4	46.40	25.00	
