Sequence   		tRNA    	Bounds  	tRNA	Anti	Intron Bounds	Inf	HMM	2'Str	      
Name       	tRNA #	Begin   	End     	Type	Codon	Begin	End	Score	Score	Score	Note
--------   	------	-----   	------  	----	-----	-----	----	------	-----	-----	------
FN554889.1 	1	342062  	342139  	fMet	CAT	0	0	80.1	55.50	24.60	
FN554889.1 	2	2403318 	2403403 	Arg	TCT	0	0	48.8	42.20	6.60	
FN554889.1 	3	3305022 	3305096 	Arg	CCG	0	0	83.3	61.10	22.20	
FN554889.1 	4	3350605 	3350669 	Arg	CCG	0	0	17.6	11.60	6.00	
FN554889.1 	5	4672679 	4672752 	Pro	CGG	0	0	73.0	48.50	24.50	
FN554889.1 	6	4813361 	4813431 	Gly	CCC	0	0	75.8	52.60	23.20	
FN554889.1 	7	4818053 	4818125 	Gly	CCC	0	0	23.1	24.60	-1.50	
FN554889.1 	8	4821454 	4821577 	Undet	NNN	0	0	24.5	19.50	5.00	
FN554889.1 	9	5219468 	5219551 	Ser	GCT	0	0	62.4	43.70	18.70	
FN554889.1 	10	5254685 	5254769 	Ser	TGA	0	0	70.0	36.20	33.80	
FN554889.1 	11	5268902 	5268990 	Ser	TGA	0	0	16.5	11.20	5.30	
FN554889.1 	12	5270778 	5270862 	Undet	NNN	0	0	13.2	14.50	-1.30	
FN554889.1 	13	5286031 	5286121 	Ser	GCT	0	0	69.9	47.00	22.90	
FN554889.1 	14	5286320 	5286392 	Arg	ACG	0	0	75.3	52.00	23.30	
FN554889.1 	15	5383545 	5383617 	Lys	TTT	0	0	79.1	57.10	22.00	
FN554889.1 	16	5425534 	5425602 	Lys	TTT	0	0	14.6	22.30	-7.70	
FN554889.1 	17	5590479 	5590552 	Thr	TGT	0	0	77.7	52.60	25.10	
FN554889.1 	18	5905997 	5906070 	Ala	CGC	0	0	69.0	41.50	27.50	
FN554889.1 	19	6060984 	6061066 	Leu	TAA	0	0	46.8	13.00	33.80	
FN554889.1 	20	6671741 	6671817 	Pro	TGG	0	0	81.7	58.60	23.10	
FN554889.1 	21	6722857 	6722929 	Ala	GGC	0	0	74.2	52.60	21.60	
FN554889.1 	22	6723802 	6723874 	Ala	GGC	0	0	74.2	52.60	21.60	
FN554889.1 	23	6761625 	6761697 	Ile	TAT	0	0	59.4	39.00	20.40	
FN554889.1 	24	6929739 	6929811 	Asn	GTT	0	0	70.0	41.30	28.70	
FN554889.1 	25	6929818 	6929890 	Asn	GTT	0	0	67.5	36.60	30.90	
FN554889.1 	26	6930066 	6930139 	Ile2	CAT	0	0	87.5	67.80	19.70	
FN554889.1 	27	6934810 	6934884 	Met	CAT	0	0	26.2	24.20	2.00	
FN554889.1 	28	7146392 	7146463 	Val	TAC	0	0	71.9	54.10	17.80	
FN554889.1 	29	7782180 	7782258 	Ile	GAT	0	0	34.2	29.40	4.80	
FN554889.1 	30	7782263 	7782462 	Undet	NNN	0	0	27.7	22.60	5.10	
FN554889.1 	31	8252086 	8252157 	Val	CAC	0	0	74.1	45.20	28.90	
FN554889.1 	32	8262609 	8262680 	Val	CAC	0	0	74.1	45.20	28.90	
FN554889.1 	33	8245355 	8245283 	Gly	GCC	0	0	78.8	51.20	27.60	
FN554889.1 	34	8245243 	8245170 	Cys	GCA	0	0	75.4	49.70	25.70	
FN554889.1 	35	8245168 	8245097 	Val	GAC	0	0	72.0	44.10	27.90	
FN554889.1 	36	8245056 	8244985 	Val	GAC	0	0	71.9	43.50	28.40	
FN554889.1 	37	8244950 	8244879 	Val	GAC	0	0	72.0	44.10	27.90	
FN554889.1 	38	8074017 	8073933 	Leu	GAG	0	0	54.7	28.00	26.70	
FN554889.1 	39	7627665 	7627583 	Leu	CAA	0	0	61.7	31.10	30.60	
FN554889.1 	40	6671563 	6671490 	Gly	TCC	0	0	84.3	62.20	22.10	
FN554889.1 	41	6590608 	6590536 	Arg	TCT	0	0	80.2	55.20	25.00	
FN554889.1 	42	6435007 	6434935 	His	GTG	0	0	67.8	48.50	19.30	
FN554889.1 	43	6405167 	6405094 	Lys	CTT	0	0	79.1	49.30	29.80	
FN554889.1 	44	6393563 	6393490 	Lys	CTT	0	0	79.1	49.30	29.80	
FN554889.1 	45	6382158 	6382082 	Lys	CTT	0	0	85.9	56.10	29.80	
FN554889.1 	46	6324199 	6324116 	Leu	TAG	0	0	60.7	32.20	28.50	
FN554889.1 	47	6273541 	6273470 	Cys	GCA	0	0	67.8	42.30	25.50	
FN554889.1 	48	6015796 	6015725 	Gln	TTG	0	0	51.1	23.90	27.20	
FN554889.1 	49	5862043 	5861971 	Arg	CCT	0	0	71.1	53.90	17.20	
FN554889.1 	50	5843819 	5843747 	Undet	NNN	0	0	12.9	13.90	-1.00	
FN554889.1 	51	5462812 	5462739 	fMet	CAT	0	0	74.7	50.10	24.60	
FN554889.1 	52	5376091 	5376019 	Glu	TTC	0	0	68.3	46.00	22.30	
FN554889.1 	53	5375981 	5375907 	Asp	GTC	0	0	70.3	42.50	27.80	
FN554889.1 	54	5375882 	5375809 	Phe	GAA	0	0	77.5	51.00	26.50	
FN554889.1 	55	5369901 	5369827 	Asp	GTC	0	0	70.3	42.50	27.80	
FN554889.1 	56	5355863 	5355792 	Gly	TCC	0	0	52.8	29.60	23.20	
FN554889.1 	57	5355711 	5355639 	Gly	GCC	0	0	78.8	51.20	27.60	
FN554889.1 	58	5351540 	5351468 	Gly	GCC	0	0	78.8	51.20	27.60	
FN554889.1 	59	5341838 	5341751 	Ser	GGA	0	0	75.8	42.30	33.50	
FN554889.1 	60	5307812 	5307728 	Ser	CGA	0	0	67.3	31.80	35.50	
FN554889.1 	61	5128665 	5128589 	Ile	GAT	0	0	91.7	66.60	25.10	
FN554889.1 	62	5122465 	5122393 	Ala	TGC	0	0	70.4	50.40	20.00	
FN554889.1 	63	5101925 	5101842 	Leu	CAG	0	0	61.5	34.50	27.00	
FN554889.1 	64	4591355 	4591279 	Thr	CGT	0	0	85.3	56.00	29.30	
FN554889.1 	65	4581467 	4581328 	Undet	NNN	0	0	20.4	21.70	-1.30	
FN554889.1 	66	4570164 	4570088 	Undet	NNN	0	0	22.6	20.70	1.90	
FN554889.1 	67	4554625 	4554555 	Cys	GCA	0	0	69.8	43.70	26.10	
FN554889.1 	68	4209549 	4209468 	Tyr	GTA	0	0	65.4	40.10	25.30	
FN554889.1 	69	4205613 	4205541 	Thr	GGT	0	0	70.2	37.00	33.20	
FN554889.1 	70	4205494 	4205422 	Met	CAT	0	0	66.7	41.00	25.70	
FN554889.1 	71	4200346 	4200274 	Trp	CCA	0	0	76.7	56.90	19.80	
FN554889.1 	72	3462326 	3462253 	fMet	CAT	0	0	74.7	50.10	24.60	
FN554889.1 	73	3460006 	3459933 	fMet	CAT	0	0	74.7	50.10	24.60	
FN554889.1 	74	3032617 	3032546 	Gln	CTG	0	0	53.4	21.10	32.30	
FN554889.1 	75	3032503 	3032431 	Glu	CTC	0	0	68.0	43.80	24.20	
FN554889.1 	76	3032368 	3032296 	Glu	CTC	0	0	69.3	46.10	23.20	
FN554889.1 	77	3032274 	3032203 	Gln	CTG	0	0	45.8	11.70	34.10	
FN554889.1 	78	3032156 	3032084 	Glu	CTC	0	0	69.3	46.10	23.20	
FN554889.1 	79	2854676 	2854604 	Thr	GGT	0	0	72.9	45.90	27.00	
FN554889.1 	80	1861852 	1861768 	Leu	GAG	0	0	54.7	28.00	26.70	
FN554889.1 	81	1507875 	1507803 	Trp	CCA	0	0	70.4	49.50	20.90	
FN554889.1 	82	1422671 	1422598 	Pro	GGG	0	0	71.4	46.40	25.00	
FN554889.1 	83	1398409 	1398336 	Pro	GGG	0	0	71.4	46.40	25.00	
FN554889.1 	84	1381325 	1381252 	Pro	GGG	0	0	71.4	46.40	25.00	
FN554889.1 	85	1144029 	1143956 	Trp	CCA	0	0	79.9	60.40	19.50	
FN554889.1 	86	31521   	31448   	fMet	CAT	0	0	74.7	50.10	24.60	
