Sequence   		tRNA  	Bounds	tRNA	Anti	Intron Bounds	Inf	HMM	2'Str	      
Name       	tRNA #	Begin 	End   	Type	Codon	Begin	End	Score	Score	Score	Note
--------   	------	----- 	------	----	-----	-----	----	------	-----	-----	------
KM652554.1 	1	72897 	72967 	Gly	TCC	0	0	73.1	55.30	17.80	
KM652554.1 	2	73098 	73169 	Gln	CTG	0	0	43.1	18.50	24.60	
KM652554.1 	3	73377 	73447 	Trp	CCA	0	0	48.8	17.00	31.80	
KM652554.1 	4	74305 	74376 	Pro	TGG	0	0	38.9	11.70	27.20	
KM652554.1 	5	74381 	74455 	Pro	TGG	0	0	75.1	47.00	28.10	
KM652554.1 	6	75237 	75313 	Undet	NNN	0	0	17.0	9.30	7.70	
KM652554.1 	7	77444 	77517 	Ile	TAT	0	0	55.1	27.30	27.80	
KM652554.1 	8	78355 	78440 	Undet	NNN	0	0	34.4	17.50	16.90	
KM652554.1 	9	81511 	81586 	Asp	GTC	0	0	64.0	48.90	15.10	
KM652554.1 	10	82125 	82195 	Asp	GTC	0	0	53.5	31.00	22.50	
KM652554.1 	11	86672 	86742 	Glu	CTC	0	0	54.4	22.40	32.00	
KM652554.1 	12	86992 	87066 	Glu	TTC	0	0	59.9	35.80	24.10	
KM652554.1 	13	87323 	87393 	Val	TAC	0	0	64.1	44.20	19.90	
KM652554.1 	14	87588 	87662 	Leu	TAG	0	0	47.3	19.20	28.10	
KM652554.1 	15	87822 	87895 	Leu	TAG	0	0	54.6	38.10	16.50	
KM652554.1 	16	87949 	88074 	Undet	NNN	0	0	22.5	12.20	10.30	
KM652554.1 	17	88218 	88288 	Gly	GCC	0	0	61.3	32.80	28.50	
KM652554.1 	18	88366 	88438 	Arg	TCT	0	0	60.6	37.00	23.60	
KM652554.1 	19	89222 	89293 	Ala	TGC	0	0	55.9	37.00	18.90	
KM652554.1 	20	89455 	89528 	Lys	CTT	0	0	58.9	25.60	33.30	
KM652554.1 	21	90385 	90460 	Asn	GTT	0	0	34.4	12.90	21.50	
KM652554.1 	22	91216 	91288 	Asn	GTT	0	0	64.8	39.10	25.70	
KM652554.1 	23	91987 	92058 	Arg	CCT	0	0	58.6	27.20	31.40	
KM652554.1 	24	92308 	92382 	Ile	GAT	0	0	68.4	46.80	21.60	
KM652554.1 	25	92456 	92528 	Ala	GGC	0	0	62.7	39.90	22.80	
KM652554.1 	26	92726 	92798 	Lys	CTT	0	0	65.5	42.50	23.00	
KM652554.1 	27	92923 	92997 	Lys	TTT	0	0	57.6	39.40	18.20	
KM652554.1 	28	93002 	93074 	Arg	TCG	0	0	51.2	32.40	18.80	
KM652554.1 	29	94358 	94439 	Met	CAT	0	0	33.2	15.60	17.60	
KM652554.1 	30	95146 	95227 	Tyr	GTA	0	0	44.3	21.40	22.90	
KM652554.1 	31	95284 	95355 	Tyr	GTA	0	0	27.0	12.10	14.90	
KM652554.1 	32	95553 	95627 	His	GTG	0	0	55.8	45.90	9.90	
KM652554.1 	33	95699 	95770 	Phe	GAA	0	0	52.1	39.50	12.60	
KM652554.1 	34	96453 	96527 	Thr	TGT	0	0	68.6	39.20	29.40	
KM652554.1 	35	96621 	96693 	Thr	GGT	0	0	43.7	20.30	23.40	
KM652554.1 	36	96823 	96895 	Arg	ACG	0	0	42.3	13.90	28.40	
KM652554.1 	37	98088 	98230 	Undet	NNN	0	0	18.8	28.10	-9.30	
KM652554.1 	38	100282	100355	Ala	GGC	0	0	34.9	13.30	21.60	
KM652554.1 	39	100926	101062	Undet	NNN	0	0	29.2	14.80	14.40	
KM652554.1 	40	105356	105437	Leu	GAG	0	0	49.8	25.50	24.30	
KM652554.1 	41	105876	105946	Val	GAC	0	0	54.3	32.50	21.80	
KM652554.1 	42	106382	106457	Leu	CAA	0	0	56.8	29.80	27.00	
KM652554.1 	43	106691	106775	Ser	GCT	0	0	21.6	15.10	6.50	
KM652554.1 	44	116419	116491	Gln	TTG	0	0	50.8	30.60	20.20	
KM652554.1 	45	16941 	16871 	Thr	CGT	0	0	58.6	29.90	28.70	
