Sequence   		tRNA  	Bounds	tRNA	Anti	Intron Bounds	Inf	HMM	2'Str	      
Name       	tRNA #	Begin 	End   	Type	Codon	Begin	End	Score	Score	Score	Note
--------   	------	----- 	------	----	-----	-----	----	------	-----	-----	------
MF155946.1 	1	71525 	71595 	Gly	TCC	0	0	64.5	44.00	20.50	
MF155946.1 	2	71730 	71801 	Gln	CTG	0	0	44.8	20.10	24.70	
MF155946.1 	3	72009 	72079 	Trp	CCA	0	0	45.0	10.90	34.10	
MF155946.1 	4	72723 	72794 	Pro	TGG	0	0	38.9	9.80	29.10	
MF155946.1 	5	72930 	73004 	Pro	TGG	0	0	74.2	46.10	28.10	
MF155946.1 	6	73703 	73779 	Undet	NNN	0	0	17.0	8.30	8.70	
MF155946.1 	7	75913 	75985 	Ile	TAT	0	0	54.9	37.30	17.60	
MF155946.1 	8	76879 	76964 	Undet	NNN	0	0	43.1	20.10	23.00	
MF155946.1 	9	78881 	78956 	Asp	GTC	0	0	64.0	48.90	15.10	
MF155946.1 	10	79822 	79892 	Asp	GTC	0	0	52.8	22.60	30.20	
MF155946.1 	11	79899 	79971 	Ser	TGA	0	0	23.9	19.90	4.00	
MF155946.1 	12	84530 	84605 	Glu	CTC	0	0	66.8	43.90	22.90	
MF155946.1 	13	84653 	84727 	Glu	TTC	0	0	58.1	34.60	23.50	
MF155946.1 	14	84807 	84879 	Val	TAC	0	0	50.0	32.90	17.10	
MF155946.1 	15	85156 	85230 	Leu	TAG	0	0	45.3	17.50	27.80	
MF155946.1 	16	85837 	85918 	Leu	TAG	0	0	58.7	36.30	22.40	
MF155946.1 	17	85973 	86079 	Tyr	GTA	0	0	27.4	8.20	19.20	
MF155946.1 	18	86225 	86296 	Phe	GAA	0	0	29.8	12.10	17.70	
MF155946.1 	19	86303 	86373 	Gly	GCC	0	0	63.4	33.20	30.20	
MF155946.1 	20	86379 	86453 	Undet	NNN	0	0	28.8	21.70	7.10	
MF155946.1 	21	87077 	87148 	Ala	TGC	0	0	53.3	39.30	14.00	
MF155946.1 	22	87307 	87381 	Lys	CTT	0	0	55.9	28.50	27.40	
MF155946.1 	23	88535 	88611 	Asn	GTT	0	0	43.8	20.30	23.50	
MF155946.1 	24	89144 	89216 	Asn	GTT	0	0	59.6	38.10	21.50	
MF155946.1 	25	89973 	90044 	Arg	CCT	0	0	59.7	31.80	27.90	
MF155946.1 	26	90283 	90357 	Ile	GAT	0	0	68.4	46.80	21.60	
MF155946.1 	27	90362 	90433 	Ala	GGC	0	0	61.3	38.50	22.80	
MF155946.1 	28	90603 	90675 	Lys	CTT	0	0	65.5	42.50	23.00	
MF155946.1 	29	90803 	90877 	Lys	TTT	0	0	57.5	40.10	17.40	
MF155946.1 	30	91367 	91442 	Phe	GAA	91403	91406	26.0	13.50	12.50	
MF155946.1 	31	92544 	92615 	Met	CAT	0	0	56.8	30.50	26.30	
MF155946.1 	32	92619 	92689 	Met	CAT	0	0	29.4	6.70	22.70	
MF155946.1 	33	93079 	93160 	Tyr	GTA	0	0	48.2	22.00	26.20	
MF155946.1 	34	93217 	93288 	Tyr	GTA	0	0	27.0	12.10	14.90	
MF155946.1 	35	93487 	93561 	His	GTG	0	0	55.8	45.90	9.90	
MF155946.1 	36	93744 	93815 	Phe	GAA	0	0	56.1	43.50	12.60	
MF155946.1 	37	94497 	94571 	Thr	TGT	0	0	68.6	39.00	29.60	
MF155946.1 	38	94665 	94737 	Thr	GGT	0	0	62.0	38.00	24.00	
MF155946.1 	39	96215 	96352 	Undet	NNN	0	0	18.4	23.50	-5.10	
MF155946.1 	40	97925 	97997 	Undet	NNN	0	0	40.1	18.10	22.00	
MF155946.1 	41	102844	102925	Leu	GAG	0	0	54.1	24.80	29.30	
MF155946.1 	42	103328	103398	Val	GAC	0	0	58.1	35.40	22.70	
MF155946.1 	43	103870	103943	Leu	CAA	0	0	59.1	31.30	27.80	
MF155946.1 	44	104174	104256	Ser	GCT	0	0	30.1	14.20	15.90	
MF155946.1 	45	114821	114900	Gln	TTG	0	0	55.5	35.00	20.50	
MF155946.1 	46	15558 	15487 	Thr	CGT	0	0	50.2	20.10	30.10	
