Sequence   		tRNA  	Bounds	tRNA	Anti	Intron Bounds	Inf	HMM	2'Str	      
Name       	tRNA #	Begin 	End   	Type	Codon	Begin	End	Score	Score	Score	Note
--------   	------	----- 	------	----	-----	-----	----	------	-----	-----	------
MF347639.1 	1	73311 	73381 	Gly	TCC	0	0	67.0	49.70	17.30	
MF347639.1 	2	73514 	73587 	Gln	CTG	0	0	41.4	20.00	21.40	
MF347639.1 	3	73716 	73786 	Trp	CCA	0	0	54.5	27.40	27.10	
MF347639.1 	4	74662 	74735 	Pro	TGG	0	0	37.4	10.00	27.40	
MF347639.1 	5	74739 	74813 	Pro	TGG	0	0	74.2	46.10	28.10	
MF347639.1 	6	75597 	75673 	Undet	NNN	0	0	17.0	9.30	7.70	
MF347639.1 	7	77812 	77885 	Ile	TAT	0	0	55.1	27.30	27.80	
MF347639.1 	8	78732 	78817 	Undet	NNN	0	0	25.7	13.10	12.60	
MF347639.1 	9	81923 	81998 	Asp	GTC	0	0	65.9	50.80	15.10	
MF347639.1 	10	82363 	82433 	Asp	GTC	0	0	53.1	29.10	24.00	
MF347639.1 	11	87270 	87340 	Glu	CTC	0	0	54.4	22.40	32.00	
MF347639.1 	12	87598 	87671 	Glu	TTC	0	0	63.3	41.10	22.20	
MF347639.1 	13	87684 	87754 	Val	TAC	0	0	62.5	42.00	20.50	
MF347639.1 	14	87909 	87983 	Leu	TAG	0	0	45.3	17.50	27.80	
MF347639.1 	15	88123 	88196 	Leu	TAG	0	0	56.8	39.10	17.70	
MF347639.1 	16	88250 	88376 	Undet	NNN	0	0	24.4	13.70	10.70	
MF347639.1 	17	88520 	88590 	Gly	GCC	0	0	57.8	29.30	28.50	
MF347639.1 	18	88606 	88691 	Undet	NNN	0	0	20.7	11.70	9.00	
MF347639.1 	19	88698 	88770 	Arg	TCT	0	0	63.8	40.80	23.00	
MF347639.1 	20	89391 	89462 	Ala	TGC	0	0	53.3	39.30	14.00	
MF347639.1 	21	89630 	89703 	Lys	CTT	0	0	58.9	25.60	33.30	
MF347639.1 	22	90562 	90637 	Asn	GTT	0	0	34.4	12.90	21.50	
MF347639.1 	23	91390 	91461 	Asn	GTT	0	0	67.9	41.50	26.40	
MF347639.1 	24	93121 	93192 	Arg	CCT	0	0	58.6	27.20	31.40	
MF347639.1 	25	93438 	93512 	Ile	GAT	0	0	68.4	46.80	21.60	
MF347639.1 	26	93517 	93588 	Ala	GGC	0	0	61.0	40.90	20.10	
MF347639.1 	27	93808 	93880 	Lys	CTT	0	0	64.6	33.60	31.00	
MF347639.1 	28	94000 	94074 	Lys	TTT	0	0	57.5	40.10	17.40	
MF347639.1 	29	94079 	94151 	Arg	TCG	0	0	51.6	32.90	18.70	
MF347639.1 	30	95410 	95481 	Met	CAT	0	0	56.8	30.50	26.30	
MF347639.1 	31	95485 	95555 	Met	CAT	0	0	32.4	11.50	20.90	
MF347639.1 	32	96182 	96263 	Tyr	GTA	0	0	48.5	22.50	26.00	
MF347639.1 	33	96320 	96391 	Tyr	GTA	0	0	27.0	12.10	14.90	
MF347639.1 	34	96394 	96465 	His	GTG	0	0	43.2	19.20	24.00	
MF347639.1 	35	96534 	96605 	Phe	GAA	0	0	56.1	43.50	12.60	
MF347639.1 	36	97314 	97388 	Thr	TGT	0	0	68.6	39.20	29.40	
MF347639.1 	37	97481 	97553 	Thr	GGT	0	0	50.7	18.80	31.90	
MF347639.1 	38	97723 	97795 	Arg	ACG	0	0	42.5	14.00	28.50	
MF347639.1 	39	98775 	98912 	Undet	NNN	0	0	17.2	23.50	-6.30	
MF347639.1 	40	101009	101083	Undet	NNN	0	0	33.1	12.50	20.60	
MF347639.1 	41	101645	101778	Undet	NNN	0	0	30.7	17.00	13.70	
MF347639.1 	42	106391	106472	Leu	GAG	0	0	56.7	27.50	29.20	
MF347639.1 	43	106910	106980	Val	GAC	0	0	56.5	34.80	21.70	
MF347639.1 	44	107406	107481	Leu	CAA	0	0	55.4	32.60	22.80	
MF347639.1 	45	107715	107799	Ser	GCT	0	0	22.5	16.00	6.50	
MF347639.1 	46	117530	117609	Gln	TTG	0	0	55.7	38.20	17.50	
MF347639.1 	47	17355 	17284 	Thr	CGT	0	0	47.3	19.80	27.50	
