Sequence   		tRNA  	Bounds	tRNA	Anti	Intron Bounds	Inf	HMM	2'Str	      
Name       	tRNA #	Begin 	End   	Type	Codon	Begin	End	Score	Score	Score	Note
--------   	------	----- 	------	----	-----	-----	----	------	-----	-----	------
MF347638.1 	1	71869 	71939 	Gly	TCC	0	0	73.1	55.30	17.80	
MF347638.1 	2	72058 	72129 	Gln	CTG	0	0	44.4	20.50	23.90	
MF347638.1 	3	72338 	72408 	Trp	CCA	0	0	48.8	17.00	31.80	
MF347638.1 	4	73283 	73356 	Pro	TGG	0	0	37.4	10.00	27.40	
MF347638.1 	5	73360 	73434 	Pro	TGG	0	0	74.2	46.10	28.10	
MF347638.1 	6	74218 	74294 	Undet	NNN	0	0	17.0	9.30	7.70	
MF347638.1 	7	76433 	76506 	Ile	TAT	0	0	55.1	27.30	27.80	
MF347638.1 	8	77353 	77438 	Undet	NNN	0	0	25.7	13.10	12.60	
MF347638.1 	9	80544 	80619 	Asp	GTC	0	0	64.0	48.90	15.10	
MF347638.1 	10	80984 	81054 	Asp	GTC	0	0	53.1	29.10	24.00	
MF347638.1 	11	85888 	85958 	Glu	CTC	0	0	54.4	22.40	32.00	
MF347638.1 	12	86216 	86289 	Glu	TTC	0	0	63.3	41.10	22.20	
MF347638.1 	13	86302 	86372 	Val	TAC	0	0	62.5	42.00	20.50	
MF347638.1 	14	86527 	86601 	Leu	TAG	0	0	45.3	17.50	27.80	
MF347638.1 	15	86741 	86814 	Leu	TAG	0	0	57.9	40.20	17.70	
MF347638.1 	16	86868 	86992 	Undet	NNN	0	0	23.8	11.50	12.30	
MF347638.1 	17	87136 	87206 	Gly	GCC	0	0	57.8	29.30	28.50	
MF347638.1 	18	87222 	87307 	Undet	NNN	0	0	20.7	11.70	9.00	
MF347638.1 	19	87314 	87386 	Arg	TCT	0	0	63.8	40.80	23.00	
MF347638.1 	20	88007 	88078 	Ala	TGC	0	0	53.3	39.30	14.00	
MF347638.1 	21	88246 	88319 	Lys	CTT	0	0	58.9	25.60	33.30	
MF347638.1 	22	89178 	89253 	Asn	GTT	0	0	34.4	12.90	21.50	
MF347638.1 	23	90006 	90077 	Asn	GTT	0	0	67.9	41.50	26.40	
MF347638.1 	24	91737 	91808 	Arg	CCT	0	0	58.6	27.20	31.40	
MF347638.1 	25	92054 	92128 	Ile	GAT	0	0	68.4	46.80	21.60	
MF347638.1 	26	92133 	92204 	Ala	GGC	0	0	61.0	40.90	20.10	
MF347638.1 	27	92424 	92496 	Lys	CTT	0	0	64.6	33.60	31.00	
MF347638.1 	28	92616 	92690 	Lys	TTT	0	0	57.5	40.10	17.40	
MF347638.1 	29	92695 	92767 	Arg	TCG	0	0	51.6	32.90	18.70	
MF347638.1 	30	94026 	94097 	Met	CAT	0	0	56.8	30.50	26.30	
MF347638.1 	31	94101 	94171 	Met	CAT	0	0	32.4	11.50	20.90	
MF347638.1 	32	94798 	94879 	Tyr	GTA	0	0	41.5	23.00	18.50	
MF347638.1 	33	94936 	95007 	Tyr	GTA	0	0	27.0	12.10	14.90	
MF347638.1 	34	95010 	95081 	His	GTG	0	0	43.2	19.20	24.00	
MF347638.1 	35	95150 	95221 	Phe	GAA	0	0	56.1	43.50	12.60	
MF347638.1 	36	95930 	96004 	Thr	TGT	0	0	68.6	39.20	29.40	
MF347638.1 	37	96097 	96169 	Thr	GGT	0	0	50.7	18.80	31.90	
MF347638.1 	38	96339 	96411 	Arg	ACG	0	0	42.3	13.90	28.40	
MF347638.1 	39	97391 	97528 	Undet	NNN	0	0	17.2	23.50	-6.30	
MF347638.1 	40	99595 	99669 	Ala	GGC	0	0	35.3	13.60	21.70	
MF347638.1 	41	100231	100364	Undet	NNN	0	0	30.7	17.00	13.70	
MF347638.1 	42	104809	104890	Leu	GAG	0	0	56.7	27.50	29.20	
MF347638.1 	43	105328	105398	Val	GAC	0	0	56.5	34.80	21.70	
MF347638.1 	44	105825	105900	Leu	CAA	0	0	55.4	32.60	22.80	
MF347638.1 	45	106134	106218	Ser	GCT	0	0	22.5	16.00	6.50	
MF347638.1 	46	116332	116411	Gln	TTG	0	0	55.7	38.20	17.50	
MF347638.1 	47	16585 	16514 	Thr	CGT	0	0	43.2	18.80	24.40	
