Sequence   		tRNA  	Bounds	tRNA	Anti	Intron Bounds	Inf	HMM	2'Str	      
Name       	tRNA #	Begin 	End   	Type	Codon	Begin	End	Score	Score	Score	Note
--------   	------	----- 	------	----	-----	-----	----	------	-----	-----	------
MF347636.1 	1	71446 	71516 	Gly	TCC	0	0	73.1	55.30	17.80	
MF347636.1 	2	71639 	71712 	Gln	CTG	0	0	41.4	20.00	21.40	
MF347636.1 	3	71801 	71873 	Trp	CCA	0	0	45.9	31.30	14.60	
MF347636.1 	4	72744 	72815 	Pro	TGG	0	0	38.9	9.80	29.10	
MF347636.1 	5	72820 	72894 	Pro	TGG	0	0	74.2	46.10	28.10	
MF347636.1 	6	73678 	73754 	Undet	NNN	0	0	17.0	9.30	7.70	
MF347636.1 	7	75889 	75962 	Ile	TAT	0	0	55.1	27.30	27.80	
MF347636.1 	8	76809 	76894 	Ser	TGA	0	0	40.4	25.10	15.30	
MF347636.1 	9	78270 	78345 	Asp	GTC	0	0	64.0	48.90	15.10	
MF347636.1 	10	78786 	78856 	Asp	GTC	0	0	53.5	31.00	22.50	
MF347636.1 	11	83499 	83569 	Glu	CTC	0	0	51.9	17.70	34.20	
MF347636.1 	12	83824 	83897 	Glu	TTC	0	0	63.3	41.10	22.20	
MF347636.1 	13	84157 	84227 	Val	TAC	0	0	64.0	45.00	19.00	
MF347636.1 	14	84490 	84564 	Leu	TAG	0	0	45.3	17.50	27.80	
MF347636.1 	15	84704 	84777 	Leu	TAG	0	0	56.8	39.10	17.70	
MF347636.1 	16	84832 	84957 	Undet	NNN	0	0	25.8	13.90	11.90	
MF347636.1 	17	85102 	85172 	Gly	GCC	0	0	62.5	35.10	27.40	
MF347636.1 	18	85314 	85386 	Arg	TCT	0	0	63.8	40.80	23.00	
MF347636.1 	19	86009 	86080 	Ala	TGC	0	0	54.6	34.40	20.20	
MF347636.1 	20	86247 	86320 	Lys	CTT	0	0	58.9	25.60	33.30	
MF347636.1 	21	87180 	87255 	Asn	GTT	0	0	34.4	12.90	21.50	
MF347636.1 	22	87902 	87973 	Asn	GTT	0	0	67.9	41.50	26.40	
MF347636.1 	23	89645 	89716 	Arg	CCT	0	0	56.0	26.10	29.90	
MF347636.1 	24	89763 	89837 	Ile	GAT	0	0	68.4	46.80	21.60	
MF347636.1 	25	89911 	89983 	Ala	GGC	0	0	62.7	39.90	22.80	
MF347636.1 	26	90197 	90269 	Lys	CTT	0	0	65.5	42.50	23.00	
MF347636.1 	27	90397 	90471 	Lys	TTT	0	0	57.5	40.10	17.40	
MF347636.1 	28	90807 	90879 	Arg	TCG	0	0	53.6	34.80	18.80	
MF347636.1 	29	91981 	92052 	Met	CAT	0	0	56.8	30.50	26.30	
MF347636.1 	30	92056 	92126 	Met	CAT	0	0	29.4	6.70	22.70	
MF347636.1 	31	92755 	92836 	Tyr	GTA	0	0	47.5	22.80	24.70	
MF347636.1 	32	92893 	92964 	Tyr	GTA	0	0	27.0	12.10	14.90	
MF347636.1 	33	93163 	93237 	His	GTG	0	0	55.8	45.90	9.90	
MF347636.1 	34	93420 	93491 	Phe	GAA	0	0	52.1	39.50	12.60	
MF347636.1 	35	94177 	94251 	Thr	TGT	0	0	68.6	39.20	29.40	
MF347636.1 	36	94345 	94417 	Thr	GGT	0	0	43.7	20.30	23.40	
MF347636.1 	37	94547 	94619 	Arg	ACG	0	0	42.3	13.90	28.40	
MF347636.1 	38	95599 	95736 	Undet	NNN	0	0	17.2	23.50	-6.30	
MF347636.1 	39	97594 	97667 	Ala	GGC	0	0	40.4	18.80	21.60	
MF347636.1 	40	98257 	98390 	Undet	NNN	0	0	30.7	17.00	13.70	
MF347636.1 	41	103012	103093	Leu	GAG	0	0	57.9	29.70	28.20	
MF347636.1 	42	103532	103602	Val	GAC	0	0	57.4	35.80	21.60	
MF347636.1 	43	104033	104108	Leu	CAA	0	0	61.3	39.70	21.60	
MF347636.1 	44	104342	104426	Ser	GCT	0	0	23.4	16.70	6.70	
MF347636.1 	45	114474	114553	Gln	TTG	0	0	55.7	38.20	17.50	
MF347636.1 	46	14427 	14357 	Thr	CGT	0	0	58.8	30.10	28.70	
