Sequence   		tRNA  	Bounds	tRNA	Anti	Intron Bounds	Inf	HMM	2'Str	      
Name       	tRNA #	Begin 	End   	Type	Codon	Begin	End	Score	Score	Score	Note
--------   	------	----- 	------	----	-----	-----	----	------	-----	-----	------
MF347637.1 	1	71710 	71780 	Gly	TCC	0	0	73.1	55.30	17.80	
MF347637.1 	2	71788 	71861 	Gln	CTG	0	0	41.4	20.00	21.40	
MF347637.1 	3	71950 	72022 	Trp	CCA	0	0	45.9	31.30	14.60	
MF347637.1 	4	72893 	72964 	Pro	TGG	0	0	38.9	9.80	29.10	
MF347637.1 	5	72969 	73043 	Pro	TGG	0	0	74.2	46.10	28.10	
MF347637.1 	6	73827 	73903 	Undet	NNN	0	0	17.0	9.30	7.70	
MF347637.1 	7	76038 	76111 	Ile	TAT	0	0	55.1	27.30	27.80	
MF347637.1 	8	76958 	77043 	Ser	TGA	0	0	39.4	22.10	17.30	
MF347637.1 	9	80172 	80247 	Asp	GTC	0	0	64.0	48.90	15.10	
MF347637.1 	10	80688 	80758 	Asp	GTC	0	0	53.5	31.00	22.50	
MF347637.1 	11	85797 	85867 	Glu	CTC	0	0	51.9	17.70	34.20	
MF347637.1 	12	86122 	86195 	Glu	TTC	0	0	63.3	41.10	22.20	
MF347637.1 	13	86455 	86525 	Val	TAC	0	0	64.0	45.00	19.00	
MF347637.1 	14	86788 	86862 	Leu	TAG	0	0	45.3	17.50	27.80	
MF347637.1 	15	87002 	87075 	Leu	TAG	0	0	56.8	39.10	17.70	
MF347637.1 	16	87129 	87256 	Undet	NNN	0	0	21.0	15.10	5.90	
MF347637.1 	17	87400 	87470 	Gly	GCC	0	0	62.5	35.10	27.40	
MF347637.1 	18	87612 	87684 	Arg	TCT	0	0	63.8	40.80	23.00	
MF347637.1 	19	88307 	88378 	Ala	TGC	0	0	54.6	34.40	20.20	
MF347637.1 	20	88545 	88618 	Lys	CTT	0	0	58.9	25.60	33.30	
MF347637.1 	21	89478 	89553 	Asn	GTT	0	0	34.4	12.90	21.50	
MF347637.1 	22	90200 	90271 	Asn	GTT	0	0	67.9	41.50	26.40	
MF347637.1 	23	91938 	92009 	Arg	CCT	0	0	56.0	26.10	29.90	
MF347637.1 	24	92056 	92130 	Ile	GAT	0	0	68.4	46.80	21.60	
MF347637.1 	25	92204 	92275 	Ala	GGC	0	0	61.3	38.50	22.80	
MF347637.1 	26	92500 	92572 	Lys	CTT	0	0	65.5	42.50	23.00	
MF347637.1 	27	92700 	92774 	Lys	TTT	0	0	57.5	40.10	17.40	
MF347637.1 	28	93110 	93182 	Arg	TCG	0	0	53.6	34.80	18.80	
MF347637.1 	29	94284 	94355 	Met	CAT	0	0	56.8	30.50	26.30	
MF347637.1 	30	94359 	94429 	Met	CAT	0	0	29.4	6.70	22.70	
MF347637.1 	31	95058 	95139 	Tyr	GTA	0	0	47.5	22.80	24.70	
MF347637.1 	32	95196 	95267 	Tyr	GTA	0	0	27.0	12.10	14.90	
MF347637.1 	33	95466 	95540 	His	GTG	0	0	55.8	45.90	9.90	
MF347637.1 	34	95723 	95794 	Phe	GAA	0	0	52.1	39.50	12.60	
MF347637.1 	35	96480 	96554 	Thr	TGT	0	0	65.8	35.40	30.40	
MF347637.1 	36	97158 	97230 	Thr	GGT	0	0	43.7	20.30	23.40	
MF347637.1 	37	97360 	97432 	Arg	ACG	0	0	42.3	13.90	28.40	
MF347637.1 	38	98412 	98549 	Undet	NNN	0	0	17.2	23.50	-6.30	
MF347637.1 	39	100407	100480	Ala	GGC	0	0	40.4	18.80	21.60	
MF347637.1 	40	101071	101204	Undet	NNN	0	0	30.7	17.00	13.70	
MF347637.1 	41	105387	105468	Leu	GAG	0	0	57.9	29.70	28.20	
MF347637.1 	42	105907	105977	Val	GAC	0	0	57.4	35.80	21.60	
MF347637.1 	43	106408	106483	Leu	CAA	0	0	57.2	38.70	18.50	
MF347637.1 	44	106717	106801	Ser	GCT	0	0	23.4	16.70	6.70	
MF347637.1 	45	116849	116928	Gln	TTG	0	0	55.7	38.20	17.50	
MF347637.1 	46	14418 	14348 	Thr	CGT	0	0	58.8	30.10	28.70	
