Sequence   		tRNA  	Bounds	tRNA	Anti	Intron Bounds	Inf	HMM	2'Str	      
Name       	tRNA #	Begin 	End   	Type	Codon	Begin	End	Score	Score	Score	Note
--------   	------	----- 	------	----	-----	-----	----	------	-----	-----	------
MF358541.1 	1	72410 	72480 	Gly	TCC	0	0	73.1	55.30	17.80	
MF358541.1 	2	72611 	72682 	Gln	CTG	0	0	43.1	18.50	24.60	
MF358541.1 	3	72890 	72960 	Trp	CCA	0	0	48.8	17.00	31.80	
MF358541.1 	4	73818 	73889 	Pro	TGG	0	0	38.9	11.70	27.20	
MF358541.1 	5	73894 	73968 	Pro	TGG	0	0	75.1	47.00	28.10	
MF358541.1 	6	74750 	74826 	Undet	NNN	0	0	17.0	9.30	7.70	
MF358541.1 	7	76953 	77026 	Ile	TAT	0	0	55.1	27.30	27.80	
MF358541.1 	8	77862 	77947 	Undet	NNN	0	0	34.4	17.50	16.90	
MF358541.1 	9	81078 	81153 	Asp	GTC	0	0	64.0	48.90	15.10	
MF358541.1 	10	81778 	81848 	Asp	GTC	0	0	53.5	31.00	22.50	
MF358541.1 	11	81855 	81924 	Undet	NNN	0	0	17.6	19.70	-2.10	
MF358541.1 	12	86336 	86406 	Glu	CTC	0	0	54.4	22.40	32.00	
MF358541.1 	13	86656 	86730 	Glu	TTC	0	0	59.9	35.80	24.10	
MF358541.1 	14	86989 	87059 	Val	TAC	0	0	64.1	44.20	19.90	
MF358541.1 	15	87254 	87328 	Leu	TAG	0	0	45.3	17.50	27.80	
MF358541.1 	16	87488 	87561 	Leu	TAG	0	0	55.7	39.20	16.50	
MF358541.1 	17	87615 	87740 	Undet	NNN	0	0	22.5	12.20	10.30	
MF358541.1 	18	87884 	87954 	Gly	GCC	0	0	57.8	29.30	28.50	
MF358541.1 	19	88032 	88104 	Arg	TCT	0	0	61.7	36.20	25.50	
MF358541.1 	20	88879 	88950 	Ala	TGC	0	0	55.9	37.00	18.90	
MF358541.1 	21	89112 	89186 	Lys	CTT	0	0	58.9	29.60	29.30	
MF358541.1 	22	90044 	90119 	Asn	GTT	0	0	34.4	12.90	21.50	
MF358541.1 	23	90875 	90947 	Asn	GTT	0	0	64.8	39.10	25.70	
MF358541.1 	24	91646 	91717 	Arg	CCT	0	0	58.6	27.20	31.40	
MF358541.1 	25	91967 	92041 	Ile	GAT	0	0	68.4	46.80	21.60	
MF358541.1 	26	92115 	92187 	Ala	GGC	0	0	62.7	39.90	22.80	
MF358541.1 	27	92385 	92457 	Lys	CTT	0	0	65.5	42.50	23.00	
MF358541.1 	28	92582 	92656 	Lys	TTT	0	0	57.6	39.40	18.20	
MF358541.1 	29	92661 	92733 	Arg	TCG	0	0	51.2	32.40	18.80	
MF358541.1 	30	94017 	94098 	Met	CAT	0	0	33.2	15.60	17.60	
MF358541.1 	31	94102 	94172 	Ile2	CAT	0	0	27.1	4.40	22.70	
MF358541.1 	32	94805 	94886 	Tyr	GTA	0	0	44.3	21.40	22.90	
MF358541.1 	33	94943 	95014 	Tyr	GTA	0	0	27.0	12.10	14.90	
MF358541.1 	34	95178 	95249 	Phe	GAA	0	0	52.1	39.50	12.60	
MF358541.1 	35	95932 	96006 	Thr	TGT	0	0	68.6	39.20	29.40	
MF358541.1 	36	96100 	96172 	Thr	GGT	0	0	43.7	20.30	23.40	
MF358541.1 	37	96302 	96374 	Arg	ACG	0	0	42.3	13.90	28.40	
MF358541.1 	38	97567 	97708 	Undet	NNN	0	0	18.8	28.20	-9.40	
MF358541.1 	39	99723 	99796 	Ala	GGC	0	0	37.5	15.70	21.80	
MF358541.1 	40	100367	100503	Undet	NNN	0	0	29.2	14.80	14.40	
MF358541.1 	41	104794	104875	Leu	GAG	0	0	49.8	25.50	24.30	
MF358541.1 	42	105314	105384	Val	GAC	0	0	54.3	32.50	21.80	
MF358541.1 	43	105820	105895	Leu	CAA	0	0	56.8	29.80	27.00	
MF358541.1 	44	106129	106213	Ser	GCT	0	0	21.6	15.10	6.50	
MF358541.1 	45	115857	115936	Gln	TTG	0	0	55.7	38.20	17.50	
MF358541.1 	46	16961 	16891 	Thr	CGT	0	0	56.7	28.10	28.60	
