Sequence   		tRNA  	Bounds	tRNA	Anti	Intron Bounds	Inf	HMM	2'Str	      
Name       	tRNA #	Begin 	End   	Type	Codon	Begin	End	Score	Score	Score	Note
--------   	------	----- 	------	----	-----	-----	----	------	-----	-----	------
MF358542.1 	1	72227 	72297 	Gly	TCC	0	0	73.1	55.30	17.80	
MF358542.1 	2	72416 	72487 	Gln	CTG	0	0	44.4	20.50	23.90	
MF358542.1 	3	72696 	72766 	Trp	CCA	0	0	48.8	17.00	31.80	
MF358542.1 	4	73641 	73714 	Pro	TGG	0	0	37.4	10.00	27.40	
MF358542.1 	5	73718 	73792 	Pro	TGG	0	0	74.2	46.10	28.10	
MF358542.1 	6	74576 	74652 	Undet	NNN	0	0	17.0	9.30	7.70	
MF358542.1 	7	76791 	76864 	Ile	TAT	0	0	55.1	27.30	27.80	
MF358542.1 	8	77709 	77794 	Undet	NNN	0	0	25.7	13.10	12.60	
MF358542.1 	9	80900 	80975 	Asp	GTC	0	0	65.9	50.80	15.10	
MF358542.1 	10	81340 	81410 	Asp	GTC	0	0	53.1	29.10	24.00	
MF358542.1 	11	86244 	86314 	Glu	CTC	0	0	54.4	22.40	32.00	
MF358542.1 	12	86572 	86645 	Glu	TTC	0	0	63.3	41.10	22.20	
MF358542.1 	13	86658 	86728 	Val	TAC	0	0	62.5	42.00	20.50	
MF358542.1 	14	86883 	86957 	Leu	TAG	0	0	45.3	17.50	27.80	
MF358542.1 	15	87097 	87170 	Leu	TAG	0	0	56.8	39.10	17.70	
MF358542.1 	16	87224 	87350 	Undet	NNN	0	0	24.4	13.70	10.70	
MF358542.1 	17	87494 	87564 	Gly	GCC	0	0	57.8	29.30	28.50	
MF358542.1 	18	87580 	87665 	Undet	NNN	0	0	20.7	11.70	9.00	
MF358542.1 	19	87672 	87744 	Arg	TCT	0	0	63.8	40.80	23.00	
MF358542.1 	20	88365 	88436 	Ala	TGC	0	0	53.3	39.30	14.00	
MF358542.1 	21	88603 	88676 	Lys	CTT	0	0	58.9	25.60	33.30	
MF358542.1 	22	89535 	89610 	Asn	GTT	0	0	34.4	12.90	21.50	
MF358542.1 	23	90363 	90434 	Asn	GTT	0	0	67.9	41.50	26.40	
MF358542.1 	24	92094 	92165 	Arg	CCT	0	0	57.5	26.20	31.30	
MF358542.1 	25	92411 	92485 	Ile	GAT	0	0	60.0	45.00	15.00	
MF358542.1 	26	92490 	92561 	Ala	GGC	0	0	61.0	40.90	20.10	
MF358542.1 	27	92781 	92853 	Lys	CTT	0	0	64.6	33.60	31.00	
MF358542.1 	28	92973 	93047 	Lys	TTT	0	0	57.5	40.10	17.40	
MF358542.1 	29	93052 	93124 	Arg	TCG	0	0	51.6	32.90	18.70	
MF358542.1 	30	94383 	94454 	Met	CAT	0	0	56.8	30.50	26.30	
MF358542.1 	31	94458 	94528 	Met	CAT	0	0	32.4	11.50	20.90	
MF358542.1 	32	95156 	95237 	Tyr	GTA	0	0	41.5	23.00	18.50	
MF358542.1 	33	95294 	95365 	Tyr	GTA	0	0	27.0	12.10	14.90	
MF358542.1 	34	95368 	95439 	His	GTG	0	0	43.2	19.20	24.00	
MF358542.1 	35	95508 	95579 	Phe	GAA	0	0	56.1	43.50	12.60	
MF358542.1 	36	96472 	96542 	Thr	TGT	0	0	63.9	29.90	34.00	
MF358542.1 	37	97147 	97219 	Thr	GGT	0	0	50.7	18.80	31.90	
MF358542.1 	38	97389 	97461 	Arg	ACG	0	0	42.3	13.90	28.40	
MF358542.1 	39	98502 	98592 	Undet	NNN	0	0	21.5	23.50	-2.00	
MF358542.1 	40	100659	100733	Ala	GGC	0	0	35.3	13.60	21.70	
MF358542.1 	41	101295	101428	Undet	NNN	0	0	19.7	14.60	5.10	
MF358542.1 	42	105401	105482	Leu	GAG	0	0	55.1	27.60	27.50	
MF358542.1 	43	105920	105990	Val	GAC	0	0	56.5	34.80	21.70	
MF358542.1 	44	106416	106491	Leu	CAA	0	0	55.4	32.60	22.80	
MF358542.1 	45	106725	106809	Ser	GCT	0	0	22.5	16.00	6.50	
MF358542.1 	46	117198	117277	Gln	TTG	0	0	55.7	38.20	17.50	
MF358542.1 	47	16981 	16910 	Thr	CGT	0	0	47.3	19.80	27.50	
