Sequence   		tRNA  	Bounds	tRNA	Anti	Intron Bounds	Inf	HMM	2'Str	      
Name       	tRNA #	Begin 	End   	Type	Codon	Begin	End	Score	Score	Score	Note
--------   	------	----- 	------	----	-----	-----	----	------	-----	-----	------
MH576964.1 	1	72337 	72410 	Gly	TCC	0	0	76.4	54.90	21.50	
MH576964.1 	2	72540 	72611 	Gln	CTG	0	0	50.4	13.10	37.30	
MH576964.1 	3	72717 	72787 	Trp	CCA	0	0	46.7	12.70	34.00	
MH576964.1 	4	73514 	73585 	Pro	TGG	0	0	36.8	7.30	29.50	
MH576964.1 	5	73609 	73683 	Pro	TGG	0	0	65.4	42.60	22.80	
MH576964.1 	6	74378 	74454 	Undet	NNN	0	0	17.0	8.30	8.70	
MH576964.1 	7	76570 	76643 	Ile	TAT	0	0	61.1	38.50	22.60	
MH576964.1 	8	76852 	76925 	Leu	TAA	0	0	48.7	24.00	24.70	
MH576964.1 	9	77779 	77866 	Undet	NNN	0	0	32.0	18.30	13.70	
MH576964.1 	10	79466 	79542 	Asp	GTC	0	0	37.1	19.70	17.40	
MH576964.1 	11	79986 	80056 	Asp	GTC	0	0	53.8	25.40	28.40	
MH576964.1 	12	85293 	85368 	Glu	CTC	0	0	64.7	39.20	25.50	
MH576964.1 	13	85623 	85697 	Glu	TTC	0	0	63.3	41.10	22.20	
MH576964.1 	14	85766 	85838 	Val	TAC	0	0	60.4	45.60	14.80	
MH576964.1 	15	85998 	86071 	Leu	TAG	0	0	55.7	35.10	20.60	
MH576964.1 	16	86084 	86164 	Leu	TAG	0	0	55.3	30.40	24.90	
MH576964.1 	17	86218 	86339 	Undet	NNN	0	0	28.9	19.10	9.80	
MH576964.1 	18	86479 	86550 	Phe	GAA	0	0	47.7	11.50	36.20	
MH576964.1 	19	86560 	86628 	Undet	NNN	0	0	20.2	14.30	5.90	
MH576964.1 	20	86637 	86707 	Gly	GCC	0	0	62.7	35.00	27.70	
MH576964.1 	21	86713 	86785 	Arg	TCT	0	0	63.5	44.90	18.60	
MH576964.1 	22	87316 	87387 	Ala	TGC	0	0	51.8	37.20	14.60	
MH576964.1 	23	87554 	87628 	Lys	CTT	0	0	54.9	27.10	27.80	
MH576964.1 	24	88440 	88516 	Asn	GTT	0	0	43.8	20.30	23.50	
MH576964.1 	25	89279 	89351 	Asn	GTT	0	0	63.9	40.10	23.80	
MH576964.1 	26	91006 	91077 	Arg	CCT	0	0	55.4	27.20	28.20	
MH576964.1 	27	91123 	91195 	Ala	GGC	0	0	59.5	53.50	6.00	
MH576964.1 	28	91445 	91517 	Lys	CTT	0	0	68.0	41.40	26.60	
MH576964.1 	29	91643 	91716 	Lys	CTT	0	0	52.1	25.20	26.90	
MH576964.1 	30	92080 	92154 	Lys	TTT	0	0	68.5	38.00	30.50	
MH576964.1 	31	92340 	92412 	Arg	TCG	0	0	62.7	41.80	20.90	
MH576964.1 	32	93469 	93541 	Met	CAT	0	0	52.5	30.10	22.40	
MH576964.1 	33	93545 	93615 	fMet	CAT	0	0	37.4	23.50	13.90	
MH576964.1 	34	94010 	94092 	Tyr	GTA	0	0	50.2	23.50	26.70	
MH576964.1 	35	94282 	94353 	Tyr	GTA	0	0	30.8	11.70	19.10	
MH576964.1 	36	94356 	94428 	His	GTG	0	0	56.8	29.70	27.10	
MH576964.1 	37	95421 	95497 	Cys	GCA	0	0	30.7	14.40	16.30	
MH576964.1 	38	95500 	95574 	Thr	TGT	0	0	71.5	44.10	27.40	
MH576964.1 	39	95667 	95737 	Thr	GGT	0	0	43.5	12.70	30.80	
MH576964.1 	40	95871 	95943 	Arg	ACG	0	0	40.6	10.00	30.60	
MH576964.1 	41	97302 	97397 	Undet	NNN	0	0	18.5	23.50	-5.00	
MH576964.1 	42	98907 	98976 	Undet	NNN	0	0	38.3	11.50	26.80	
MH576964.1 	43	104316	104397	Leu	GAG	0	0	55.7	27.50	28.20	
MH576964.1 	44	104847	104917	Val	GAC	0	0	56.5	38.60	17.90	
MH576964.1 	45	106044	106117	Leu	CAA	0	0	58.4	31.40	27.00	
MH576964.1 	46	106353	106443	Ser	GCT	0	0	64.4	42.60	21.80	
MH576964.1 	47	113447	113526	Gln	TTG	0	0	58.1	36.10	22.00	
MH576964.1 	48	16557 	16485 	Thr	CGT	0	0	60.0	26.10	33.90	
