Sequence   		tRNA  	Bounds	tRNA	Anti	Intron Bounds	Inf	HMM	2'Str	      
Name       	tRNA #	Begin 	End   	Type	Codon	Begin	End	Score	Score	Score	Note
--------   	------	----- 	------	----	-----	-----	----	------	-----	-----	------
MH576965.1 	1	72867 	72937 	Gly	TCC	0	0	66.6	49.00	17.60	
MH576965.1 	2	72946 	73017 	Gln	CTG	0	0	49.7	12.10	37.60	
MH576965.1 	3	73248 	73318 	Trp	CCA	0	0	49.8	18.40	31.40	
MH576965.1 	4	74404 	74475 	Pro	TGG	0	0	36.8	7.30	29.50	
MH576965.1 	5	74499 	74573 	Pro	TGG	0	0	65.4	42.60	22.80	
MH576965.1 	6	75276 	75352 	Undet	NNN	0	0	17.0	8.30	8.70	
MH576965.1 	7	77467 	77540 	Ile	TAT	0	0	61.1	38.50	22.60	
MH576965.1 	8	78773 	78860 	Undet	NNN	0	0	40.8	21.90	18.90	
MH576965.1 	9	80493 	80569 	Asp	GTC	0	0	37.1	19.70	17.40	
MH576965.1 	10	81282 	81352 	Asp	GTC	0	0	53.8	25.40	28.40	
MH576965.1 	11	86785 	86860 	Glu	CTC	0	0	65.9	40.30	25.60	
MH576965.1 	12	87410 	87484 	Glu	TTC	0	0	63.3	41.10	22.20	
MH576965.1 	13	87553 	87625 	Val	TAC	0	0	60.4	45.60	14.80	
MH576965.1 	14	87867 	87941 	Leu	TAG	0	0	55.8	26.40	29.40	
MH576965.1 	15	87955 	88035 	Leu	TAG	0	0	55.3	30.40	24.90	
MH576965.1 	16	88090 	88206 	Undet	NNN	0	0	27.0	22.90	4.10	
MH576965.1 	17	88346 	88417 	Phe	GAA	0	0	47.7	11.50	36.20	
MH576965.1 	18	88491 	88561 	Gly	GCC	0	0	57.7	32.00	25.70	
MH576965.1 	19	88639 	88711 	Arg	TCT	0	0	64.1	45.30	18.80	
MH576965.1 	20	89242 	89313 	Ala	TGC	0	0	53.3	39.30	14.00	
MH576965.1 	21	89479 	89551 	Lys	CTT	0	0	65.7	35.30	30.40	
MH576965.1 	22	91164 	91239 	Asn	GTT	0	0	34.4	12.90	21.50	
MH576965.1 	23	91778 	91850 	Asn	GTT	0	0	63.9	40.10	23.80	
MH576965.1 	24	93506 	93577 	Arg	CCT	0	0	55.4	27.20	28.20	
MH576965.1 	25	93820 	93892 	Ala	GGC	0	0	60.4	54.50	5.90	
MH576965.1 	26	94128 	94200 	Lys	CTT	0	0	68.0	41.40	26.60	
MH576965.1 	27	94326 	94399 	Lys	CTT	0	0	52.5	24.00	28.50	
MH576965.1 	28	94580 	94654 	Lys	TTT	0	0	68.5	38.00	30.50	
MH576965.1 	29	94816 	94888 	Arg	TCG	0	0	62.7	41.80	20.90	
MH576965.1 	30	96010 	96081 	Met	CAT	0	0	51.1	28.70	22.40	
MH576965.1 	31	96086 	96156 	Ile2	CAT	0	0	30.5	7.50	23.00	
MH576965.1 	32	96568 	96649 	Tyr	GTA	0	0	42.7	16.00	26.70	
MH576965.1 	33	96725 	96796 	Tyr	GTA	0	0	28.8	8.90	19.90	
MH576965.1 	34	96799 	96871 	His	GTG	0	0	56.8	29.70	27.10	
MH576965.1 	35	97940 	98014 	Thr	TGT	0	0	68.1	39.30	28.80	
MH576965.1 	36	98108 	98178 	Thr	GGT	0	0	40.0	8.80	31.20	
MH576965.1 	37	99732 	99826 	Undet	NNN	0	0	18.0	23.50	-5.50	
MH576965.1 	38	101331	101401	Ala	GGC	0	0	31.6	11.50	20.10	
MH576965.1 	39	102025	102105	Leu	GAG	0	0	23.0	13.50	9.50	
MH576965.1 	40	107536	107617	Leu	GAG	0	0	53.6	21.80	31.80	
MH576965.1 	41	108205	108275	Val	GAC	0	0	58.9	37.30	21.60	
MH576965.1 	42	108949	109022	Leu	CAA	0	0	58.4	31.40	27.00	
MH576965.1 	43	109258	109348	Ser	GCT	0	0	64.4	42.60	21.80	
MH576965.1 	44	116691	116770	Gln	TTG	0	0	58.1	36.10	22.00	
MH576965.1 	45	16238 	16166 	Thr	CGT	0	0	60.0	26.10	33.90	
