Sequence   		tRNA  	Bounds	tRNA	Anti	Intron Bounds	Inf	HMM	2'Str	      
Name       	tRNA #	Begin 	End   	Type	Codon	Begin	End	Score	Score	Score	Note
--------   	------	----- 	------	----	-----	-----	----	------	-----	-----	------
MH576968.1 	1	72626 	72699 	Gly	TCC	0	0	76.4	54.90	21.50	
MH576968.1 	2	72829 	72900 	Gln	CTG	0	0	51.8	15.40	36.40	
MH576968.1 	3	73133 	73204 	Trp	CCA	0	0	42.6	28.10	14.50	
MH576968.1 	4	75004 	75075 	Pro	TGG	0	0	38.9	11.70	27.20	
MH576968.1 	5	75970 	76046 	Undet	NNN	0	0	17.0	8.30	8.70	
MH576968.1 	6	78162 	78235 	Ile	TAT	0	0	56.0	36.00	20.00	
MH576968.1 	7	78971 	79058 	Undet	NNN	0	0	41.0	17.00	24.00	
MH576968.1 	8	80754 	80830 	Asp	GTC	0	0	42.6	21.40	21.20	
MH576968.1 	9	81096 	81167 	Asp	GTC	0	0	49.4	24.60	24.80	
MH576968.1 	10	86654 	86724 	Glu	CTC	0	0	53.3	21.30	32.00	
MH576968.1 	11	87277 	87348 	Glu	TTC	0	0	56.5	29.60	26.90	
MH576968.1 	12	87417 	87489 	Val	TAC	0	0	60.4	45.60	14.80	
MH576968.1 	13	87935 	88009 	Leu	TAG	0	0	56.6	29.40	27.20	
MH576968.1 	14	88015 	88089 	Leu	TAG	0	0	55.0	36.70	18.30	
MH576968.1 	15	88143 	88269 	Undet	NNN	0	0	23.9	19.20	4.70	
MH576968.1 	16	88414 	88485 	Phe	GAA	0	0	47.7	13.20	34.50	
MH576968.1 	17	89076 	89146 	Gly	GCC	0	0	59.9	33.30	26.60	
MH576968.1 	18	89253 	89325 	Arg	TCT	0	0	56.8	40.90	15.90	
MH576968.1 	19	89850 	89921 	Ala	TGC	0	0	55.3	35.00	20.30	
MH576968.1 	20	90154 	90226 	Lys	CTT	0	0	65.7	35.30	30.40	
MH576968.1 	21	91190 	91266 	Asn	GTT	0	0	41.8	18.80	23.00	
MH576968.1 	22	91801 	91873 	Asn	GTT	0	0	63.9	40.10	23.80	
MH576968.1 	23	93503 	93574 	Arg	CCT	0	0	50.5	10.20	40.30	
MH576968.1 	24	94075 	94150 	Ala	GGC	0	0	62.8	53.20	9.60	
MH576968.1 	25	94398 	94470 	Lys	CTT	0	0	68.0	41.40	26.60	
MH576968.1 	26	94596 	94672 	Lys	CTT	0	0	53.6	30.00	23.60	
MH576968.1 	27	95035 	95107 	Lys	TTT	0	0	70.6	41.30	29.30	
MH576968.1 	28	95136 	95208 	Arg	TCG	0	0	62.7	41.80	20.90	
MH576968.1 	29	96236 	96307 	Met	CAT	0	0	51.1	28.70	22.40	
MH576968.1 	30	96806 	96876 	Met	CAT	0	0	35.7	8.70	27.00	
MH576968.1 	31	97663 	97745 	Tyr	GTA	0	0	50.2	23.50	26.70	
MH576968.1 	32	97936 	98007 	Tyr	GTA	0	0	30.8	11.70	19.10	
MH576968.1 	33	98010 	98082 	His	GTG	0	0	56.8	29.70	27.10	
MH576968.1 	34	98085 	98156 	Phe	GAA	0	0	54.5	42.30	12.20	
MH576968.1 	35	98884 	98958 	Thr	TGT	0	0	67.3	37.70	29.60	
MH576968.1 	36	99052 	99122 	Thr	GGT	0	0	40.0	8.80	31.20	
MH576968.1 	37	99242 	99313 	Arg	ACG	0	0	45.0	13.40	31.60	
MH576968.1 	38	100668	100762	Asn	GTT	0	0	19.3	18.10	1.20	
MH576968.1 	39	102851	102983	Undet	NNN	0	0	35.7	12.50	23.20	
MH576968.1 	40	108076	108148	Leu	TAA	0	0	68.3	46.80	21.50	
MH576968.1 	41	108466	108547	Leu	GAG	0	0	54.7	26.00	28.70	
MH576968.1 	42	109125	109195	Val	GAC	0	0	58.3	33.60	24.70	
MH576968.1 	43	110143	110219	Leu	CAA	0	0	57.3	29.60	27.70	
MH576968.1 	44	110469	110557	Ser	GCT	0	0	62.0	43.10	18.90	
MH576968.1 	45	117129	117203	Gln	TTG	0	0	46.1	29.30	16.80	
MH576968.1 	46	16926 	16856 	Thr	CGT	0	0	36.5	13.20	23.30	
