Sequence   		tRNA  	Bounds	tRNA	Anti	Intron Bounds	Inf	HMM	2'Str	      
Name       	tRNA #	Begin 	End   	Type	Codon	Begin	End	Score	Score	Score	Note
--------   	------	----- 	------	----	-----	-----	----	------	-----	-----	------
MH590597.1 	1	72223 	72296 	Gly	TCC	0	0	76.4	54.90	21.50	
MH590597.1 	2	72426 	72496 	Gln	CTG	0	0	45.3	20.50	24.80	
MH590597.1 	3	72728 	72798 	Trp	CCA	0	0	46.7	12.70	34.00	
MH590597.1 	4	73526 	73597 	Pro	TGG	0	0	36.8	7.30	29.50	
MH590597.1 	5	73621 	73695 	Pro	TGG	0	0	65.4	42.60	22.80	
MH590597.1 	6	74398 	74474 	Undet	NNN	0	0	17.0	8.30	8.70	
MH590597.1 	7	76589 	76662 	Ile	TAT	0	0	61.1	38.50	22.60	
MH590597.1 	8	77714 	77801 	Undet	NNN	0	0	31.5	17.80	13.70	
MH590597.1 	9	79505 	79581 	Asp	GTC	0	0	37.1	19.70	17.40	
MH590597.1 	10	80301 	80371 	Asp	GTC	0	0	53.8	25.40	28.40	
MH590597.1 	11	86342 	86417 	Glu	CTC	0	0	66.0	40.80	25.20	
MH590597.1 	12	86967 	87041 	Glu	TTC	0	0	63.3	41.10	22.20	
MH590597.1 	13	87110 	87182 	Val	TAC	0	0	60.4	45.60	14.80	
MH590597.1 	14	87390 	87463 	Leu	TAG	0	0	55.7	35.10	20.60	
MH590597.1 	15	87477 	87557 	Leu	TAG	0	0	53.7	28.20	25.50	
MH590597.1 	16	87611 	87738 	Undet	NNN	0	0	27.6	19.30	8.30	
MH590597.1 	17	87878 	87949 	Phe	GAA	0	0	47.7	11.50	36.20	
MH590597.1 	18	88023 	88093 	Gly	GCC	0	0	57.7	32.00	25.70	
MH590597.1 	19	88099 	88171 	Arg	TCT	0	0	67.8	46.70	21.10	
MH590597.1 	20	88702 	88773 	Ala	TGC	0	0	53.3	39.30	14.00	
MH590597.1 	21	88938 	89012 	Lys	CTT	0	0	54.9	27.10	27.80	
MH590597.1 	22	89980 	90056 	Asn	GTT	0	0	43.8	20.30	23.50	
MH590597.1 	23	90591 	90663 	Asn	GTT	0	0	63.9	40.10	23.80	
MH590597.1 	24	92286 	92357 	Arg	CCT	0	0	55.4	27.20	28.20	
MH590597.1 	25	92608 	92680 	Ala	GGC	0	0	60.4	54.50	5.90	
MH590597.1 	26	92916 	92988 	Lys	CTT	0	0	68.0	41.40	26.60	
MH590597.1 	27	93114 	93187 	Lys	CTT	0	0	52.5	24.00	28.50	
MH590597.1 	28	93551 	93625 	Lys	TTT	0	0	68.5	38.00	30.50	
MH590597.1 	29	93811 	93883 	Arg	TCG	0	0	62.7	41.80	20.90	
MH590597.1 	30	94980 	95052 	Met	CAT	0	0	52.5	30.10	22.40	
MH590597.1 	31	95057 	95127 	Ile2	CAT	0	0	30.5	7.50	23.00	
MH590597.1 	32	95538 	95619 	Tyr	GTA	0	0	48.5	22.50	26.00	
MH590597.1 	33	95676 	95747 	Tyr	GTA	0	0	29.1	10.00	19.10	
MH590597.1 	34	95750 	95822 	His	GTG	0	0	56.8	29.70	27.10	
MH590597.1 	35	96814 	96889 	Cys	GCA	0	0	33.1	14.50	18.60	
MH590597.1 	36	96892 	96966 	Thr	TGT	0	0	68.1	39.30	28.80	
MH590597.1 	37	97060 	97130 	Thr	GGT	0	0	40.0	8.80	31.20	
MH590597.1 	38	97264 	97336 	Arg	ACG	0	0	40.6	10.00	30.60	
MH590597.1 	39	98866 	98959 	Ser	CGA	0	0	17.7	23.50	-5.80	
MH590597.1 	40	100642	100715	Ala	GGC	0	0	42.0	21.90	20.10	
MH590597.1 	41	101336	101416	Leu	GAG	0	0	23.0	13.50	9.50	
MH590597.1 	42	107036	107117	Leu	GAG	0	0	53.6	21.80	31.80	
MH590597.1 	43	107706	107776	Val	GAC	0	0	58.9	37.30	21.60	
MH590597.1 	44	108718	108791	Leu	CAA	0	0	62.3	35.20	27.10	
MH590597.1 	45	109027	109117	Ser	GCT	0	0	63.8	42.20	21.60	
MH590597.1 	46	116080	116159	Gln	TTG	0	0	58.1	36.10	22.00	
MH590597.1 	47	16318 	16246 	Thr	CGT	0	0	60.0	26.10	33.90	
