Sequence   		tRNA  	Bounds	tRNA	Anti	Intron Bounds	Inf	HMM	2'Str	      
Name       	tRNA #	Begin 	End   	Type	Codon	Begin	End	Score	Score	Score	Note
--------   	------	----- 	------	----	-----	-----	----	------	-----	-----	------
MH590599.1 	1	72467 	72540 	Gly	TCC	0	0	76.4	54.90	21.50	
MH590599.1 	2	72670 	72741 	Gln	CTG	0	0	49.9	13.50	36.40	
MH590599.1 	3	72974 	73046 	Trp	CCA	0	0	41.4	28.00	13.40	
MH590599.1 	4	73776 	73847 	Pro	TGG	0	0	36.8	7.30	29.50	
MH590599.1 	5	73871 	73945 	Pro	TGG	0	0	65.4	42.60	22.80	
MH590599.1 	6	74640 	74716 	Undet	NNN	0	0	17.0	8.30	8.70	
MH590599.1 	7	76832 	76905 	Ile	TAT	0	0	61.1	38.50	22.60	
MH590599.1 	8	77114 	77187 	Leu	TAA	0	0	48.7	24.00	24.70	
MH590599.1 	9	78041 	78128 	Undet	NNN	0	0	32.0	18.30	13.70	
MH590599.1 	10	79730 	79806 	Asp	GTC	0	0	37.1	19.70	17.40	
MH590599.1 	11	80250 	80320 	Asp	GTC	0	0	53.8	25.40	28.40	
MH590599.1 	12	85557 	85632 	Glu	CTC	0	0	65.9	40.30	25.60	
MH590599.1 	13	85887 	85961 	Glu	TTC	0	0	63.3	41.10	22.20	
MH590599.1 	14	86030 	86102 	Val	TAC	0	0	60.4	45.60	14.80	
MH590599.1 	15	86262 	86335 	Leu	TAG	0	0	55.7	35.10	20.60	
MH590599.1 	16	86348 	86428 	Leu	TAG	0	0	55.3	30.40	24.90	
MH590599.1 	17	86482 	86603 	Undet	NNN	0	0	28.9	19.10	9.80	
MH590599.1 	18	86743 	86814 	Phe	GAA	0	0	52.3	24.30	28.00	
MH590599.1 	19	86824 	86892 	Undet	NNN	0	0	23.9	16.30	7.60	
MH590599.1 	20	86901 	86971 	Gly	GCC	0	0	57.7	32.00	25.70	
MH590599.1 	21	86977 	87049 	Arg	TCT	0	0	67.8	46.70	21.10	
MH590599.1 	22	87580 	87651 	Ala	TGC	0	0	51.8	37.20	14.60	
MH590599.1 	23	87818 	87892 	Lys	CTT	0	0	54.9	27.10	27.80	
MH590599.1 	24	88704 	88779 	Asn	GTT	0	0	34.8	8.20	26.60	
MH590599.1 	25	89541 	89613 	Asn	GTT	0	0	63.9	40.10	23.80	
MH590599.1 	26	91268 	91339 	Arg	CCT	0	0	55.4	27.20	28.20	
MH590599.1 	27	91583 	91655 	Ala	GGC	0	0	60.4	54.50	5.90	
MH590599.1 	28	91906 	91978 	Lys	CTT	0	0	68.0	41.40	26.60	
MH590599.1 	29	92104 	92177 	Lys	CTT	0	0	52.1	25.20	26.90	
MH590599.1 	30	92541 	92615 	Lys	TTT	0	0	68.5	38.00	30.50	
MH590599.1 	31	92801 	92873 	Arg	TCG	0	0	62.7	41.80	20.90	
MH590599.1 	32	93931 	94002 	Met	CAT	0	0	51.1	28.70	22.40	
MH590599.1 	33	94007 	94077 	Ile2	CAT	0	0	30.5	7.50	23.00	
MH590599.1 	34	94642 	94724 	Tyr	GTA	0	0	50.2	23.50	26.70	
MH590599.1 	35	94914 	94985 	Tyr	GTA	0	0	30.8	11.70	19.10	
MH590599.1 	36	94988 	95060 	His	GTG	0	0	55.4	28.30	27.10	
MH590599.1 	37	96053 	96129 	Cys	GCA	0	0	30.7	14.40	16.30	
MH590599.1 	38	96132 	96206 	Thr	TGT	0	0	71.5	44.10	27.40	
MH590599.1 	39	96299 	96369 	Thr	GGT	0	0	43.5	12.70	30.80	
MH590599.1 	40	96503 	96575 	Arg	ACG	0	0	40.6	10.00	30.60	
MH590599.1 	41	97936 	98029 	Undet	NNN	0	0	17.1	23.50	-6.40	
MH590599.1 	42	99539 	99608 	Undet	NNN	0	0	38.3	11.50	26.80	
MH590599.1 	43	104939	105020	Leu	GAG	0	0	60.0	30.30	29.70	
MH590599.1 	44	105470	105540	Val	GAC	0	0	59.0	35.90	23.10	
MH590599.1 	45	106667	106740	Leu	CAA	0	0	58.4	31.40	27.00	
MH590599.1 	46	106976	107066	Ser	GCT	0	0	64.4	42.60	21.80	
MH590599.1 	47	114070	114149	Gln	TTG	0	0	58.1	36.10	22.00	
MH590599.1 	48	16687 	16615 	Thr	CGT	0	0	60.0	26.10	33.90	
