Sequence   		tRNA  	Bounds	tRNA	Anti	Intron Bounds	Inf	HMM	2'Str	      
Name       	tRNA #	Begin 	End   	Type	Codon	Begin	End	Score	Score	Score	Note
--------   	------	----- 	------	----	-----	-----	----	------	-----	-----	------
MH727564.1 	1	72279 	72349 	Gly	TCC	0	0	68.7	51.60	17.10	
MH727564.1 	2	72481 	72552 	Gln	CTG	0	0	52.5	16.30	36.20	
MH727564.1 	3	72781 	72852 	Trp	CCA	0	0	46.9	32.20	14.70	
MH727564.1 	4	73577 	73648 	Pro	TGG	0	0	36.8	7.30	29.50	
MH727564.1 	5	73775 	73848 	Pro	TGG	0	0	66.0	43.20	22.80	
MH727564.1 	6	74542 	74618 	Undet	NNN	0	0	17.0	8.30	8.70	
MH727564.1 	7	76731 	76804 	Ile	TAT	0	0	58.4	38.10	20.30	
MH727564.1 	8	77008 	77080 	Leu	TAA	0	0	63.7	35.70	28.00	
MH727564.1 	9	77934 	78021 	Undet	NNN	0	0	43.0	17.70	25.30	
MH727564.1 	10	79576 	79652 	Asp	GTC	0	0	37.1	19.70	17.40	
MH727564.1 	11	79894 	79964 	Asp	GTC	0	0	54.3	26.70	27.60	
MH727564.1 	12	85235 	85310 	Glu	CTC	0	0	64.0	38.40	25.60	
MH727564.1 	13	85566 	85637 	Glu	TTC	0	0	55.5	28.20	27.30	
MH727564.1 	14	85706 	85778 	Val	TAC	0	0	60.4	45.60	14.80	
MH727564.1 	15	85920 	85994 	Leu	TAG	0	0	55.4	26.00	29.40	
MH727564.1 	16	86008 	86088 	Leu	TAG	0	0	56.6	32.60	24.00	
MH727564.1 	17	86142 	86256 	Undet	NNN	0	0	27.4	22.20	5.20	
MH727564.1 	18	86393 	86464 	Phe	GAA	0	0	43.8	7.60	36.20	
MH727564.1 	19	86538 	86608 	Gly	GCC	0	0	64.1	33.80	30.30	
MH727564.1 	20	86686 	86763 	Val	AAC	0	0	26.1	15.10	11.00	
MH727564.1 	21	87282 	87353 	Ala	TGC	0	0	53.3	39.30	14.00	
MH727564.1 	22	87519 	87593 	Lys	CTT	0	0	73.4	50.70	22.70	
MH727564.1 	23	88559 	88630 	Asn	GTT	0	0	68.9	37.70	31.20	
MH727564.1 	24	89275 	89346 	Asn	GTT	0	0	68.5	42.70	25.80	
MH727564.1 	25	91004 	91080 	Undet	NNN	0	0	17.1	4.00	13.10	
MH727564.1 	26	91324 	91398 	Ile	GAT	0	0	65.2	48.70	16.50	
MH727564.1 	27	91472 	91544 	Ala	GGC	0	0	62.7	39.90	22.80	
MH727564.1 	28	91780 	91852 	Lys	CTT	0	0	68.0	41.40	26.60	
MH727564.1 	29	91979 	92052 	Lys	CTT	0	0	52.1	25.20	26.90	
MH727564.1 	30	92415 	92489 	Lys	TTT	0	0	68.5	38.00	30.50	
MH727564.1 	31	92645 	92718 	Arg	TCG	0	0	61.7	45.80	15.90	
MH727564.1 	32	93846 	93918 	Met	CAT	0	0	51.2	23.30	27.90	
MH727564.1 	33	93922 	93992 	fMet	CAT	0	0	37.4	23.50	13.90	
MH727564.1 	34	94409 	94490 	Tyr	GTA	0	0	42.7	16.00	26.70	
MH727564.1 	35	94566 	94637 	Tyr	GTA	0	0	27.9	8.10	19.80	
MH727564.1 	36	94640 	94712 	His	GTG	0	0	56.8	29.70	27.10	
MH727564.1 	37	95445 	95519 	Thr	TGT	0	0	71.5	44.10	27.40	
MH727564.1 	38	95613 	95683 	Thr	GGT	0	0	43.5	12.70	30.80	
MH727564.1 	39	95803 	95876 	Arg	ACG	0	0	66.8	39.60	27.20	
MH727564.1 	40	98854 	98924 	Pro	TGG	0	0	29.7	14.70	15.00	
MH727564.1 	41	105388	105469	Leu	GAG	0	0	52.7	26.70	26.00	
MH727564.1 	42	106045	106115	Val	GAC	0	0	58.7	33.50	25.20	
MH727564.1 	43	106788	106862	Leu	CAA	0	0	57.8	35.10	22.70	
MH727564.1 	44	107097	107185	Ser	GCT	0	0	49.8	34.90	14.90	
MH727564.1 	45	114016	114090	Gln	TTG	0	0	46.1	29.30	16.80	
MH727564.1 	46	16369 	16297 	Thr	CGT	0	0	57.7	22.60	35.10	
