Sequence   		tRNA  	Bounds	tRNA	Anti	Intron Bounds	Inf	HMM	2'Str	      
Name       	tRNA #	Begin 	End   	Type	Codon	Begin	End	Score	Score	Score	Note
--------   	------	----- 	------	----	-----	-----	----	------	-----	-----	------
MK359332.1 	1	72302 	72372 	Gly	TCC	0	0	68.7	51.60	17.10	
MK359332.1 	2	72504 	72575 	Gln	CTG	0	0	52.5	16.30	36.20	
MK359332.1 	3	72804 	72875 	Trp	CCA	0	0	46.9	32.20	14.70	
MK359332.1 	4	73600 	73671 	Pro	TGG	0	0	36.8	7.30	29.50	
MK359332.1 	5	73798 	73871 	Pro	TGG	0	0	66.0	43.20	22.80	
MK359332.1 	6	74565 	74641 	Undet	NNN	0	0	17.0	8.30	8.70	
MK359332.1 	7	76754 	76827 	Ile	TAT	0	0	61.1	38.50	22.60	
MK359332.1 	8	77031 	77103 	Leu	TAA	0	0	63.7	35.70	28.00	
MK359332.1 	9	77957 	78044 	Undet	NNN	0	0	43.0	17.70	25.30	
MK359332.1 	10	79588 	79664 	Asp	GTC	0	0	37.1	19.70	17.40	
MK359332.1 	11	79906 	79976 	Asp	GTC	0	0	55.6	27.90	27.70	
MK359332.1 	12	85773 	85848 	Glu	CTC	0	0	64.0	38.40	25.60	
MK359332.1 	13	86104 	86175 	Glu	TTC	0	0	55.5	28.20	27.30	
MK359332.1 	14	86244 	86316 	Val	TAC	0	0	59.7	44.90	14.80	
MK359332.1 	15	86458 	86532 	Leu	TAG	0	0	55.4	26.00	29.40	
MK359332.1 	16	86546 	86626 	Leu	TAG	0	0	56.6	32.60	24.00	
MK359332.1 	17	86680 	86794 	Undet	NNN	0	0	27.4	22.20	5.20	
MK359332.1 	18	86931 	87002 	Phe	GAA	0	0	43.8	7.60	36.20	
MK359332.1 	19	87076 	87146 	Gly	GCC	0	0	64.1	33.80	30.30	
MK359332.1 	20	87224 	87301 	Val	AAC	0	0	26.1	15.10	11.00	
MK359332.1 	21	87820 	87891 	Ala	TGC	0	0	53.3	39.30	14.00	
MK359332.1 	22	88056 	88130 	Lys	CTT	0	0	73.4	50.70	22.70	
MK359332.1 	23	89096 	89167 	Asn	GTT	0	0	68.9	37.70	31.20	
MK359332.1 	24	89812 	89883 	Asn	GTT	0	0	68.5	42.70	25.80	
MK359332.1 	25	91541 	91612 	Arg	CCT	0	0	56.9	23.40	33.50	
MK359332.1 	26	91740 	91812 	Ala	GGC	0	0	60.4	54.50	5.90	
MK359332.1 	27	92029 	92101 	Lys	CTT	0	0	68.2	39.50	28.70	
MK359332.1 	28	92226 	92302 	Lys	CTT	0	0	53.3	28.80	24.50	
MK359332.1 	29	92480 	92554 	Lys	TTT	0	0	68.5	38.00	30.50	
MK359332.1 	30	92710 	92783 	Arg	TCG	0	0	61.7	45.80	15.90	
MK359332.1 	31	93911 	93983 	Met	CAT	0	0	51.2	23.30	27.90	
MK359332.1 	32	93987 	94057 	fMet	CAT	0	0	37.4	23.50	13.90	
MK359332.1 	33	94474 	94555 	Tyr	GTA	0	0	42.7	16.00	26.70	
MK359332.1 	34	94631 	94702 	Tyr	GTA	0	0	27.9	8.10	19.80	
MK359332.1 	35	94705 	94777 	His	GTG	0	0	56.8	29.70	27.10	
MK359332.1 	36	95510 	95584 	Thr	TGT	0	0	71.5	44.10	27.40	
MK359332.1 	37	95678 	95748 	Thr	GGT	0	0	43.5	12.70	30.80	
MK359332.1 	38	95868 	95941 	Arg	ACG	0	0	66.8	39.60	27.20	
MK359332.1 	39	98919 	98989 	Pro	TGG	0	0	29.7	14.70	15.00	
MK359332.1 	40	105464	105545	Leu	GAG	0	0	52.7	26.70	26.00	
MK359332.1 	41	106121	106191	Val	GAC	0	0	58.7	33.50	25.20	
MK359332.1 	42	106864	106938	Leu	CAA	0	0	57.8	35.10	22.70	
MK359332.1 	43	107173	107261	Ser	GCT	0	0	49.8	34.90	14.90	
MK359332.1 	44	114092	114166	Gln	TTG	0	0	46.1	29.30	16.80	
MK359332.1 	45	16393 	16321 	Thr	CGT	0	0	57.7	22.60	35.10	
