Sequence   		tRNA  	Bounds	tRNA	Anti	Intron Bounds	Inf	HMM	2'Str	      
Name       	tRNA #	Begin 	End   	Type	Codon	Begin	End	Score	Score	Score	Note
--------   	------	----- 	------	----	-----	-----	----	------	-----	-----	------
MK359351.1 	1	72188 	72258 	Gly	TCC	0	0	68.7	51.60	17.10	
MK359351.1 	2	72390 	72461 	Gln	CTG	0	0	52.5	16.30	36.20	
MK359351.1 	3	72690 	72761 	Trp	CCA	0	0	46.9	32.20	14.70	
MK359351.1 	4	73486 	73557 	Pro	TGG	0	0	36.8	7.30	29.50	
MK359351.1 	5	73684 	73757 	Pro	TGG	0	0	66.0	43.20	22.80	
MK359351.1 	6	74451 	74527 	Undet	NNN	0	0	17.0	8.30	8.70	
MK359351.1 	7	76640 	76713 	Ile	TAT	0	0	61.1	38.50	22.60	
MK359351.1 	8	76917 	76989 	Leu	TAA	0	0	63.7	35.70	28.00	
MK359351.1 	9	77843 	77930 	Undet	NNN	0	0	43.0	17.70	25.30	
MK359351.1 	10	79474 	79550 	Asp	GTC	0	0	37.1	19.70	17.40	
MK359351.1 	11	79792 	79862 	Asp	GTC	0	0	54.3	26.70	27.60	
MK359351.1 	12	85659 	85734 	Glu	CTC	0	0	64.0	38.40	25.60	
MK359351.1 	13	85990 	86061 	Glu	TTC	0	0	55.5	28.20	27.30	
MK359351.1 	14	86130 	86202 	Val	TAC	0	0	60.4	45.60	14.80	
MK359351.1 	15	86344 	86418 	Leu	TAG	0	0	55.4	26.00	29.40	
MK359351.1 	16	86432 	86512 	Leu	TAG	0	0	56.6	32.60	24.00	
MK359351.1 	17	86566 	86680 	Undet	NNN	0	0	20.3	18.20	2.10	
MK359351.1 	18	86817 	86888 	Phe	GAA	0	0	43.8	7.60	36.20	
MK359351.1 	19	86962 	87032 	Gly	GCC	0	0	64.1	33.80	30.30	
MK359351.1 	20	87110 	87187 	Val	AAC	0	0	26.1	15.10	11.00	
MK359351.1 	21	87706 	87777 	Ala	TGC	0	0	53.3	39.30	14.00	
MK359351.1 	22	87942 	88016 	Lys	CTT	0	0	73.4	50.70	22.70	
MK359351.1 	23	88982 	89053 	Asn	GTT	0	0	68.9	37.70	31.20	
MK359351.1 	24	89698 	89769 	Asn	GTT	0	0	68.5	42.70	25.80	
MK359351.1 	25	91427 	91498 	Arg	CCT	0	0	56.9	23.40	33.50	
MK359351.1 	26	91626 	91698 	Ala	GGC	0	0	60.4	54.50	5.90	
MK359351.1 	27	91915 	91987 	Lys	CTT	0	0	68.2	39.50	28.70	
MK359351.1 	28	92112 	92188 	Lys	CTT	0	0	53.3	28.80	24.50	
MK359351.1 	29	92366 	92440 	Lys	TTT	0	0	68.5	38.00	30.50	
MK359351.1 	30	92596 	92669 	Arg	TCG	0	0	61.7	45.80	15.90	
MK359351.1 	31	93797 	93869 	Met	CAT	0	0	51.2	23.30	27.90	
MK359351.1 	32	93873 	93943 	fMet	CAT	0	0	37.4	23.50	13.90	
MK359351.1 	33	94360 	94441 	Tyr	GTA	0	0	42.7	16.00	26.70	
MK359351.1 	34	94517 	94588 	Tyr	GTA	0	0	27.9	8.10	19.80	
MK359351.1 	35	94591 	94663 	His	GTG	0	0	56.8	29.70	27.10	
MK359351.1 	36	95396 	95470 	Thr	TGT	0	0	71.5	44.10	27.40	
MK359351.1 	37	95564 	95634 	Thr	GGT	0	0	43.5	12.70	30.80	
MK359351.1 	38	95754 	95827 	Arg	ACG	0	0	66.8	39.60	27.20	
MK359351.1 	39	98805 	98875 	Pro	TGG	0	0	29.7	14.70	15.00	
MK359351.1 	40	105339	105420	Leu	GAG	0	0	52.7	26.70	26.00	
MK359351.1 	41	105996	106066	Val	GAC	0	0	58.7	33.50	25.20	
MK359351.1 	42	106739	106813	Leu	CAA	0	0	57.8	35.10	22.70	
MK359351.1 	43	107048	107136	Ser	GCT	0	0	49.8	34.90	14.90	
MK359351.1 	44	113967	114041	Gln	TTG	0	0	46.1	29.30	16.80	
MK359351.1 	45	16390 	16318 	Thr	CGT	0	0	57.7	22.60	35.10	
