Sequence   		tRNA  	Bounds	tRNA	Anti	Intron Bounds	Inf	HMM	2'Str	      
Name       	tRNA #	Begin 	End   	Type	Codon	Begin	End	Score	Score	Score	Note
--------   	------	----- 	------	----	-----	-----	----	------	-----	-----	------
MK460248.1 	1	72490 	72560 	Gly	TCC	0	0	67.0	49.70	17.30	
MK460248.1 	2	72693 	72766 	Gln	CTG	0	0	41.4	20.00	21.40	
MK460248.1 	3	72895 	72965 	Trp	CCA	0	0	54.5	27.40	27.10	
MK460248.1 	4	73841 	73914 	Pro	TGG	0	0	37.4	10.00	27.40	
MK460248.1 	5	73918 	73992 	Pro	TGG	0	0	74.2	46.10	28.10	
MK460248.1 	6	74776 	74852 	Undet	NNN	0	0	17.0	9.30	7.70	
MK460248.1 	7	76991 	77064 	Ile	TAT	0	0	55.1	27.30	27.80	
MK460248.1 	8	77911 	77996 	Undet	NNN	0	0	25.7	13.10	12.60	
MK460248.1 	9	81090 	81165 	Asp	GTC	0	0	65.9	50.80	15.10	
MK460248.1 	10	81545 	81615 	Asp	GTC	0	0	51.2	27.50	23.70	
MK460248.1 	11	86449 	86519 	Glu	CTC	0	0	54.4	22.40	32.00	
MK460248.1 	12	86777 	86850 	Glu	TTC	0	0	63.3	41.10	22.20	
MK460248.1 	13	86863 	86933 	Val	TAC	0	0	62.5	42.00	20.50	
MK460248.1 	14	87195 	87269 	Leu	TAG	0	0	45.3	17.50	27.80	
MK460248.1 	15	87409 	87482 	Leu	TAG	0	0	63.8	47.10	16.70	
MK460248.1 	16	87536 	87662 	Undet	NNN	0	0	24.4	13.70	10.70	
MK460248.1 	17	87806 	87876 	Gly	GCC	0	0	57.8	29.30	28.50	
MK460248.1 	18	87892 	87977 	Undet	NNN	0	0	20.7	11.70	9.00	
MK460248.1 	19	87984 	88056 	Arg	TCT	0	0	63.8	40.80	23.00	
MK460248.1 	20	88677 	88748 	Ala	TGC	0	0	53.3	39.30	14.00	
MK460248.1 	21	88916 	88989 	Lys	CTT	0	0	58.9	25.60	33.30	
MK460248.1 	22	89849 	89924 	Asn	GTT	0	0	34.4	12.90	21.50	
MK460248.1 	23	90686 	90757 	Asn	GTT	0	0	67.9	41.50	26.40	
MK460248.1 	24	92417 	92488 	Arg	CCT	0	0	57.5	26.20	31.30	
MK460248.1 	25	92536 	92610 	Ile	GAT	0	0	68.4	46.80	21.60	
MK460248.1 	26	92615 	92686 	Ala	GGC	0	0	61.0	40.90	20.10	
MK460248.1 	27	92906 	92978 	Lys	CTT	0	0	64.6	33.60	31.00	
MK460248.1 	28	93098 	93172 	Lys	TTT	0	0	57.5	40.10	17.40	
MK460248.1 	29	93177 	93249 	Arg	TCG	0	0	51.6	32.90	18.70	
MK460248.1 	30	94508 	94579 	Met	CAT	0	0	56.8	30.50	26.30	
MK460248.1 	31	94583 	94653 	Met	CAT	0	0	32.4	11.50	20.90	
MK460248.1 	32	95280 	95361 	Tyr	GTA	0	0	48.5	22.50	26.00	
MK460248.1 	33	95418 	95489 	Tyr	GTA	0	0	27.0	12.10	14.90	
MK460248.1 	34	95492 	95563 	His	GTG	0	0	43.2	19.20	24.00	
MK460248.1 	35	95632 	95703 	Phe	GAA	0	0	56.1	43.50	12.60	
MK460248.1 	36	96412 	96486 	Thr	TGT	0	0	68.6	39.20	29.40	
MK460248.1 	37	96579 	96651 	Thr	GGT	0	0	50.7	18.80	31.90	
MK460248.1 	38	96821 	96893 	Arg	ACG	0	0	42.5	14.00	28.50	
MK460248.1 	39	97873 	98010 	Undet	NNN	0	0	17.2	23.50	-6.30	
MK460248.1 	40	100107	100181	Ala	GGC	0	0	35.3	13.60	21.70	
MK460248.1 	41	100743	100876	Undet	NNN	0	0	30.7	17.00	13.70	
MK460248.1 	42	105497	105578	Leu	GAG	0	0	58.6	29.60	29.00	
MK460248.1 	43	106016	106086	Val	GAC	0	0	56.5	34.80	21.70	
MK460248.1 	44	106513	106588	Leu	CAA	0	0	55.4	32.60	22.80	
MK460248.1 	45	106822	106906	Ser	GCT	0	0	22.5	16.00	6.50	
MK460248.1 	46	116563	116642	Gln	TTG	0	0	55.7	38.20	17.50	
MK460248.1 	47	16674 	16603 	Thr	CGT	0	0	47.3	19.80	27.50	
