Sequence   		tRNA  	Bounds	tRNA	Anti	Intron Bounds	Inf	HMM	2'Str	      
Name       	tRNA #	Begin 	End   	Type	Codon	Begin	End	Score	Score	Score	Note
--------   	------	----- 	------	----	-----	-----	----	------	-----	-----	------
MK494112.1 	1	73080 	73150 	Gly	TCC	0	0	73.1	55.30	17.80	
MK494112.1 	2	73185 	73258 	Gln	CTG	0	0	41.4	20.00	21.40	
MK494112.1 	3	73387 	73457 	Trp	CCA	0	0	54.5	27.40	27.10	
MK494112.1 	4	74333 	74404 	Pro	TGG	0	0	38.9	9.80	29.10	
MK494112.1 	5	74409 	74483 	Pro	TGG	0	0	74.2	46.10	28.10	
MK494112.1 	6	75265 	75341 	Undet	NNN	0	0	17.0	9.30	7.70	
MK494112.1 	7	77480 	77553 	Ile	TAT	0	0	55.1	27.30	27.80	
MK494112.1 	8	78400 	78485 	Undet	NNN	0	0	25.7	13.10	12.60	
MK494112.1 	9	81592 	81667 	Asp	GTC	0	0	64.0	48.90	15.10	
MK494112.1 	10	82032 	82102 	Asp	GTC	0	0	50.4	28.70	21.70	
MK494112.1 	11	87119 	87189 	Glu	CTC	0	0	54.3	22.30	32.00	
MK494112.1 	12	87447 	87520 	Glu	TTC	0	0	63.3	41.10	22.20	
MK494112.1 	13	87781 	87851 	Val	TAC	0	0	62.5	42.00	20.50	
MK494112.1 	14	88112 	88186 	Leu	TAG	0	0	45.3	17.50	27.80	
MK494112.1 	15	88326 	88399 	Leu	TAG	0	0	56.8	39.10	17.70	
MK494112.1 	16	88453 	88577 	Undet	NNN	0	0	23.8	11.50	12.30	
MK494112.1 	17	88721 	88791 	Gly	GCC	0	0	57.8	29.30	28.50	
MK494112.1 	18	88807 	88892 	Undet	NNN	0	0	20.7	11.70	9.00	
MK494112.1 	19	88899 	88971 	Arg	TCT	0	0	58.7	37.30	21.40	
MK494112.1 	20	89592 	89663 	Ala	TGC	0	0	53.3	39.30	14.00	
MK494112.1 	21	89831 	89904 	Lys	CTT	0	0	58.9	25.60	33.30	
MK494112.1 	22	90763 	90838 	Asn	GTT	0	0	34.4	12.90	21.50	
MK494112.1 	23	91600 	91671 	Asn	GTT	0	0	67.9	41.50	26.40	
MK494112.1 	24	93337 	93408 	Arg	CCT	0	0	58.6	27.20	31.40	
MK494112.1 	25	93456 	93530 	Ile	GAT	0	0	68.4	46.80	21.60	
MK494112.1 	26	93535 	93606 	Ala	GGC	0	0	61.0	40.90	20.10	
MK494112.1 	27	93780 	93852 	Lys	CTT	0	0	64.6	33.60	31.00	
MK494112.1 	28	93972 	94046 	Lys	TTT	0	0	57.5	40.10	17.40	
MK494112.1 	29	94051 	94123 	Arg	TCG	0	0	52.3	33.60	18.70	
MK494112.1 	30	95365 	95436 	Met	CAT	0	0	56.8	30.50	26.30	
MK494112.1 	31	95440 	95510 	Met	CAT	0	0	32.4	11.50	20.90	
MK494112.1 	32	96138 	96219 	Tyr	GTA	0	0	48.5	22.50	26.00	
MK494112.1 	33	96276 	96347 	Tyr	GTA	0	0	27.0	12.10	14.90	
MK494112.1 	34	96350 	96421 	His	GTG	0	0	43.2	19.20	24.00	
MK494112.1 	35	96490 	96561 	Phe	GAA	0	0	56.1	43.50	12.60	
MK494112.1 	36	97270 	97344 	Thr	TGT	0	0	68.6	39.20	29.40	
MK494112.1 	37	97437 	97509 	Thr	GGT	0	0	50.7	18.80	31.90	
MK494112.1 	38	97679 	97751 	Arg	ACG	0	0	42.5	14.00	28.50	
MK494112.1 	39	98731 	98868 	Undet	NNN	0	0	17.2	23.50	-6.30	
MK494112.1 	40	101602	101676	Ala	GGC	0	0	35.3	13.60	21.70	
MK494112.1 	41	102238	102371	Undet	NNN	0	0	30.7	17.00	13.70	
MK494112.1 	42	106515	106596	Leu	GAG	0	0	52.4	27.50	24.90	
MK494112.1 	43	107034	107104	Val	GAC	0	0	56.5	34.80	21.70	
MK494112.1 	44	107530	107605	Leu	CAA	0	0	49.9	29.50	20.40	
MK494112.1 	45	108044	108128	Ser	GCT	0	0	22.5	16.00	6.50	
MK494112.1 	46	118279	118358	Gln	TTG	0	0	57.4	39.10	18.30	
MK494112.1 	47	17780 	17710 	Thr	CGT	0	0	58.8	30.10	28.70	
