Sequence   		tRNA  	Bounds	tRNA	Anti	Intron Bounds	Inf	HMM	2'Str	      
Name       	tRNA #	Begin 	End   	Type	Codon	Begin	End	Score	Score	Score	Note
--------   	------	----- 	------	----	-----	-----	----	------	-----	-----	------
MK801722.1 	1	70218 	70291 	Gly	TCC	0	0	76.4	54.90	21.50	
MK801722.1 	2	70421 	70492 	Gln	CTG	0	0	50.4	13.10	37.30	
MK801722.1 	3	70599 	70671 	Trp	CCA	0	0	41.4	28.00	13.40	
MK801722.1 	4	71398 	71469 	Pro	TGG	0	0	36.8	7.30	29.50	
MK801722.1 	5	71493 	71567 	Pro	TGG	0	0	65.4	42.60	22.80	
MK801722.1 	6	72262 	72338 	Undet	NNN	0	0	17.0	8.30	8.70	
MK801722.1 	7	74454 	74527 	Ile	TAT	0	0	61.1	38.50	22.60	
MK801722.1 	8	74736 	74809 	Leu	TAA	0	0	48.8	23.90	24.90	
MK801722.1 	9	75663 	75750 	Undet	NNN	0	0	32.0	18.30	13.70	
MK801722.1 	10	77351 	77427 	Asp	GTC	0	0	37.1	19.70	17.40	
MK801722.1 	11	77871 	77941 	Asp	GTC	0	0	53.8	25.40	28.40	
MK801722.1 	12	83178 	83253 	Glu	CTC	0	0	65.9	40.30	25.60	
MK801722.1 	13	83508 	83582 	Glu	TTC	0	0	63.3	41.10	22.20	
MK801722.1 	14	83651 	83723 	Val	TAC	0	0	60.4	45.60	14.80	
MK801722.1 	15	83883 	83956 	Leu	TAG	0	0	55.7	35.10	20.60	
MK801722.1 	16	83969 	84049 	Leu	TAG	0	0	55.3	30.40	24.90	
MK801722.1 	17	84103 	84224 	Undet	NNN	0	0	28.9	19.10	9.80	
MK801722.1 	18	84364 	84435 	Phe	GAA	0	0	47.7	11.50	36.20	
MK801722.1 	19	84521 	84591 	Gly	GCC	0	0	60.0	33.40	26.60	
MK801722.1 	20	84597 	84669 	Arg	TCT	0	0	67.8	46.70	21.10	
MK801722.1 	21	85200 	85271 	Ala	TGC	0	0	51.8	37.20	14.60	
MK801722.1 	22	85438 	85512 	Lys	CTT	0	0	54.9	27.10	27.80	
MK801722.1 	23	86324 	86400 	Asn	GTT	0	0	43.8	20.30	23.50	
MK801722.1 	24	86935 	87007 	Asn	GTT	0	0	63.9	40.10	23.80	
MK801722.1 	25	88662 	88733 	Arg	CCT	0	0	55.4	27.20	28.20	
MK801722.1 	26	88977 	89049 	Ala	GGC	0	0	60.4	54.50	5.90	
MK801722.1 	27	89299 	89371 	Lys	CTT	0	0	68.0	41.40	26.60	
MK801722.1 	28	89497 	89570 	Lys	CTT	0	0	52.1	25.20	26.90	
MK801722.1 	29	89934 	90008 	Lys	TTT	0	0	68.5	38.00	30.50	
MK801722.1 	30	90194 	90266 	Arg	TCG	0	0	62.7	41.80	20.90	
MK801722.1 	31	91323 	91395 	Met	CAT	0	0	52.5	30.10	22.40	
MK801722.1 	32	91399 	91469 	fMet	CAT	0	0	37.4	23.50	13.90	
MK801722.1 	33	91864 	91946 	Tyr	GTA	0	0	50.2	23.50	26.70	
MK801722.1 	34	92136 	92207 	Tyr	GTA	0	0	30.8	11.70	19.10	
MK801722.1 	35	92210 	92282 	His	GTG	0	0	56.8	29.70	27.10	
MK801722.1 	36	93275 	93351 	Cys	GCA	0	0	30.7	14.40	16.30	
MK801722.1 	37	93354 	93428 	Thr	TGT	0	0	71.5	44.10	27.40	
MK801722.1 	38	93521 	93591 	Thr	GGT	0	0	43.5	12.70	30.80	
MK801722.1 	39	93725 	93797 	Arg	ACG	0	0	40.6	10.00	30.60	
MK801722.1 	40	95156 	95251 	Undet	NNN	0	0	18.5	23.50	-5.00	
MK801722.1 	41	96761 	96830 	Undet	NNN	0	0	38.3	11.50	26.80	
MK801722.1 	42	102170	102251	Leu	GAG	0	0	55.7	27.50	28.20	
MK801722.1 	43	102701	102771	Val	GAC	0	0	56.5	38.60	17.90	
MK801722.1 	44	103898	103971	Leu	CAA	0	0	58.4	31.40	27.00	
MK801722.1 	45	104207	104297	Ser	GCT	0	0	64.4	42.60	21.80	
MK801722.1 	46	111301	111380	Gln	TTG	0	0	58.1	36.10	22.00	
MK801722.1 	47	14438 	14366 	Thr	CGT	0	0	60.0	26.10	33.90	
