Sequence   		tRNA  	Bounds	tRNA	Anti	Intron Bounds	Inf	HMM	2'Str	      
Name       	tRNA #	Begin 	End   	Type	Codon	Begin	End	Score	Score	Score	Note
--------   	------	----- 	------	----	-----	-----	----	------	-----	-----	------
MK977711.1 	1	72045 	72115 	Gly	TCC	0	0	73.1	55.30	17.80	
MK977711.1 	2	72246 	72317 	Gln	CTG	0	0	43.1	18.50	24.60	
MK977711.1 	3	72525 	72595 	Trp	CCA	0	0	48.8	17.00	31.80	
MK977711.1 	4	73452 	73523 	Pro	TGG	0	0	38.9	11.70	27.20	
MK977711.1 	5	73529 	73603 	Pro	TGG	0	0	74.2	46.10	28.10	
MK977711.1 	6	76503 	76576 	Ile	TAT	0	0	55.1	27.30	27.80	
MK977711.1 	7	77085 	77170 	Ser	GGA	0	0	28.3	8.20	20.10	
MK977711.1 	8	77412 	77497 	Undet	NNN	0	0	34.4	17.50	16.90	
MK977711.1 	9	80586 	80661 	Asp	GTC	0	0	64.0	48.90	15.10	
MK977711.1 	10	81286 	81356 	Asp	GTC	0	0	51.6	29.10	22.50	
MK977711.1 	11	85844 	85914 	Glu	CTC	0	0	54.4	22.40	32.00	
MK977711.1 	12	86161 	86235 	Glu	TTC	0	0	59.9	35.80	24.10	
MK977711.1 	13	86492 	86562 	Val	TAC	0	0	64.1	44.20	19.90	
MK977711.1 	14	86757 	86831 	Leu	TAG	0	0	45.3	17.50	27.80	
MK977711.1 	15	86991 	87064 	Leu	TAG	0	0	57.9	40.20	17.70	
MK977711.1 	16	87118 	87243 	Undet	NNN	0	0	22.5	12.20	10.30	
MK977711.1 	17	87387 	87457 	Gly	GCC	0	0	57.8	29.30	28.50	
MK977711.1 	18	87535 	87607 	Arg	TCT	0	0	56.5	36.90	19.60	
MK977711.1 	19	88227 	88298 	Ala	TGC	0	0	55.9	37.00	18.90	
MK977711.1 	20	88565 	88638 	Lys	CTT	0	0	58.9	25.60	33.30	
MK977711.1 	21	89496 	89571 	Asn	GTT	0	0	34.4	12.90	21.50	
MK977711.1 	22	90327 	90399 	Asn	GTT	0	0	64.8	39.10	25.70	
MK977711.1 	23	91173 	91244 	Arg	CCT	0	0	58.6	27.20	31.40	
MK977711.1 	24	91494 	91568 	Ile	GAT	0	0	68.4	46.80	21.60	
MK977711.1 	25	91642 	91714 	Ala	GGC	0	0	62.7	39.90	22.80	
MK977711.1 	26	91928 	92000 	Lys	CTT	0	0	65.5	42.50	23.00	
MK977711.1 	27	92125 	92199 	Lys	TTT	0	0	57.5	40.10	17.40	
MK977711.1 	28	92204 	92276 	Arg	TCG	0	0	51.2	32.40	18.80	
MK977711.1 	29	93560 	93641 	Met	CAT	0	0	33.2	15.60	17.60	
MK977711.1 	30	93645 	93715 	Ile2	CAT	0	0	27.1	4.40	22.70	
MK977711.1 	31	94347 	94428 	Tyr	GTA	0	0	44.3	21.40	22.90	
MK977711.1 	32	94485 	94556 	Tyr	GTA	0	0	27.0	12.10	14.90	
MK977711.1 	33	94754 	94828 	His	GTG	0	0	55.8	45.90	9.90	
MK977711.1 	34	94900 	94971 	Phe	GAA	0	0	52.1	39.50	12.60	
MK977711.1 	35	95654 	95728 	Thr	TGT	0	0	68.6	39.20	29.40	
MK977711.1 	36	95822 	95894 	Thr	GGT	0	0	43.7	20.30	23.40	
MK977711.1 	37	96077 	96149 	Arg	ACG	0	0	42.3	13.90	28.40	
MK977711.1 	38	97129 	97266 	Undet	NNN	0	0	17.2	23.50	-6.30	
MK977711.1 	39	99780 	99853 	Ala	GGC	0	0	34.9	13.30	21.60	
MK977711.1 	40	100424	100563	Undet	NNN	0	0	36.1	21.70	14.40	
MK977711.1 	41	105201	105282	Leu	GAG	0	0	52.5	24.80	27.70	
MK977711.1 	42	105721	105791	Val	GAC	0	0	54.3	32.50	21.80	
MK977711.1 	43	106227	106302	Leu	CAA	0	0	56.8	29.80	27.00	
MK977711.1 	44	106536	106620	Ser	GCT	0	0	21.6	15.10	6.50	
MK977711.1 	45	116264	116343	Gln	TTG	0	0	55.7	38.20	17.50	
MK977711.1 	46	16752 	16681 	Thr	CGT	0	0	39.7	12.40	27.30	
