Sequence   		tRNA  	Bounds	tRNA	Anti	Intron Bounds	Inf	HMM	2'Str	      
Name       	tRNA #	Begin 	End   	Type	Codon	Begin	End	Score	Score	Score	Note
--------   	------	----- 	------	----	-----	-----	----	------	-----	-----	------
MN096371.1 	1	72547 	72617 	Gly	TCC	0	0	67.0	42.30	24.70	
MN096371.1 	2	72748 	72819 	Gln	CTG	0	0	45.0	20.40	24.60	
MN096371.1 	3	73029 	73099 	Trp	CCA	0	0	49.6	18.90	30.70	
MN096371.1 	4	73970 	74041 	Pro	TGG	0	0	38.9	9.80	29.10	
MN096371.1 	5	74046 	74120 	Pro	TGG	0	0	74.2	46.10	28.10	
MN096371.1 	6	74904 	74980 	Undet	NNN	0	0	17.0	9.30	7.70	
MN096371.1 	7	77112 	77185 	Ile	TAT	0	0	55.1	27.30	27.80	
MN096371.1 	8	78031 	78116 	Ser	TGA	0	0	40.4	25.10	15.30	
MN096371.1 	9	79499 	79574 	Asp	GTC	0	0	64.0	48.90	15.10	
MN096371.1 	10	80015 	80085 	Asp	GTC	0	0	53.5	31.00	22.50	
MN096371.1 	11	84728 	84798 	Glu	CTC	0	0	51.9	17.70	34.20	
MN096371.1 	12	85053 	85126 	Glu	TTC	0	0	63.3	41.10	22.20	
MN096371.1 	13	85386 	85456 	Val	TAC	0	0	64.0	45.00	19.00	
MN096371.1 	14	85719 	85793 	Leu	TAG	0	0	45.3	17.50	27.80	
MN096371.1 	15	85933 	86006 	Leu	TAG	0	0	56.8	39.10	17.70	
MN096371.1 	16	86061 	86186 	Undet	NNN	0	0	26.9	14.90	12.00	
MN096371.1 	17	86331 	86401 	Gly	GCC	0	0	62.5	35.10	27.40	
MN096371.1 	18	86543 	86615 	Arg	TCT	0	0	63.8	40.80	23.00	
MN096371.1 	19	87390 	87461 	Ala	TGC	0	0	54.6	34.40	20.20	
MN096371.1 	20	87628 	87701 	Lys	CTT	0	0	58.9	25.60	33.30	
MN096371.1 	21	88561 	88636 	Asn	GTT	0	0	34.4	12.90	21.50	
MN096371.1 	22	89391 	89462 	Asn	GTT	0	0	64.3	38.30	26.00	
MN096371.1 	23	90220 	90291 	Arg	CCT	0	0	59.3	32.00	27.30	
MN096371.1 	24	90541 	90615 	Ile	GAT	0	0	68.4	46.80	21.60	
MN096371.1 	25	90689 	90760 	Ala	GGC	0	0	61.3	38.50	22.80	
MN096371.1 	26	90974 	91046 	Lys	CTT	0	0	68.4	38.40	30.00	
MN096371.1 	27	91547 	91620 	Lys	TTT	0	0	63.0	27.50	35.50	
MN096371.1 	28	92044 	92119 	Phe	GAA	92080	92083	26.0	13.50	12.50	
MN096371.1 	29	93284 	93355 	Met	CAT	0	0	56.8	30.50	26.30	
MN096371.1 	30	93359 	93429 	Met	CAT	0	0	29.4	6.70	22.70	
MN096371.1 	31	94058 	94139 	Tyr	GTA	0	0	47.5	22.80	24.70	
MN096371.1 	32	94196 	94267 	Tyr	GTA	0	0	24.4	13.80	10.60	
MN096371.1 	33	94420 	94494 	His	GTG	0	0	55.8	45.90	9.90	
MN096371.1 	34	94677 	94748 	Phe	GAA	0	0	52.1	39.50	12.60	
MN096371.1 	35	95434 	95508 	Thr	TGT	0	0	68.6	39.20	29.40	
MN096371.1 	36	95601 	95672 	Thr	GGT	0	0	65.0	41.80	23.20	
MN096371.1 	37	96848 	96985 	Undet	NNN	0	0	17.2	23.50	-6.30	
MN096371.1 	38	98833 	98899 	Ala	GGC	0	0	18.6	16.80	1.80	
MN096371.1 	39	103528	103609	Leu	GAG	0	0	56.3	29.80	26.50	
MN096371.1 	40	104048	104118	Val	GAC	0	0	58.4	36.70	21.70	
MN096371.1 	41	104549	104624	Leu	CAA	0	0	61.3	39.70	21.60	
MN096371.1 	42	105245	105329	Ser	GCT	0	0	27.2	19.80	7.40	
MN096371.1 	43	114740	114819	Gln	TTG	0	0	55.7	38.20	17.50	
MN096371.1 	44	15641 	15571 	Thr	CGT	0	0	58.8	30.10	28.70	
