Sequence   		tRNA  	Bounds	tRNA	Anti	Intron Bounds	Inf	HMM	2'Str	      
Name       	tRNA #	Begin 	End   	Type	Codon	Begin	End	Score	Score	Score	Note
--------   	------	----- 	------	----	-----	-----	----	------	-----	-----	------
MN369743.1 	1	72196 	72266 	Gly	TCC	0	0	67.0	42.30	24.70	
MN369743.1 	2	72301 	72374 	Gln	CTG	0	0	41.4	20.00	21.40	
MN369743.1 	3	72582 	72652 	Trp	CCA	0	0	48.8	17.00	31.80	
MN369743.1 	4	73528 	73601 	Pro	TGG	0	0	37.4	10.00	27.40	
MN369743.1 	5	73605 	73679 	Pro	TGG	0	0	74.2	46.10	28.10	
MN369743.1 	6	74463 	74539 	Undet	NNN	0	0	17.0	9.30	7.70	
MN369743.1 	7	76678 	76751 	Ile	TAT	0	0	55.1	27.30	27.80	
MN369743.1 	8	77596 	77681 	Undet	NNN	0	0	25.7	13.10	12.60	
MN369743.1 	9	80786 	80861 	Asp	GTC	0	0	62.9	47.80	15.10	
MN369743.1 	10	81385 	81455 	Asp	GTC	0	0	56.1	32.10	24.00	
MN369743.1 	11	86436 	86506 	Glu	CTC	0	0	54.4	22.40	32.00	
MN369743.1 	12	86764 	86837 	Glu	TTC	0	0	63.3	41.10	22.20	
MN369743.1 	13	86850 	86920 	Val	TAC	0	0	62.5	42.00	20.50	
MN369743.1 	14	87075 	87149 	Leu	TAG	0	0	45.3	17.50	27.80	
MN369743.1 	15	87289 	87362 	Leu	TAG	0	0	50.9	35.50	15.40	
MN369743.1 	16	87416 	87540 	Undet	NNN	0	0	21.9	9.90	12.00	
MN369743.1 	17	87684 	87754 	Gly	GCC	0	0	57.8	29.30	28.50	
MN369743.1 	18	87830 	87902 	Arg	TCT	0	0	63.8	40.80	23.00	
MN369743.1 	19	88523 	88594 	Ala	TGC	0	0	53.3	39.30	14.00	
MN369743.1 	20	88762 	88835 	Lys	CTT	0	0	58.9	25.60	33.30	
MN369743.1 	21	89696 	89771 	Asn	GTT	0	0	34.4	12.90	21.50	
MN369743.1 	22	90533 	90604 	Asn	GTT	0	0	67.9	41.50	26.40	
MN369743.1 	23	92264 	92335 	Arg	CCT	0	0	58.6	27.20	31.40	
MN369743.1 	24	92581 	92655 	Ile	GAT	0	0	68.4	46.80	21.60	
MN369743.1 	25	92660 	92731 	Ala	GGC	0	0	61.0	40.90	20.10	
MN369743.1 	26	92951 	93023 	Lys	CTT	0	0	64.6	33.60	31.00	
MN369743.1 	27	93133 	93207 	Lys	TTT	0	0	57.5	40.10	17.40	
MN369743.1 	28	93212 	93284 	Arg	TCG	0	0	52.3	33.60	18.70	
MN369743.1 	29	94525 	94596 	Met	CAT	0	0	56.8	30.50	26.30	
MN369743.1 	30	94600 	94670 	Met	CAT	0	0	32.4	11.50	20.90	
MN369743.1 	31	95297 	95378 	Tyr	GTA	0	0	41.5	23.00	18.50	
MN369743.1 	32	95435 	95506 	Tyr	GTA	0	0	27.0	12.10	14.90	
MN369743.1 	33	95509 	95580 	His	GTG	0	0	43.2	19.20	24.00	
MN369743.1 	34	95649 	95720 	Phe	GAA	0	0	56.1	43.50	12.60	
MN369743.1 	35	96429 	96503 	Thr	TGT	0	0	68.6	39.20	29.40	
MN369743.1 	36	96596 	96668 	Thr	GGT	0	0	50.7	18.80	31.90	
MN369743.1 	37	96838 	96910 	Arg	ACG	0	0	42.5	14.00	28.50	
MN369743.1 	38	97890 	98027 	Undet	NNN	0	0	17.2	23.50	-6.30	
MN369743.1 	39	100124	100198	Ala	GGC	0	0	35.3	13.60	21.70	
MN369743.1 	40	105338	105419	Leu	GAG	0	0	56.7	27.50	29.20	
MN369743.1 	41	105857	105927	Val	GAC	0	0	56.5	34.80	21.70	
MN369743.1 	42	106353	106428	Leu	CAA	0	0	55.4	32.60	22.80	
MN369743.1 	43	106662	106746	Ser	GCT	0	0	22.5	16.00	6.50	
MN369743.1 	44	116728	116807	Gln	TTG	0	0	57.4	39.10	18.30	
MN369743.1 	45	16452 	16381 	Thr	CGT	0	0	47.3	19.80	27.50	
