Sequence   		tRNA  	Bounds	tRNA	Anti	Intron Bounds	Inf	HMM	2'Str	      
Name       	tRNA #	Begin 	End   	Type	Codon	Begin	End	Score	Score	Score	Note
--------   	------	----- 	------	----	-----	-----	----	------	-----	-----	------
MN369757.1 	1	72490 	72563 	Gly	TCC	0	0	76.4	54.90	21.50	
MN369757.1 	2	72693 	72764 	Gln	CTG	0	0	50.4	13.10	37.30	
MN369757.1 	3	72870 	72940 	Trp	CCA	0	0	46.7	12.70	34.00	
MN369757.1 	4	73667 	73738 	Pro	TGG	0	0	36.8	7.30	29.50	
MN369757.1 	5	73762 	73836 	Pro	TGG	0	0	65.4	42.60	22.80	
MN369757.1 	6	74531 	74607 	Undet	NNN	0	0	17.0	8.30	8.70	
MN369757.1 	7	76723 	76796 	Ile	TAT	0	0	61.1	38.50	22.60	
MN369757.1 	8	77005 	77078 	Leu	TAA	0	0	48.7	24.00	24.70	
MN369757.1 	9	77932 	78019 	Undet	NNN	0	0	32.0	18.30	13.70	
MN369757.1 	10	79619 	79695 	Asp	GTC	0	0	37.1	19.70	17.40	
MN369757.1 	11	80139 	80209 	Asp	GTC	0	0	53.8	25.40	28.40	
MN369757.1 	12	85446 	85521 	Glu	CTC	0	0	64.7	39.20	25.50	
MN369757.1 	13	85776 	85850 	Glu	TTC	0	0	63.3	41.10	22.20	
MN369757.1 	14	85919 	85991 	Val	TAC	0	0	60.4	45.60	14.80	
MN369757.1 	15	86151 	86224 	Leu	TAG	0	0	55.7	35.10	20.60	
MN369757.1 	16	86237 	86317 	Leu	TAG	0	0	55.3	30.40	24.90	
MN369757.1 	17	86371 	86492 	Undet	NNN	0	0	29.4	19.10	10.30	
MN369757.1 	18	86632 	86703 	Phe	GAA	0	0	47.7	11.50	36.20	
MN369757.1 	19	86790 	86860 	Gly	GCC	0	0	62.7	35.00	27.70	
MN369757.1 	20	86866 	86938 	Arg	TCT	0	0	67.8	46.70	21.10	
MN369757.1 	21	87469 	87540 	Ala	TGC	0	0	51.8	37.20	14.60	
MN369757.1 	22	87707 	87779 	Lys	CTT	0	0	64.8	34.40	30.40	
MN369757.1 	23	88944 	89020 	Asn	GTT	0	0	43.8	20.30	23.50	
MN369757.1 	24	89783 	89855 	Asn	GTT	0	0	63.9	40.10	23.80	
MN369757.1 	25	91510 	91581 	Arg	CCT	0	0	55.4	27.20	28.20	
MN369757.1 	26	91627 	91699 	Ala	GGC	0	0	59.5	53.50	6.00	
MN369757.1 	27	91949 	92021 	Lys	CTT	0	0	68.0	41.40	26.60	
MN369757.1 	28	92147 	92220 	Lys	CTT	0	0	52.1	25.20	26.90	
MN369757.1 	29	92584 	92658 	Lys	TTT	0	0	68.5	38.00	30.50	
MN369757.1 	30	92844 	92916 	Arg	TCG	0	0	62.7	41.80	20.90	
MN369757.1 	31	93973 	94045 	Met	CAT	0	0	52.5	30.10	22.40	
MN369757.1 	32	94049 	94119 	fMet	CAT	0	0	37.4	23.50	13.90	
MN369757.1 	33	94514 	94596 	Tyr	GTA	0	0	50.2	23.50	26.70	
MN369757.1 	34	94786 	94857 	Tyr	GTA	0	0	30.8	11.70	19.10	
MN369757.1 	35	94860 	94932 	His	GTG	0	0	56.8	29.70	27.10	
MN369757.1 	36	95925 	96001 	Cys	GCA	0	0	30.7	14.40	16.30	
MN369757.1 	37	96004 	96078 	Thr	TGT	0	0	71.5	44.10	27.40	
MN369757.1 	38	96171 	96241 	Thr	GGT	0	0	43.5	12.70	30.80	
MN369757.1 	39	96375 	96447 	Arg	ACG	0	0	40.6	10.00	30.60	
MN369757.1 	40	97807 	97902 	Undet	NNN	0	0	18.5	23.50	-5.00	
MN369757.1 	41	99412 	99481 	Undet	NNN	0	0	38.3	11.50	26.80	
MN369757.1 	42	104821	104902	Leu	GAG	0	0	55.7	27.50	28.20	
MN369757.1 	43	105352	105422	Val	GAC	0	0	56.5	38.60	17.90	
MN369757.1 	44	106549	106622	Leu	CAA	0	0	58.4	31.40	27.00	
MN369757.1 	45	106858	106947	Ser	GCT	0	0	69.5	44.80	24.70	
MN369757.1 	46	113951	114030	Gln	TTG	0	0	58.1	36.10	22.00	
MN369757.1 	47	16572 	16500 	Thr	CGT	0	0	60.0	26.10	33.90	
