Sequence   		tRNA  	Bounds	tRNA	Anti	Intron Bounds	Inf	HMM	2'Str	      
Name       	tRNA #	Begin 	End   	Type	Codon	Begin	End	Score	Score	Score	Note
--------   	------	----- 	------	----	-----	-----	----	------	-----	-----	------
MN369750.1 	1	71952 	72025 	Gly	TCC	0	0	76.4	54.90	21.50	
MN369750.1 	2	72155 	72226 	Gln	CTG	0	0	50.4	13.10	37.30	
MN369750.1 	3	72333 	72405 	Trp	CCA	0	0	41.4	28.00	13.40	
MN369750.1 	4	73132 	73203 	Pro	TGG	0	0	36.8	7.30	29.50	
MN369750.1 	5	73227 	73301 	Pro	TGG	0	0	65.4	42.60	22.80	
MN369750.1 	6	74427 	74499 	Ile	GAT	0	0	67.3	46.80	20.50	
MN369750.1 	7	76615 	76688 	Ile	TAT	0	0	61.1	38.50	22.60	
MN369750.1 	8	76897 	76970 	Leu	TAA	0	0	48.8	23.90	24.90	
MN369750.1 	9	77824 	77911 	Undet	NNN	0	0	32.0	18.30	13.70	
MN369750.1 	10	79512 	79588 	Asp	GTC	0	0	37.1	19.70	17.40	
MN369750.1 	11	80032 	80102 	Asp	GTC	0	0	53.8	25.40	28.40	
MN369750.1 	12	85339 	85414 	Glu	CTC	0	0	65.9	40.30	25.60	
MN369750.1 	13	85669 	85743 	Glu	TTC	0	0	63.3	41.10	22.20	
MN369750.1 	14	85812 	85884 	Val	TAC	0	0	60.4	45.60	14.80	
MN369750.1 	15	86044 	86117 	Leu	TAG	0	0	55.7	35.10	20.60	
MN369750.1 	16	86130 	86210 	Leu	TAG	0	0	55.3	30.40	24.90	
MN369750.1 	17	86264 	86385 	Undet	NNN	0	0	28.9	19.10	9.80	
MN369750.1 	18	86525 	86596 	Phe	GAA	0	0	47.7	13.20	34.50	
MN369750.1 	19	87657 	87727 	Gly	GCC	0	0	64.1	33.80	30.30	
MN369750.1 	20	87733 	87805 	Arg	TCT	0	0	68.3	46.30	22.00	
MN369750.1 	21	88336 	88407 	Ala	TGC	0	0	51.8	37.20	14.60	
MN369750.1 	22	88574 	88646 	Lys	CTT	0	0	64.8	34.40	30.40	
MN369750.1 	23	89458 	89534 	Asn	GTT	0	0	43.8	20.30	23.50	
MN369750.1 	24	90297 	90369 	Asn	GTT	0	0	63.9	40.10	23.80	
MN369750.1 	25	92825 	92897 	Ala	GGC	0	0	60.4	54.50	5.90	
MN369750.1 	26	93133 	93205 	Lys	CTT	0	0	68.0	41.40	26.60	
MN369750.1 	27	93331 	93404 	Lys	CTT	0	0	52.5	24.00	28.50	
MN369750.1 	28	93768 	93842 	Lys	TTT	0	0	68.5	38.00	30.50	
MN369750.1 	29	94028 	94100 	Arg	TCG	0	0	62.7	41.80	20.90	
MN369750.1 	30	95157 	95229 	Met	CAT	0	0	52.5	30.10	22.40	
MN369750.1 	31	95233 	95303 	fMet	CAT	0	0	37.4	23.50	13.90	
MN369750.1 	32	95698 	95780 	Tyr	GTA	0	0	50.2	23.50	26.70	
MN369750.1 	33	95970 	96041 	Tyr	GTA	0	0	30.8	11.70	19.10	
MN369750.1 	34	96044 	96116 	His	GTG	0	0	56.8	29.70	27.10	
MN369750.1 	35	97109 	97185 	Cys	GCA	0	0	30.7	14.40	16.30	
MN369750.1 	36	97188 	97262 	Thr	TGT	0	0	71.5	44.10	27.40	
MN369750.1 	37	97355 	97425 	Thr	GGT	0	0	43.5	12.70	30.80	
MN369750.1 	38	99773 	99868 	Undet	NNN	0	0	18.5	23.50	-5.00	
MN369750.1 	39	101378	101447	Undet	NNN	0	0	38.3	11.50	26.80	
MN369750.1 	40	102071	102152	Leu	CAA	102101	102115	18.0	6.60	11.40	
MN369750.1 	41	106787	106868	Leu	GAG	0	0	55.7	27.50	28.20	
MN369750.1 	42	107318	107388	Val	GAC	0	0	56.5	38.60	17.90	
MN369750.1 	43	108515	108588	Leu	CAA	0	0	58.4	31.40	27.00	
MN369750.1 	44	108824	108914	Ser	GCT	0	0	64.4	42.60	21.80	
MN369750.1 	45	115918	115997	Gln	TTG	0	0	58.1	36.10	22.00	
MN369750.1 	46	16175 	16103 	Thr	CGT	0	0	60.0	26.10	33.90	
