Sequence   		tRNA  	Bounds	tRNA	Anti	Intron Bounds	Inf	HMM	2'Str	      
Name       	tRNA #	Begin 	End   	Type	Codon	Begin	End	Score	Score	Score	Note
--------   	------	----- 	------	----	-----	-----	----	------	-----	-----	------
MN428060.1 	1	72062 	72135 	Gly	TCC	0	0	76.4	54.90	21.50	
MN428060.1 	2	72265 	72336 	Gln	CTG	0	0	50.4	13.10	37.30	
MN428060.1 	3	72442 	72512 	Trp	CCA	0	0	46.7	12.70	34.00	
MN428060.1 	4	73239 	73310 	Pro	TGG	0	0	36.8	7.30	29.50	
MN428060.1 	5	73334 	73408 	Pro	TGG	0	0	65.4	42.60	22.80	
MN428060.1 	6	74103 	74179 	Undet	NNN	0	0	17.0	8.30	8.70	
MN428060.1 	7	76295 	76368 	Ile	TAT	0	0	61.1	38.50	22.60	
MN428060.1 	8	76577 	76650 	Leu	TAA	0	0	48.8	23.90	24.90	
MN428060.1 	9	77504 	77591 	Undet	NNN	0	0	32.0	18.30	13.70	
MN428060.1 	10	79192 	79268 	Asp	GTC	0	0	37.1	19.70	17.40	
MN428060.1 	11	79712 	79782 	Asp	GTC	0	0	53.8	25.40	28.40	
MN428060.1 	12	85019 	85094 	Glu	CTC	0	0	65.9	40.30	25.60	
MN428060.1 	13	85349 	85423 	Glu	TTC	0	0	63.3	41.10	22.20	
MN428060.1 	14	85492 	85564 	Val	TAC	0	0	60.4	45.60	14.80	
MN428060.1 	15	85724 	85797 	Leu	TAG	0	0	55.7	35.10	20.60	
MN428060.1 	16	85810 	85890 	Leu	TAG	0	0	55.3	30.40	24.90	
MN428060.1 	17	85944 	86065 	Undet	NNN	0	0	28.9	19.10	9.80	
MN428060.1 	18	86205 	86276 	Phe	GAA	0	0	47.7	11.50	36.20	
MN428060.1 	19	86362 	86432 	Gly	GCC	0	0	57.7	32.00	25.70	
MN428060.1 	20	86438 	86510 	Arg	TCT	0	0	67.8	46.70	21.10	
MN428060.1 	21	87041 	87112 	Ala	TGC	0	0	51.8	37.20	14.60	
MN428060.1 	22	87279 	87353 	Lys	CTT	0	0	54.9	27.10	27.80	
MN428060.1 	23	88165 	88241 	Asn	GTT	0	0	43.8	20.30	23.50	
MN428060.1 	24	89004 	89076 	Asn	GTT	0	0	63.9	40.10	23.80	
MN428060.1 	25	90731 	90802 	Arg	CCT	0	0	55.4	27.20	28.20	
MN428060.1 	26	91053 	91125 	Ala	GGC	0	0	60.4	54.50	5.90	
MN428060.1 	27	91361 	91433 	Lys	CTT	0	0	68.0	41.40	26.60	
MN428060.1 	28	91559 	91632 	Lys	CTT	0	0	52.5	24.00	28.50	
MN428060.1 	29	91996 	92070 	Lys	TTT	0	0	68.5	38.00	30.50	
MN428060.1 	30	92256 	92328 	Arg	TCG	0	0	62.7	41.80	20.90	
MN428060.1 	31	93385 	93457 	Met	CAT	0	0	52.5	30.10	22.40	
MN428060.1 	32	93461 	93531 	fMet	CAT	0	0	37.4	23.50	13.90	
MN428060.1 	33	93926 	94008 	Tyr	GTA	0	0	50.2	23.50	26.70	
MN428060.1 	34	94198 	94269 	Tyr	GTA	0	0	30.8	11.70	19.10	
MN428060.1 	35	94272 	94344 	His	GTG	0	0	56.8	29.70	27.10	
MN428060.1 	36	95337 	95413 	Cys	GCA	0	0	30.7	14.40	16.30	
MN428060.1 	37	95416 	95490 	Thr	TGT	0	0	71.5	44.10	27.40	
MN428060.1 	38	95583 	95653 	Thr	GGT	0	0	43.5	12.70	30.80	
MN428060.1 	39	95787 	95859 	Arg	ACG	0	0	47.0	7.80	39.20	
MN428060.1 	40	97609 	97704 	Undet	NNN	0	0	18.5	23.60	-5.10	
MN428060.1 	41	99214 	99283 	Undet	NNN	0	0	38.3	11.50	26.80	
MN428060.1 	42	104623	104704	Leu	GAG	0	0	55.7	27.50	28.20	
MN428060.1 	43	105154	105224	Val	GAC	0	0	56.5	38.60	17.90	
MN428060.1 	44	106351	106424	Leu	CAA	0	0	58.4	31.40	27.00	
MN428060.1 	45	106660	106750	Ser	GCT	0	0	64.4	42.60	21.80	
MN428060.1 	46	113754	113833	Gln	TTG	0	0	58.1	36.10	22.00	
MN428060.1 	47	16284 	16212 	Thr	CGT	0	0	60.0	26.10	33.90	
