Sequence   		tRNA  	Bounds	tRNA	Anti	Intron Bounds	Inf	HMM	2'Str	      
Name       	tRNA #	Begin 	End   	Type	Codon	Begin	End	Score	Score	Score	Note
--------   	------	----- 	------	----	-----	-----	----	------	-----	-----	------
MN444876.1 	1	71839 	71909 	Gly	TCC	0	0	67.8	49.80	18.00	
MN444876.1 	2	71915 	71985 	Gln	CTG	0	0	48.0	16.90	31.10	
MN444876.1 	3	72155 	72225 	Trp	CCA	0	0	48.8	17.00	31.80	
MN444876.1 	4	73100 	73171 	Pro	TGG	0	0	37.1	10.90	26.20	
MN444876.1 	5	73303 	73377 	Pro	TGG	0	0	67.3	36.90	30.40	
MN444876.1 	6	74075 	74151 	Undet	NNN	0	0	17.0	9.30	7.70	
MN444876.1 	7	76287 	76359 	Ile	TAT	0	0	51.4	29.60	21.80	
MN444876.1 	8	76740 	76826 	Ser	GGA	0	0	30.0	14.60	15.40	
MN444876.1 	9	77537 	77627 	Ser	TGA	0	0	50.6	20.80	29.80	
MN444876.1 	10	80887 	80962 	Asp	GTC	0	0	65.9	50.80	15.10	
MN444876.1 	11	80968 	81040 	Asp	GTC	0	0	51.9	26.00	25.90	
MN444876.1 	12	85531 	85601 	Glu	CTC	0	0	50.7	19.60	31.10	
MN444876.1 	13	85853 	85927 	Glu	TTC	0	0	63.3	41.10	22.20	
MN444876.1 	14	86185 	86255 	Val	TAC	0	0	64.1	44.20	19.90	
MN444876.1 	15	86599 	86673 	Leu	TAG	0	0	56.0	25.40	30.60	
MN444876.1 	16	86689 	86762 	Leu	TAG	0	0	58.8	39.10	19.70	
MN444876.1 	17	86817 	86940 	Undet	NNN	0	0	21.5	8.90	12.60	
MN444876.1 	18	87085 	87155 	Gly	GCC	0	0	61.3	32.80	28.50	
MN444876.1 	19	87161 	87235 	Undet	NNN	0	0	27.4	18.40	9.00	
MN444876.1 	20	88033 	88104 	Ala	TGC	0	0	52.2	32.00	20.20	
MN444876.1 	21	88271 	88344 	Lys	CTT	0	0	58.9	25.60	33.30	
MN444876.1 	22	89198 	89273 	Asn	GTT	0	0	34.4	12.90	21.50	
MN444876.1 	23	89673 	89745 	Asn	GTT	0	0	62.8	37.90	24.90	
MN444876.1 	24	91750 	91821 	Arg	CCT	0	0	66.0	38.30	27.70	
MN444876.1 	25	92300 	92372 	Ala	GGC	0	0	59.5	53.50	6.00	
MN444876.1 	26	92586 	92658 	Lys	CTT	0	0	64.5	39.80	24.70	
MN444876.1 	27	92779 	92853 	Lys	TTT	0	0	57.5	40.10	17.40	
MN444876.1 	28	93017 	93089 	Arg	TCG	0	0	62.7	41.80	20.90	
MN444876.1 	29	94340 	94411 	Met	CAT	0	0	56.8	30.50	26.30	
MN444876.1 	30	94415 	94485 	Met	CAT	0	0	29.4	6.70	22.70	
MN444876.1 	31	94863 	94934 	Tyr	GTA	0	0	31.1	12.70	18.40	
MN444876.1 	32	95225 	95299 	His	GTG	0	0	55.8	45.90	9.90	
MN444876.1 	33	95395 	95466 	Phe	GAA	0	0	52.1	39.50	12.60	
MN444876.1 	34	96159 	96233 	Thr	TGT	0	0	68.6	39.20	29.40	
MN444876.1 	35	96326 	96398 	Thr	GGT	0	0	50.7	18.80	31.90	
MN444876.1 	36	96521 	96593 	Arg	ACG	0	0	41.0	10.70	30.30	
MN444876.1 	37	99721 	99790 	Undet	NNN	0	0	34.7	12.80	21.90	
MN444876.1 	38	100401	100484	Leu	TAA	100446	100449	17.9	11.10	6.80	
MN444876.1 	39	105026	105107	Leu	GAG	0	0	49.9	23.70	26.20	
MN444876.1 	40	105640	105710	Val	GAC	0	0	54.0	31.00	23.00	
MN444876.1 	41	106132	106205	Leu	CAA	0	0	50.9	29.90	21.00	
MN444876.1 	42	106437	106517	Ser	GCT	0	0	26.2	11.70	14.50	
MN444876.1 	43	116360	116432	Gln	TTG	0	0	52.3	29.10	23.20	
MN444876.1 	44	17142 	17072 	Thr	CGT	0	0	57.1	27.00	30.10	
