Sequence   		tRNA  	Bounds	tRNA	Anti	Intron Bounds	Inf	HMM	2'Str	      
Name       	tRNA #	Begin 	End   	Type	Codon	Begin	End	Score	Score	Score	Note
--------   	------	----- 	------	----	-----	-----	----	------	-----	-----	------
MN484599.1 	1	72703 	72776 	Gly	TCC	0	0	76.4	54.90	21.50	
MN484599.1 	2	72906 	72977 	Gln	CTG	0	0	50.4	13.10	37.30	
MN484599.1 	3	73084 	73156 	Trp	CCA	0	0	41.4	28.00	13.40	
MN484599.1 	4	73883 	73954 	Pro	TGG	0	0	36.8	7.30	29.50	
MN484599.1 	5	73978 	74052 	Pro	TGG	0	0	65.4	42.60	22.80	
MN484599.1 	6	74747 	74823 	Undet	NNN	0	0	17.0	8.30	8.70	
MN484599.1 	7	76939 	77012 	Ile	TAT	0	0	61.1	38.50	22.60	
MN484599.1 	8	77221 	77294 	Leu	TAA	0	0	48.8	23.90	24.90	
MN484599.1 	9	78148 	78235 	Undet	NNN	0	0	32.0	18.30	13.70	
MN484599.1 	10	79836 	79912 	Asp	GTC	0	0	37.1	19.70	17.40	
MN484599.1 	11	80356 	80426 	Asp	GTC	0	0	53.8	25.40	28.40	
MN484599.1 	12	85663 	85738 	Glu	CTC	0	0	65.9	40.30	25.60	
MN484599.1 	13	85993 	86067 	Glu	TTC	0	0	63.3	41.10	22.20	
MN484599.1 	14	86136 	86208 	Val	TAC	0	0	60.4	45.60	14.80	
MN484599.1 	15	86368 	86441 	Leu	TAG	0	0	55.7	35.10	20.60	
MN484599.1 	16	86454 	86534 	Leu	TAG	0	0	55.3	30.40	24.90	
MN484599.1 	17	86588 	86709 	Undet	NNN	0	0	28.9	19.10	9.80	
MN484599.1 	18	86849 	86920 	Phe	GAA	0	0	47.7	11.50	36.20	
MN484599.1 	19	87464 	87534 	Gly	GCC	0	0	64.1	33.80	30.30	
MN484599.1 	20	87540 	87612 	Arg	TCT	0	0	68.3	46.30	22.00	
MN484599.1 	21	88143 	88214 	Ala	TGC	0	0	51.8	37.20	14.60	
MN484599.1 	22	88381 	88455 	Lys	CTT	0	0	54.9	27.10	27.80	
MN484599.1 	23	89267 	89343 	Asn	GTT	0	0	43.8	20.30	23.50	
MN484599.1 	24	90106 	90178 	Asn	GTT	0	0	63.9	40.10	23.80	
MN484599.1 	25	91833 	91904 	Arg	CCT	0	0	55.4	27.20	28.20	
MN484599.1 	26	92155 	92227 	Ala	GGC	0	0	60.4	54.50	5.90	
MN484599.1 	27	92477 	92549 	Lys	CTT	0	0	68.0	41.40	26.60	
MN484599.1 	28	92675 	92748 	Lys	CTT	0	0	52.1	25.20	26.90	
MN484599.1 	29	93112 	93186 	Lys	TTT	0	0	68.5	38.00	30.50	
MN484599.1 	30	93372 	93444 	Arg	TCG	0	0	62.7	41.80	20.90	
MN484599.1 	31	94501 	94573 	Met	CAT	0	0	52.5	30.10	22.40	
MN484599.1 	32	94577 	94647 	fMet	CAT	0	0	37.4	23.50	13.90	
MN484599.1 	33	95042 	95124 	Tyr	GTA	0	0	50.2	23.50	26.70	
MN484599.1 	34	95314 	95385 	Tyr	GTA	0	0	30.8	11.70	19.10	
MN484599.1 	35	95388 	95460 	His	GTG	0	0	56.8	29.70	27.10	
MN484599.1 	36	96453 	96529 	Cys	GCA	0	0	30.7	14.40	16.30	
MN484599.1 	37	96532 	96606 	Thr	TGT	0	0	71.5	44.10	27.40	
MN484599.1 	38	96699 	96769 	Thr	GGT	0	0	43.5	12.70	30.80	
MN484599.1 	39	98725 	98820 	Undet	NNN	0	0	18.5	23.50	-5.00	
MN484599.1 	40	100330	100399	Undet	NNN	0	0	38.3	11.50	26.80	
MN484599.1 	41	101023	101104	Leu	CAA	101053	101067	18.0	6.60	11.40	
MN484599.1 	42	105739	105820	Leu	GAG	0	0	55.7	27.50	28.20	
MN484599.1 	43	106270	106340	Val	GAC	0	0	56.5	38.60	17.90	
MN484599.1 	44	107467	107540	Leu	CAA	0	0	58.4	31.40	27.00	
MN484599.1 	45	107776	107866	Ser	GCT	0	0	64.4	42.60	21.80	
MN484599.1 	46	114870	114949	Gln	TTG	0	0	58.1	36.10	22.00	
MN484599.1 	47	16197 	16125 	Thr	CGT	0	0	60.0	26.10	33.90	
