Sequence   		tRNA  	Bounds	tRNA	Anti	Intron Bounds	Inf	HMM	2'Str	      
Name       	tRNA #	Begin 	End   	Type	Codon	Begin	End	Score	Score	Score	Note
--------   	------	----- 	------	----	-----	-----	----	------	-----	-----	------
MT310865.1 	1	71475 	71545 	Gly	TCC	0	0	70.6	56.70	13.90	
MT310865.1 	2	71668 	71738 	Gln	CTG	0	0	45.3	20.50	24.80	
MT310865.1 	3	71946 	72016 	Trp	CCA	0	0	46.7	12.70	34.00	
MT310865.1 	4	72630 	72701 	Pro	TGG	0	0	38.9	11.70	27.20	
MT310865.1 	5	72837 	72910 	Pro	TGG	0	0	65.4	42.10	23.30	
MT310865.1 	6	73612 	73684 	Ile	GAT	0	0	59.5	38.80	20.70	
MT310865.1 	7	75817 	75889 	Ile	TAT	0	0	57.5	34.10	23.40	
MT310865.1 	8	76976 	77061 	Ser	TGA	0	0	40.4	25.10	15.30	
MT310865.1 	9	78563 	78638 	Asp	GTC	0	0	61.4	43.50	17.90	
MT310865.1 	10	79259 	79329 	Asp	GTC	0	0	57.4	24.10	33.30	
MT310865.1 	11	79344 	79406 	Ser	TGA	0	0	21.4	12.50	8.90	
MT310865.1 	12	84362 	84432 	Glu	CTC	0	0	53.3	21.30	32.00	
MT310865.1 	13	84685 	84759 	Glu	TTC	0	0	57.2	33.60	23.60	
MT310865.1 	14	84836 	84908 	Val	TAC	0	0	50.0	32.90	17.10	
MT310865.1 	15	85253 	85327 	Leu	TAG	0	0	56.0	25.40	30.60	
MT310865.1 	16	85467 	85545 	Leu	TAG	0	0	61.6	38.10	23.50	
MT310865.1 	17	85600 	85725 	Undet	NNN	0	0	19.3	9.50	9.80	
MT310865.1 	18	85866 	85937 	Phe	GAA	0	0	29.8	12.10	17.70	
MT310865.1 	19	86068 	86138 	Gly	GCC	0	0	64.1	38.90	25.20	
MT310865.1 	20	86144 	86218 	Undet	NNN	0	0	27.7	21.40	6.30	
MT310865.1 	21	87003 	87077 	Ala	TGC	0	0	62.8	43.90	18.90	
MT310865.1 	22	87348 	87422 	Lys	CTT	0	0	62.1	34.30	27.80	
MT310865.1 	23	88994 	89070 	Asn	GTT	0	0	42.3	17.50	24.80	
MT310865.1 	24	89414 	89485 	Asn	GTT	0	0	67.9	41.50	26.40	
MT310865.1 	25	90120 	90191 	Arg	CCT	0	0	60.9	33.10	27.80	
MT310865.1 	26	90696 	90768 	Ala	GGC	0	0	63.6	48.40	15.20	
MT310865.1 	27	90940 	91012 	Lys	CTT	0	0	64.5	39.80	24.70	
MT310865.1 	28	91140 	91214 	Lys	TTT	0	0	59.2	41.30	17.90	
MT310865.1 	29	91535 	91607 	Arg	TCG	0	0	51.1	20.40	30.70	
MT310865.1 	30	93264 	93333 	Met	CAT	0	0	24.2	11.60	12.60	
MT310865.1 	31	93338 	93408 	Ile2	CAT	0	0	30.5	7.50	23.00	
MT310865.1 	32	93791 	93872 	Tyr	GTA	0	0	43.2	22.30	20.90	
MT310865.1 	33	94062 	94133 	Tyr	GTA	0	0	27.0	12.10	14.90	
MT310865.1 	34	94496 	94570 	His	GTG	0	0	57.7	49.10	8.60	
MT310865.1 	35	95253 	95327 	Thr	TGT	0	0	69.0	39.60	29.40	
MT310865.1 	36	95421 	95493 	Thr	GGT	0	0	43.7	20.30	23.40	
MT310865.1 	37	96053 	96124 	Arg	ACG	0	0	50.0	17.80	32.20	
MT310865.1 	38	99302 	99371 	Undet	NNN	0	0	35.3	13.70	21.60	
MT310865.1 	39	99929 	100062	Undet	NNN	0	0	36.8	16.30	20.50	
MT310865.1 	40	104762	104843	Leu	GAG	0	0	53.6	21.80	31.80	
MT310865.1 	41	105049	105119	Val	GAC	0	0	51.3	32.30	19.00	
MT310865.1 	42	105545	105618	Leu	CAA	0	0	60.3	33.60	26.70	
MT310865.1 	43	105854	105940	Ser	GCT	0	0	28.4	15.60	12.80	
MT310865.1 	44	115774	115853	Gln	TTG	0	0	55.5	35.00	20.50	
MT310865.1 	45	15633 	15563 	Thr	CGT	0	0	58.8	30.10	28.70	
