Sequence   		tRNA  	Bounds	tRNA	Anti	Intron Bounds	Inf	HMM	2'Str	      
Name       	tRNA #	Begin 	End   	Type	Codon	Begin	End	Score	Score	Score	Note
--------   	------	----- 	------	----	-----	-----	----	------	-----	-----	------
MT684590.1 	1	71299 	71369 	Gly	TCC	0	0	67.8	49.80	18.00	
MT684590.1 	2	71406 	71477 	Gln	CTG	0	0	44.4	20.50	23.90	
MT684590.1 	3	71686 	71756 	Trp	CCA	0	0	48.8	17.00	31.80	
MT684590.1 	4	72542 	72613 	Pro	TGG	0	0	39.2	10.90	28.30	
MT684590.1 	5	72687 	72760 	Pro	TGG	0	0	62.2	38.80	23.40	
MT684590.1 	6	73445 	73539 	Ile	GAT	0	0	20.8	15.60	5.20	
MT684590.1 	7	75675 	75748 	Ile	TAT	0	0	59.4	39.60	19.80	
MT684590.1 	8	76633 	76718 	Undet	NNN	0	0	34.4	17.50	16.90	
MT684590.1 	9	78133 	78208 	Asp	GTC	0	0	64.0	48.90	15.10	
MT684590.1 	10	78846 	78916 	Asp	GTC	0	0	53.5	31.00	22.50	
MT684590.1 	11	83948 	84023 	Glu	CTC	0	0	61.0	32.10	28.90	
MT684590.1 	12	84068 	84142 	Glu	TTC	0	0	55.9	32.60	23.30	
MT684590.1 	13	84403 	84475 	Val	TAC	0	0	50.0	32.90	17.10	
MT684590.1 	14	84751 	84825 	Leu	TAG	0	0	56.0	25.40	30.60	
MT684590.1 	15	84965 	85038 	Leu	TAG	0	0	55.7	39.20	16.50	
MT684590.1 	16	85093 	85207 	Undet	NNN	0	0	19.5	10.40	9.10	
MT684590.1 	17	85352 	85423 	Phe	GAA	0	0	43.0	8.60	34.40	
MT684590.1 	18	85606 	85676 	Gly	GCC	0	0	63.7	33.70	30.00	
MT684590.1 	19	85682 	85756 	Undet	NNN	0	0	27.4	21.30	6.10	
MT684590.1 	20	86380 	86451 	Ala	TGC	0	0	55.9	37.00	18.90	
MT684590.1 	21	86611 	86685 	Lys	CTT	0	0	59.6	31.80	27.80	
MT684590.1 	22	87783 	87859 	Asn	GTT	0	0	43.8	20.30	23.50	
MT684590.1 	23	88176 	88248 	Asn	GTT	0	0	61.6	36.50	25.10	
MT684590.1 	24	89929 	90000 	Arg	CCT	0	0	60.3	36.70	23.60	
MT684590.1 	25	90233 	90307 	Ile	GAT	0	0	65.3	42.50	22.80	
MT684590.1 	26	90312 	90384 	Ala	GGC	0	0	64.0	42.20	21.80	
MT684590.1 	27	90557 	90629 	Lys	CTT	0	0	69.6	35.40	34.20	
MT684590.1 	28	90728 	90802 	Lys	TTT	0	0	50.6	31.30	19.30	
MT684590.1 	29	90993 	91065 	Arg	TCG	0	0	53.6	34.80	18.80	
MT684590.1 	30	92155 	92226 	Met	CAT	0	0	58.2	31.90	26.30	
MT684590.1 	31	92230 	92300 	Met	CAT	0	0	32.4	11.50	20.90	
MT684590.1 	32	92687 	92758 	Tyr	GTA	0	0	27.0	12.10	14.90	
MT684590.1 	33	93208 	93282 	His	GTG	0	0	55.8	45.90	9.90	
MT684590.1 	34	93373 	93444 	Phe	GAA	0	0	42.0	23.10	18.90	
MT684590.1 	35	94233 	94307 	Thr	TGT	0	0	66.3	41.60	24.70	
MT684590.1 	36	94401 	94473 	Thr	GGT	0	0	62.0	38.00	24.00	
MT684590.1 	37	94590 	94661 	Arg	ACG	0	0	43.3	8.20	35.10	
MT684590.1 	38	95948 	96085 	Undet	NNN	0	0	18.4	23.50	-5.10	
MT684590.1 	39	98407 	98482 	Ala	GGC	0	0	47.7	20.20	27.50	
MT684590.1 	40	99036 	99170 	Undet	NNN	0	0	29.2	17.50	11.70	
MT684590.1 	41	103311	103392	Leu	GAG	0	0	59.8	28.80	31.00	
MT684590.1 	42	103792	103862	Val	GAC	0	0	51.8	37.40	14.40	
MT684590.1 	43	104102	104175	Leu	CAA	0	0	49.8	33.90	15.90	
MT684590.1 	44	104405	104491	Ser	GCT	0	0	22.7	16.70	6.00	
MT684590.1 	45	114950	115030	Gln	TTG	0	0	53.1	34.10	19.00	
MT684590.1 	46	15449 	15378 	Thr	CGT	0	0	49.2	8.90	40.30	
