Sequence   		tRNA  	Bounds	tRNA	Anti	Intron Bounds	Inf	HMM	2'Str	      
Name       	tRNA #	Begin 	End   	Type	Codon	Begin	End	Score	Score	Score	Note
--------   	------	----- 	------	----	-----	-----	----	------	-----	-----	------
MT897905.1 	1	71299 	71369 	Gly	TCC	0	0	67.8	49.80	18.00	
MT897905.1 	2	71406 	71477 	Gln	CTG	0	0	44.4	20.50	23.90	
MT897905.1 	3	71686 	71756 	Trp	CCA	0	0	48.8	17.00	31.80	
MT897905.1 	4	72542 	72613 	Pro	TGG	0	0	39.2	10.90	28.30	
MT897905.1 	5	72687 	72760 	Pro	TGG	0	0	62.2	38.80	23.40	
MT897905.1 	6	73445 	73539 	Ile	GAT	0	0	20.8	15.60	5.20	
MT897905.1 	7	75675 	75748 	Ile	TAT	0	0	59.4	39.60	19.80	
MT897905.1 	8	76634 	76721 	Undet	NNN	0	0	38.0	19.70	18.30	
MT897905.1 	9	78176 	78251 	Asp	GTC	0	0	65.9	50.80	15.10	
MT897905.1 	10	78889 	78959 	Asp	GTC	0	0	56.9	30.40	26.50	
MT897905.1 	11	83994 	84069 	Glu	CTC	0	0	61.0	32.10	28.90	
MT897905.1 	12	84317 	84391 	Glu	TTC	0	0	55.9	32.60	23.30	
MT897905.1 	13	84652 	84724 	Val	TAC	0	0	50.0	32.90	17.10	
MT897905.1 	14	84893 	84967 	Leu	TAG	0	0	56.0	25.40	30.60	
MT897905.1 	15	85107 	85180 	Leu	TAG	0	0	55.7	39.20	16.50	
MT897905.1 	16	85235 	85341 	Undet	NNN	0	0	23.8	11.80	12.00	
MT897905.1 	17	85486 	85557 	Phe	GAA	0	0	43.0	8.60	34.40	
MT897905.1 	18	85740 	85810 	Gly	GCC	0	0	63.7	33.70	30.00	
MT897905.1 	19	85816 	85890 	Undet	NNN	0	0	27.7	21.40	6.30	
MT897905.1 	20	86678 	86749 	Ala	TGC	0	0	55.9	37.00	18.90	
MT897905.1 	21	86909 	86983 	Lys	CTT	0	0	73.4	50.70	22.70	
MT897905.1 	22	88400 	88476 	Asn	GTT	0	0	43.8	20.30	23.50	
MT897905.1 	23	88793 	88865 	Asn	GTT	0	0	61.6	36.50	25.10	
MT897905.1 	24	90545 	90616 	Arg	CCT	0	0	60.3	36.70	23.60	
MT897905.1 	25	90849 	90923 	Ile	GAT	0	0	65.3	42.50	22.80	
MT897905.1 	26	90928 	91000 	Ala	GGC	0	0	64.0	42.20	21.80	
MT897905.1 	27	91173 	91245 	Lys	CTT	0	0	69.6	35.40	34.20	
MT897905.1 	28	91344 	91418 	Lys	TTT	0	0	50.6	31.30	19.30	
MT897905.1 	29	91609 	91681 	Arg	TCG	0	0	53.6	34.80	18.80	
MT897905.1 	30	92798 	92869 	Met	CAT	0	0	58.2	31.90	26.30	
MT897905.1 	31	92873 	92943 	Met	CAT	0	0	32.4	11.50	20.90	
MT897905.1 	32	93330 	93401 	Tyr	GTA	0	0	27.0	12.10	14.90	
MT897905.1 	33	93851 	93925 	His	GTG	0	0	55.8	45.90	9.90	
MT897905.1 	34	94016 	94087 	Phe	GAA	0	0	42.0	23.10	18.90	
MT897905.1 	35	94876 	94950 	Thr	TGT	0	0	66.3	41.60	24.70	
MT897905.1 	36	95044 	95116 	Thr	GGT	0	0	62.0	38.00	24.00	
MT897905.1 	37	96591 	96728 	Undet	NNN	0	0	18.7	22.30	-3.60	
MT897905.1 	38	99787 	99862 	Ala	GGC	0	0	47.7	20.20	27.50	
MT897905.1 	39	104945	105026	Leu	GAG	0	0	59.8	28.80	31.00	
MT897905.1 	40	105426	105496	Val	GAC	0	0	51.8	37.40	14.40	
MT897905.1 	41	105736	105809	Leu	CAA	0	0	49.8	33.90	15.90	
MT897905.1 	42	106039	106125	Ser	GCT	0	0	22.7	16.70	6.00	
MT897905.1 	43	116584	116664	Gln	TTG	0	0	53.1	34.10	19.00	
MT897905.1 	44	15450 	15379 	Thr	CGT	0	0	49.2	8.90	40.30	
