Sequence   		tRNA  	Bounds	tRNA	Anti	Intron Bounds	Inf	HMM	2'Str	      
Name       	tRNA #	Begin 	End   	Type	Codon	Begin	End	Score	Score	Score	Note
--------   	------	----- 	------	----	-----	-----	----	------	-----	-----	------
MW291014.1 	1	71969 	72042 	Gly	TCC	0	0	76.4	54.90	21.50	
MW291014.1 	2	72172 	72243 	Gln	CTG	0	0	50.4	13.10	37.30	
MW291014.1 	3	72349 	72419 	Trp	CCA	0	0	46.7	12.70	34.00	
MW291014.1 	4	73146 	73217 	Pro	TGG	0	0	36.8	7.30	29.50	
MW291014.1 	5	73241 	73315 	Pro	TGG	0	0	65.4	42.60	22.80	
MW291014.1 	6	74010 	74086 	Undet	NNN	0	0	17.0	8.30	8.70	
MW291014.1 	7	76202 	76275 	Ile	TAT	0	0	61.1	38.50	22.60	
MW291014.1 	8	76484 	76557 	Leu	TAA	0	0	48.8	23.90	24.90	
MW291014.1 	9	77411 	77498 	Undet	NNN	0	0	32.0	18.30	13.70	
MW291014.1 	10	79099 	79175 	Asp	GTC	0	0	37.1	19.70	17.40	
MW291014.1 	11	79619 	79689 	Asp	GTC	0	0	53.8	25.40	28.40	
MW291014.1 	12	84926 	85001 	Glu	CTC	0	0	65.9	40.30	25.60	
MW291014.1 	13	85256 	85330 	Glu	TTC	0	0	63.3	41.10	22.20	
MW291014.1 	14	85399 	85471 	Val	TAC	0	0	60.4	45.60	14.80	
MW291014.1 	15	85631 	85704 	Leu	TAG	0	0	55.7	35.10	20.60	
MW291014.1 	16	85717 	85797 	Leu	TAG	0	0	55.3	30.40	24.90	
MW291014.1 	17	85851 	85972 	Undet	NNN	0	0	28.9	19.10	9.80	
MW291014.1 	18	86112 	86183 	Phe	GAA	0	0	47.7	11.50	36.20	
MW291014.1 	19	86269 	86339 	Gly	GCC	0	0	57.7	32.00	25.70	
MW291014.1 	20	86345 	86417 	Arg	TCT	0	0	67.8	46.70	21.10	
MW291014.1 	21	86948 	87019 	Ala	TGC	0	0	51.8	37.20	14.60	
MW291014.1 	22	87186 	87260 	Lys	CTT	0	0	54.9	27.10	27.80	
MW291014.1 	23	88072 	88148 	Asn	GTT	0	0	43.8	20.30	23.50	
MW291014.1 	24	88911 	88983 	Asn	GTT	0	0	63.9	40.10	23.80	
MW291014.1 	25	90638 	90709 	Arg	CCT	0	0	55.4	27.20	28.20	
MW291014.1 	26	90960 	91032 	Ala	GGC	0	0	60.4	54.50	5.90	
MW291014.1 	27	91268 	91340 	Lys	CTT	0	0	68.0	41.40	26.60	
MW291014.1 	28	91466 	91539 	Lys	CTT	0	0	52.5	24.00	28.50	
MW291014.1 	29	91903 	91977 	Lys	TTT	0	0	68.5	38.00	30.50	
MW291014.1 	30	92163 	92235 	Arg	TCG	0	0	62.7	41.80	20.90	
MW291014.1 	31	93292 	93364 	Met	CAT	0	0	52.5	30.10	22.40	
MW291014.1 	32	93368 	93438 	fMet	CAT	0	0	37.4	23.50	13.90	
MW291014.1 	33	93833 	93915 	Tyr	GTA	0	0	50.2	23.50	26.70	
MW291014.1 	34	94105 	94176 	Tyr	GTA	0	0	30.8	11.70	19.10	
MW291014.1 	35	94179 	94251 	His	GTG	0	0	56.8	29.70	27.10	
MW291014.1 	36	95244 	95320 	Cys	GCA	0	0	30.7	14.40	16.30	
MW291014.1 	37	95323 	95397 	Thr	TGT	0	0	71.5	44.10	27.40	
MW291014.1 	38	95490 	95560 	Thr	GGT	0	0	43.5	12.70	30.80	
MW291014.1 	39	95694 	95766 	Arg	ACG	0	0	40.6	10.00	30.60	
MW291014.1 	40	97125 	97220 	Undet	NNN	0	0	18.5	23.60	-5.10	
MW291014.1 	41	98730 	98799 	Undet	NNN	0	0	38.3	11.50	26.80	
MW291014.1 	42	99423 	99504 	Leu	CAA	99453	99467	18.0	6.60	11.40	
MW291014.1 	43	104139	104220	Leu	GAG	0	0	55.7	27.50	28.20	
MW291014.1 	44	104670	104740	Val	GAC	0	0	56.5	38.60	17.90	
MW291014.1 	45	105867	105940	Leu	CAA	0	0	58.4	31.40	27.00	
MW291014.1 	46	106176	106266	Ser	GCT	0	0	64.4	42.60	21.80	
MW291014.1 	47	113270	113349	Gln	TTG	0	0	58.1	36.10	22.00	
MW291014.1 	48	16191 	16119 	Thr	CGT	0	0	60.0	26.10	33.90	
