Sequence   		tRNA  	Bounds	tRNA	Anti	Intron Bounds	Inf	HMM	2'Str	      
Name       	tRNA #	Begin 	End   	Type	Codon	Begin	End	Score	Score	Score	Note
--------   	------	----- 	------	----	-----	-----	----	------	-----	-----	------
MW507134.1 	1	72335 	72408 	Gly	TCC	0	0	76.4	54.90	21.50	
MW507134.1 	2	72538 	72609 	Gln	CTG	0	0	50.4	13.10	37.30	
MW507134.1 	3	72715 	72785 	Trp	CCA	0	0	46.7	12.70	34.00	
MW507134.1 	4	73512 	73583 	Pro	TGG	0	0	36.8	7.30	29.50	
MW507134.1 	5	73607 	73681 	Pro	TGG	0	0	65.4	42.60	22.80	
MW507134.1 	6	74376 	74452 	Undet	NNN	0	0	17.0	8.30	8.70	
MW507134.1 	7	76568 	76641 	Ile	TAT	0	0	61.1	38.50	22.60	
MW507134.1 	8	76850 	76923 	Leu	TAA	0	0	48.7	24.00	24.70	
MW507134.1 	9	77777 	77864 	Undet	NNN	0	0	32.0	18.30	13.70	
MW507134.1 	10	79464 	79540 	Asp	GTC	0	0	37.1	19.70	17.40	
MW507134.1 	11	79984 	80054 	Asp	GTC	0	0	53.8	25.40	28.40	
MW507134.1 	12	85291 	85366 	Glu	CTC	0	0	64.8	39.30	25.50	
MW507134.1 	13	85621 	85695 	Glu	TTC	0	0	63.3	41.10	22.20	
MW507134.1 	14	85764 	85836 	Val	TAC	0	0	60.4	45.60	14.80	
MW507134.1 	15	85996 	86069 	Leu	TAG	0	0	55.7	35.10	20.60	
MW507134.1 	16	86082 	86162 	Leu	TAG	0	0	55.3	30.40	24.90	
MW507134.1 	17	86216 	86337 	Undet	NNN	0	0	30.5	20.20	10.30	
MW507134.1 	18	86477 	86548 	Phe	GAA	0	0	47.7	11.50	36.20	
MW507134.1 	19	86635 	86705 	Gly	GCC	0	0	62.7	35.00	27.70	
MW507134.1 	20	86711 	86783 	Arg	TCT	0	0	67.8	46.70	21.10	
MW507134.1 	21	87314 	87385 	Ala	TGC	0	0	51.8	37.20	14.60	
MW507134.1 	22	87553 	87625 	Lys	CTT	0	0	64.8	34.40	30.40	
MW507134.1 	23	88437 	88513 	Asn	GTT	0	0	43.8	20.30	23.50	
MW507134.1 	24	89276 	89348 	Asn	GTT	0	0	63.9	40.10	23.80	
MW507134.1 	25	91003 	91074 	Arg	CCT	0	0	55.4	27.20	28.20	
MW507134.1 	26	91120 	91192 	Ala	GGC	0	0	59.5	53.50	6.00	
MW507134.1 	27	91442 	91514 	Lys	CTT	0	0	68.0	41.40	26.60	
MW507134.1 	28	91640 	91713 	Lys	CTT	0	0	52.1	25.20	26.90	
MW507134.1 	29	92077 	92151 	Lys	TTT	0	0	68.5	38.00	30.50	
MW507134.1 	30	92337 	92409 	Arg	TCG	0	0	62.7	41.80	20.90	
MW507134.1 	31	93466 	93538 	Met	CAT	0	0	52.5	30.10	22.40	
MW507134.1 	32	93542 	93612 	fMet	CAT	0	0	37.4	23.50	13.90	
MW507134.1 	33	94007 	94089 	Tyr	GTA	0	0	50.2	23.50	26.70	
MW507134.1 	34	94279 	94350 	Tyr	GTA	0	0	30.8	11.70	19.10	
MW507134.1 	35	94353 	94425 	His	GTG	0	0	56.8	29.70	27.10	
MW507134.1 	36	95418 	95494 	Cys	GCA	0	0	30.7	14.40	16.30	
MW507134.1 	37	95497 	95571 	Thr	TGT	0	0	71.5	44.10	27.40	
MW507134.1 	38	95665 	95735 	Thr	GGT	0	0	40.0	8.80	31.20	
MW507134.1 	39	97224 	97319 	Undet	NNN	0	0	18.5	23.50	-5.00	
MW507134.1 	40	98829 	98898 	Undet	NNN	0	0	38.3	11.50	26.80	
MW507134.1 	41	104238	104319	Leu	GAG	0	0	55.7	27.50	28.20	
MW507134.1 	42	104769	104839	Val	GAC	0	0	56.5	38.60	17.90	
MW507134.1 	43	105966	106039	Leu	CAA	0	0	58.4	31.40	27.00	
MW507134.1 	44	106275	106364	Ser	GCT	0	0	69.5	44.80	24.70	
MW507134.1 	45	113368	113447	Gln	TTG	0	0	58.1	36.10	22.00	
MW507134.1 	46	16557 	16485 	Thr	CGT	0	0	60.0	26.10	33.90	
