Sequence   		tRNA  	Bounds	tRNA	Anti	Intron Bounds	Inf	HMM	2'Str	      
Name       	tRNA #	Begin 	End   	Type	Codon	Begin	End	Score	Score	Score	Note
--------   	------	----- 	------	----	-----	-----	----	------	-----	-----	------
MW507136.1 	1	72135 	72205 	Gly	TCC	0	0	67.0	49.70	17.30	
MW507136.1 	2	72338 	72411 	Gln	CTG	0	0	41.4	20.00	21.40	
MW507136.1 	3	72540 	72610 	Trp	CCA	0	0	54.5	27.40	27.10	
MW507136.1 	4	73486 	73559 	Pro	TGG	0	0	37.4	10.00	27.40	
MW507136.1 	5	73563 	73637 	Pro	TGG	0	0	74.2	46.10	28.10	
MW507136.1 	6	74421 	74497 	Undet	NNN	0	0	17.0	9.30	7.70	
MW507136.1 	7	76636 	76709 	Ile	TAT	0	0	55.1	27.30	27.80	
MW507136.1 	8	77556 	77641 	Undet	NNN	0	0	25.7	13.10	12.60	
MW507136.1 	9	80748 	80823 	Asp	GTC	0	0	64.0	48.90	15.10	
MW507136.1 	10	81188 	81258 	Asp	GTC	0	0	53.1	29.10	24.00	
MW507136.1 	11	86092 	86162 	Glu	CTC	0	0	54.4	22.40	32.00	
MW507136.1 	12	86420 	86493 	Glu	TTC	0	0	63.3	41.10	22.20	
MW507136.1 	13	86506 	86576 	Val	TAC	0	0	62.5	42.00	20.50	
MW507136.1 	14	86838 	86912 	Leu	TAG	0	0	45.3	17.50	27.80	
MW507136.1 	15	87052 	87125 	Leu	TAG	0	0	66.7	45.80	20.90	
MW507136.1 	16	87179 	87305 	Undet	NNN	0	0	24.0	13.30	10.70	
MW507136.1 	17	87449 	87519 	Gly	GCC	0	0	57.8	29.30	28.50	
MW507136.1 	18	87535 	87620 	Undet	NNN	0	0	20.7	11.70	9.00	
MW507136.1 	19	87627 	87699 	Arg	TCT	0	0	63.8	40.80	23.00	
MW507136.1 	20	88320 	88391 	Ala	TGC	0	0	53.3	39.30	14.00	
MW507136.1 	21	88558 	88631 	Lys	CTT	0	0	58.9	25.60	33.30	
MW507136.1 	22	89491 	89566 	Asn	GTT	0	0	34.4	12.90	21.50	
MW507136.1 	23	90328 	90399 	Asn	GTT	0	0	67.9	41.50	26.40	
MW507136.1 	24	92059 	92130 	Arg	CCT	0	0	58.6	27.20	31.40	
MW507136.1 	25	92376 	92450 	Ile	GAT	0	0	68.4	46.80	21.60	
MW507136.1 	26	92455 	92526 	Ala	GGC	0	0	61.0	40.90	20.10	
MW507136.1 	27	92746 	92818 	Lys	CTT	0	0	64.6	33.60	31.00	
MW507136.1 	28	92938 	93012 	Lys	TTT	0	0	57.5	40.10	17.40	
MW507136.1 	29	93017 	93089 	Arg	TCG	0	0	51.6	32.90	18.70	
MW507136.1 	30	94348 	94419 	Met	CAT	0	0	56.8	30.50	26.30	
MW507136.1 	31	94423 	94493 	Met	CAT	0	0	32.4	11.50	20.90	
MW507136.1 	32	95121 	95202 	Tyr	GTA	0	0	46.9	21.20	25.70	
MW507136.1 	33	95259 	95330 	Tyr	GTA	0	0	27.0	12.10	14.90	
MW507136.1 	34	95333 	95404 	His	GTG	0	0	43.2	19.20	24.00	
MW507136.1 	35	95473 	95544 	Phe	GAA	0	0	56.1	43.50	12.60	
MW507136.1 	36	96253 	96327 	Thr	TGT	0	0	68.6	39.20	29.40	
MW507136.1 	37	96420 	96492 	Thr	GGT	0	0	50.7	18.80	31.90	
MW507136.1 	38	96662 	96734 	Arg	ACG	0	0	43.4	15.00	28.40	
MW507136.1 	39	97714 	97851 	Undet	NNN	0	0	17.2	23.50	-6.30	
MW507136.1 	40	99947 	100021	Ala	GGC	0	0	35.3	13.60	21.70	
MW507136.1 	41	100583	100716	Undet	NNN	0	0	30.7	17.00	13.70	
MW507136.1 	42	104745	104826	Leu	GAG	0	0	58.6	29.60	29.00	
MW507136.1 	43	105264	105334	Val	GAC	0	0	56.5	34.80	21.70	
MW507136.1 	44	105760	105835	Leu	CAA	0	0	55.4	32.60	22.80	
MW507136.1 	45	106069	106153	Ser	GCT	0	0	22.5	16.00	6.50	
MW507136.1 	46	116088	116167	Gln	TTG	0	0	55.7	38.20	17.50	
MW507136.1 	47	16887 	16816 	Thr	CGT	0	0	47.3	19.80	27.50	
