Sequence   		tRNA  	Bounds	tRNA	Anti	Intron Bounds	Inf	HMM	2'Str	      
Name       	tRNA #	Begin 	End   	Type	Codon	Begin	End	Score	Score	Score	Note
--------   	------	----- 	------	----	-----	-----	----	------	-----	-----	------
MZ958750.1 	1	72947 	73017 	Gly	TCC	0	0	73.1	55.30	17.80	
MZ958750.1 	2	73148 	73219 	Gln	CTG	0	0	43.1	18.50	24.60	
MZ958750.1 	3	73427 	73497 	Trp	CCA	0	0	48.8	17.00	31.80	
MZ958750.1 	4	74354 	74425 	Pro	TGG	0	0	38.9	11.70	27.20	
MZ958750.1 	5	74431 	74505 	Pro	TGG	0	0	74.2	46.10	28.10	
MZ958750.1 	6	77490 	77563 	Ile	TAT	0	0	55.1	27.30	27.80	
MZ958750.1 	7	78399 	78484 	Undet	NNN	0	0	34.4	17.50	16.90	
MZ958750.1 	8	81566 	81641 	Asp	GTC	0	0	64.0	48.90	15.10	
MZ958750.1 	9	82266 	82336 	Asp	GTC	0	0	53.5	31.00	22.50	
MZ958750.1 	10	86824 	86894 	Glu	CTC	0	0	54.4	22.40	32.00	
MZ958750.1 	11	87141 	87215 	Glu	TTC	0	0	59.9	35.80	24.10	
MZ958750.1 	12	87472 	87542 	Val	TAC	0	0	64.1	44.20	19.90	
MZ958750.1 	13	87737 	87811 	Leu	TAG	0	0	45.3	17.50	27.80	
MZ958750.1 	14	87971 	88044 	Leu	TAG	0	0	57.9	40.20	17.70	
MZ958750.1 	15	88098 	88223 	Undet	NNN	0	0	22.5	12.20	10.30	
MZ958750.1 	16	88367 	88437 	Gly	GCC	0	0	57.8	29.30	28.50	
MZ958750.1 	17	88515 	88587 	Arg	TCT	0	0	56.5	36.90	19.60	
MZ958750.1 	18	89362 	89433 	Ala	TGC	0	0	55.9	37.00	18.90	
MZ958750.1 	19	89700 	89773 	Lys	CTT	0	0	58.9	25.60	33.30	
MZ958750.1 	20	90631 	90706 	Asn	GTT	0	0	36.4	11.20	25.20	
MZ958750.1 	21	91462 	91534 	Asn	GTT	0	0	64.8	39.10	25.70	
MZ958750.1 	22	92308 	92379 	Arg	CCT	0	0	58.6	27.20	31.40	
MZ958750.1 	23	92629 	92703 	Ile	GAT	0	0	68.4	46.80	21.60	
MZ958750.1 	24	92777 	92849 	Ala	GGC	0	0	62.7	39.90	22.80	
MZ958750.1 	25	93063 	93135 	Lys	CTT	0	0	65.5	42.50	23.00	
MZ958750.1 	26	93260 	93334 	Lys	TTT	0	0	57.5	40.10	17.40	
MZ958750.1 	27	93339 	93411 	Arg	TCG	0	0	51.2	32.40	18.80	
MZ958750.1 	28	94695 	94776 	Met	CAT	0	0	33.2	15.60	17.60	
MZ958750.1 	29	94780 	94850 	Ile2	CAT	0	0	27.1	4.40	22.70	
MZ958750.1 	30	95482 	95563 	Tyr	GTA	0	0	44.3	21.40	22.90	
MZ958750.1 	31	95620 	95691 	Tyr	GTA	0	0	27.0	12.10	14.90	
MZ958750.1 	32	95959 	96033 	His	GTG	0	0	55.8	45.90	9.90	
MZ958750.1 	33	96109 	96180 	Phe	GAA	0	0	52.1	39.50	12.60	
MZ958750.1 	34	96863 	96937 	Thr	TGT	0	0	68.6	39.20	29.40	
MZ958750.1 	35	97031 	97103 	Thr	GGT	0	0	43.7	20.30	23.40	
MZ958750.1 	36	97286 	97358 	Arg	ACG	0	0	42.3	13.90	28.40	
MZ958750.1 	37	98338 	98475 	Undet	NNN	0	0	17.2	23.50	-6.30	
MZ958750.1 	38	100811	100884	Ala	GGC	0	0	37.5	15.70	21.80	
MZ958750.1 	39	101455	101591	Undet	NNN	0	0	29.2	14.80	14.40	
MZ958750.1 	40	105885	105966	Leu	GAG	0	0	49.8	25.50	24.30	
MZ958750.1 	41	106405	106475	Val	GAC	0	0	54.3	32.50	21.80	
MZ958750.1 	42	106911	106986	Leu	CAA	0	0	56.8	29.80	27.00	
MZ958750.1 	43	107220	107304	Ser	GCT	0	0	21.6	15.10	6.50	
MZ958750.1 	44	117372	117451	Gln	TTG	0	0	55.7	38.20	17.50	
MZ958750.1 	45	17499 	17428 	Thr	CGT	0	0	39.7	12.40	27.30	
