Sequence   		tRNA  	Bounds	tRNA	Anti	Intron Bounds	Inf	HMM	2'Str	      
Name       	tRNA #	Begin 	End   	Type	Codon	Begin	End	Score	Score	Score	Note
--------   	------	----- 	------	----	-----	-----	----	------	-----	-----	------
OK310502.1 	1	71783 	71853 	Gly	TCC	0	0	73.1	55.30	17.80	
OK310502.1 	2	71976 	72049 	Gln	CTG	0	0	41.4	20.00	21.40	
OK310502.1 	3	72138 	72210 	Trp	CCA	0	0	45.9	31.30	14.60	
OK310502.1 	4	73157 	73231 	Pro	TGG	0	0	74.2	46.10	28.10	
OK310502.1 	5	74015 	74091 	Undet	NNN	0	0	17.0	9.30	7.70	
OK310502.1 	6	76226 	76299 	Ile	TAT	0	0	55.1	27.30	27.80	
OK310502.1 	7	77146 	77231 	Ser	TGA	0	0	40.4	25.10	15.30	
OK310502.1 	8	78613 	78688 	Asp	GTC	0	0	64.0	48.90	15.10	
OK310502.1 	9	79129 	79199 	Asp	GTC	0	0	53.5	31.00	22.50	
OK310502.1 	10	83857 	83927 	Glu	CTC	0	0	51.9	17.70	34.20	
OK310502.1 	11	84182 	84255 	Glu	TTC	0	0	63.3	41.10	22.20	
OK310502.1 	12	84515 	84585 	Val	TAC	0	0	64.0	45.00	19.00	
OK310502.1 	13	84848 	84922 	Leu	TAG	0	0	45.3	17.50	27.80	
OK310502.1 	14	85062 	85135 	Leu	TAG	0	0	56.8	39.10	17.70	
OK310502.1 	15	85189 	85316 	Undet	NNN	0	0	21.8	15.10	6.70	
OK310502.1 	16	85460 	85530 	Gly	GCC	0	0	62.5	35.10	27.40	
OK310502.1 	17	85672 	85744 	Arg	TCT	0	0	63.8	40.80	23.00	
OK310502.1 	18	86367 	86438 	Ala	TGC	0	0	54.6	34.40	20.20	
OK310502.1 	19	86605 	86678 	Lys	CTT	0	0	58.9	25.60	33.30	
OK310502.1 	20	87538 	87613 	Asn	GTT	0	0	34.4	12.90	21.50	
OK310502.1 	21	88260 	88331 	Asn	GTT	0	0	67.9	41.50	26.40	
OK310502.1 	22	90003 	90074 	Arg	CCT	0	0	56.0	26.10	29.90	
OK310502.1 	23	90121 	90195 	Ile	GAT	0	0	68.4	46.80	21.60	
OK310502.1 	24	90269 	90341 	Ala	GGC	0	0	62.7	39.90	22.80	
OK310502.1 	25	90555 	90627 	Lys	CTT	0	0	65.5	42.50	23.00	
OK310502.1 	26	90755 	90829 	Lys	TTT	0	0	57.5	40.10	17.40	
OK310502.1 	27	91165 	91237 	Arg	TCG	0	0	53.6	34.80	18.80	
OK310502.1 	28	92337 	92408 	Met	CAT	0	0	56.8	30.50	26.30	
OK310502.1 	29	92412 	92482 	Met	CAT	0	0	29.4	6.70	22.70	
OK310502.1 	30	93109 	93190 	Tyr	GTA	0	0	47.5	22.80	24.70	
OK310502.1 	31	93247 	93318 	Tyr	GTA	0	0	27.0	12.10	14.90	
OK310502.1 	32	93471 	93545 	His	GTG	0	0	55.8	45.90	9.90	
OK310502.1 	33	93617 	93688 	Phe	GAA	0	0	56.1	43.50	12.60	
OK310502.1 	34	94374 	94448 	Thr	TGT	0	0	68.6	39.20	29.40	
OK310502.1 	35	94542 	94614 	Thr	GGT	0	0	43.7	20.30	23.40	
OK310502.1 	36	94797 	94869 	Arg	ACG	0	0	42.3	13.90	28.40	
OK310502.1 	37	95849 	95986 	Undet	NNN	0	0	17.2	23.50	-6.30	
OK310502.1 	38	98062 	98135 	Ala	GGC	0	0	37.0	10.60	26.40	
OK310502.1 	39	99149 	99282 	Undet	NNN	0	0	29.1	18.20	10.90	
OK310502.1 	40	103867	103948	Leu	GAG	0	0	56.3	29.80	26.50	
OK310502.1 	41	104401	104471	Val	GAC	0	0	57.4	35.80	21.60	
OK310502.1 	42	104902	104977	Leu	CAA	0	0	61.3	39.70	21.60	
OK310502.1 	43	105598	105682	Ser	GCT	0	0	27.2	19.80	7.40	
OK310502.1 	44	115093	115172	Gln	TTG	0	0	55.7	38.20	17.50	
OK310502.1 	45	15248 	15176 	Thr	CGT	0	0	41.4	12.30	29.10	
