Sequence   		tRNA  	Bounds	tRNA	Anti	Intron Bounds	Inf	HMM	2'Str	      
Name       	tRNA #	Begin 	End   	Type	Codon	Begin	End	Score	Score	Score	Note
--------   	------	----- 	------	----	-----	-----	----	------	-----	-----	------
OL829978.1 	1	74382 	74452 	Gly	TCC	0	0	59.8	30.40	29.40	
OL829978.1 	2	74800 	74872 	Trp	CCA	0	0	44.4	20.70	23.70	
OL829978.1 	3	75754 	75828 	Pro	TGG	0	0	45.9	13.60	32.30	
OL829978.1 	4	75960 	76034 	Pro	TGG	0	0	63.5	39.30	24.20	
OL829978.1 	5	76606 	76679 	Ile	GAT	0	0	60.2	48.50	11.70	
OL829978.1 	6	78798 	78870 	Ile	TAT	0	0	52.3	29.40	22.90	
OL829978.1 	7	79077 	79150 	Leu	TAA	0	0	58.3	31.20	27.10	
OL829978.1 	8	79398 	79483 	Undet	NNN	0	0	29.8	19.30	10.50	
OL829978.1 	9	82589 	82661 	Asp	GTC	0	0	76.5	62.80	13.70	
OL829978.1 	10	83044 	83114 	Asp	GTC	0	0	53.1	24.70	28.40	
OL829978.1 	11	87460 	87530 	Glu	CTC	0	0	53.7	22.00	31.70	
OL829978.1 	12	87785 	87857 	Lys	CTT	0	0	63.6	34.10	29.50	
OL829978.1 	13	87872 	87942 	Val	TAC	0	0	58.7	42.00	16.70	
OL829978.1 	14	88219 	88292 	Leu	TAG	0	0	65.7	43.70	22.00	
OL829978.1 	15	88553 	88623 	Gly	GCC	0	0	58.5	31.10	27.40	
OL829978.1 	16	88755 	88827 	Arg	TCT	0	0	62.4	38.60	23.80	
OL829978.1 	17	89432 	89503 	Ala	TGC	0	0	58.0	44.20	13.80	
OL829978.1 	18	89668 	89742 	Glu	TTC	0	0	59.9	35.80	24.10	
OL829978.1 	19	90633 	90708 	Asn	GTT	0	0	32.6	7.00	25.60	
OL829978.1 	20	91158 	91230 	Asn	GTT	0	0	62.0	35.20	26.80	
OL829978.1 	21	91933 	92005 	Arg	CCT	0	0	63.2	41.80	21.40	
OL829978.1 	22	92056 	92130 	Ile	GAT	0	0	69.1	43.20	25.90	
OL829978.1 	23	92135 	92207 	Ala	GGC	0	0	62.7	39.90	22.80	
OL829978.1 	24	92409 	92482 	Lys	CTT	0	0	51.7	23.80	27.90	
OL829978.1 	25	92602 	92676 	Lys	TTT	0	0	60.1	34.10	26.00	
OL829978.1 	26	92682 	92754 	Arg	TCG	0	0	48.4	17.80	30.60	
OL829978.1 	27	93871 	93942 	Ile2	CAT	0	0	29.5	11.70	17.80	
OL829978.1 	28	93946 	94016 	Ile2	CAT	0	0	30.6	8.20	22.40	
OL829978.1 	29	94580 	94660 	Tyr	GTA	0	0	53.6	26.50	27.10	
OL829978.1 	30	94850 	94921 	Tyr	GTA	0	0	30.8	11.70	19.10	
OL829978.1 	31	94924 	94996 	His	GTG	0	0	58.1	32.40	25.70	
OL829978.1 	32	94999 	95070 	Phe	GAA	0	0	52.3	39.90	12.40	
OL829978.1 	33	95762 	95836 	Thr	TGT	0	0	64.3	37.40	26.90	
OL829978.1 	34	95930 	96000 	Thr	GGT	0	0	40.4	9.60	30.80	
OL829978.1 	35	99206 	99276 	Ile	GAT	0	0	38.6	24.80	13.80	
OL829978.1 	36	99836 	99971 	Undet	NNN	0	0	32.3	12.40	19.90	
OL829978.1 	37	105596	105670	Leu	GAG	0	0	56.1	36.10	20.00	
OL829978.1 	38	106508	106578	Val	GAC	0	0	56.7	32.20	24.50	
OL829978.1 	39	107463	107536	Leu	CAA	0	0	58.9	34.30	24.60	
OL829978.1 	40	107541	107631	Ser	GCT	0	0	59.0	37.70	21.30	
OL829978.1 	41	117193	117265	Undet	NNN	0	0	41.3	20.50	20.80	
OL829978.1 	42	18411 	18340 	Thr	CGT	0	0	47.2	23.30	23.90	
