Sequence   		tRNA  	Bounds	tRNA	Anti	Intron Bounds	Inf	HMM	2'Str	      
Name       	tRNA #	Begin 	End   	Type	Codon	Begin	End	Score	Score	Score	Note
--------   	------	----- 	------	----	-----	-----	----	------	-----	-----	------
ON108650.1 	1	72533 	72603 	Gly	TCC	0	0	73.1	55.30	17.80	
ON108650.1 	2	72726 	72799 	Gln	CTG	0	0	41.4	20.00	21.40	
ON108650.1 	3	72888 	72960 	Trp	CCA	0	0	45.9	31.30	14.60	
ON108650.1 	4	73907 	73981 	Pro	TGG	0	0	74.2	46.10	28.10	
ON108650.1 	5	74765 	74841 	Undet	NNN	0	0	17.0	9.30	7.70	
ON108650.1 	6	76976 	77049 	Ile	TAT	0	0	55.1	27.30	27.80	
ON108650.1 	7	77896 	77981 	Ser	TGA	0	0	40.6	27.40	13.20	
ON108650.1 	8	79358 	79433 	Asp	GTC	0	0	64.0	48.90	15.10	
ON108650.1 	9	79874 	79944 	Asp	GTC	0	0	53.5	31.00	22.50	
ON108650.1 	10	84602 	84672 	Glu	CTC	0	0	51.9	17.70	34.20	
ON108650.1 	11	84927 	85000 	Glu	TTC	0	0	63.3	41.10	22.20	
ON108650.1 	12	85260 	85330 	Val	TAC	0	0	64.0	45.00	19.00	
ON108650.1 	13	85593 	85667 	Leu	TAG	0	0	45.3	17.50	27.80	
ON108650.1 	14	85807 	85880 	Leu	TAG	0	0	56.8	39.10	17.70	
ON108650.1 	15	85934 	86061 	Undet	NNN	0	0	21.8	15.10	6.70	
ON108650.1 	16	86205 	86275 	Gly	GCC	0	0	62.5	35.10	27.40	
ON108650.1 	17	86417 	86489 	Arg	TCT	0	0	63.8	40.80	23.00	
ON108650.1 	18	87112 	87183 	Ala	TGC	0	0	54.6	34.40	20.20	
ON108650.1 	19	87350 	87423 	Lys	CTT	0	0	58.9	25.60	33.30	
ON108650.1 	20	88283 	88358 	Asn	GTT	0	0	34.4	12.90	21.50	
ON108650.1 	21	89005 	89076 	Asn	GTT	0	0	67.9	41.50	26.40	
ON108650.1 	22	90748 	90819 	Arg	CCT	0	0	56.0	26.10	29.90	
ON108650.1 	23	90866 	90940 	Ile	GAT	0	0	68.4	46.80	21.60	
ON108650.1 	24	91014 	91086 	Ala	GGC	0	0	62.7	39.90	22.80	
ON108650.1 	25	91300 	91372 	Lys	CTT	0	0	65.5	42.50	23.00	
ON108650.1 	26	91500 	91574 	Lys	TTT	0	0	57.5	40.10	17.40	
ON108650.1 	27	91910 	91982 	Arg	TCG	0	0	53.6	34.80	18.80	
ON108650.1 	28	93082 	93153 	Met	CAT	0	0	56.8	30.50	26.30	
ON108650.1 	29	93157 	93227 	Met	CAT	0	0	29.4	6.70	22.70	
ON108650.1 	30	93854 	93935 	Tyr	GTA	0	0	47.5	22.80	24.70	
ON108650.1 	31	93992 	94063 	Tyr	GTA	0	0	27.0	12.10	14.90	
ON108650.1 	32	94216 	94290 	His	GTG	0	0	55.8	45.90	9.90	
ON108650.1 	33	94362 	94433 	Phe	GAA	0	0	56.1	43.50	12.60	
ON108650.1 	34	95119 	95193 	Thr	TGT	0	0	68.6	39.20	29.40	
ON108650.1 	35	95287 	95359 	Thr	GGT	0	0	43.7	20.30	23.40	
ON108650.1 	36	95542 	95614 	Arg	ACG	0	0	42.3	13.90	28.40	
ON108650.1 	37	96594 	96731 	Undet	NNN	0	0	17.2	23.50	-6.30	
ON108650.1 	38	98807 	98880 	Ala	GGC	0	0	40.4	18.80	21.60	
ON108650.1 	39	99470 	99603 	Undet	NNN	0	0	30.7	17.00	13.70	
ON108650.1 	40	104188	104269	Leu	GAG	0	0	56.3	29.80	26.50	
ON108650.1 	41	104722	104792	Val	GAC	0	0	57.4	35.80	21.60	
ON108650.1 	42	105223	105298	Leu	CAA	0	0	61.3	39.70	21.60	
ON108650.1 	43	105532	105616	Ser	GCT	0	0	26.2	17.40	8.80	
ON108650.1 	44	115631	115710	Gln	TTG	0	0	55.7	38.20	17.50	
ON108650.1 	45	15245 	15175 	Thr	CGT	0	0	58.8	30.10	28.70	
