Sequence   		tRNA  	Bounds	tRNA	Anti	Intron Bounds	Inf	HMM	2'Str	      
Name       	tRNA #	Begin 	End   	Type	Codon	Begin	End	Score	Score	Score	Note
--------   	------	----- 	------	----	-----	-----	----	------	-----	-----	------
ON260819.1 	1	72361 	72434 	Gly	TCC	0	0	76.4	54.90	21.50	
ON260819.1 	2	72564 	72635 	Gln	CTG	0	0	49.9	13.50	36.40	
ON260819.1 	3	72742 	72814 	Trp	CCA	0	0	41.4	28.00	13.40	
ON260819.1 	4	73541 	73612 	Pro	TGG	0	0	36.8	7.30	29.50	
ON260819.1 	5	73636 	73710 	Pro	TGG	0	0	65.4	42.60	22.80	
ON260819.1 	6	74405 	74481 	Undet	NNN	0	0	17.0	8.30	8.70	
ON260819.1 	7	76597 	76670 	Ile	TAT	0	0	61.1	38.50	22.60	
ON260819.1 	8	76879 	76952 	Leu	TAA	0	0	48.8	23.90	24.90	
ON260819.1 	9	77806 	77893 	Undet	NNN	0	0	32.0	18.30	13.70	
ON260819.1 	10	79494 	79570 	Asp	GTC	0	0	37.1	19.70	17.40	
ON260819.1 	11	80014 	80084 	Asp	GTC	0	0	53.8	25.40	28.40	
ON260819.1 	12	85321 	85396 	Glu	CTC	0	0	65.9	40.30	25.60	
ON260819.1 	13	85651 	85725 	Glu	TTC	0	0	63.3	41.10	22.20	
ON260819.1 	14	85794 	85866 	Val	TAC	0	0	60.4	45.60	14.80	
ON260819.1 	15	86026 	86099 	Leu	TAG	0	0	55.7	35.10	20.60	
ON260819.1 	16	86112 	86192 	Leu	TAG	0	0	55.3	30.40	24.90	
ON260819.1 	17	86246 	86367 	Undet	NNN	0	0	28.9	19.10	9.80	
ON260819.1 	18	86507 	86578 	Phe	GAA	0	0	47.7	11.50	36.20	
ON260819.1 	19	86664 	86734 	Gly	GCC	0	0	57.7	32.00	25.70	
ON260819.1 	20	86740 	86812 	Arg	TCT	0	0	67.8	46.70	21.10	
ON260819.1 	21	87343 	87414 	Ala	TGC	0	0	52.9	38.70	14.20	
ON260819.1 	22	87581 	87655 	Lys	CTT	0	0	54.9	27.10	27.80	
ON260819.1 	23	88467 	88543 	Asn	GTT	0	0	43.8	20.30	23.50	
ON260819.1 	24	89306 	89378 	Asn	GTT	0	0	63.9	40.10	23.80	
ON260819.1 	25	91033 	91104 	Arg	CCT	0	0	55.4	27.20	28.20	
ON260819.1 	26	91150 	91222 	Ala	GGC	0	0	59.5	53.50	6.00	
ON260819.1 	27	91472 	91544 	Lys	CTT	0	0	68.0	41.40	26.60	
ON260819.1 	28	91670 	91743 	Lys	CTT	0	0	53.2	25.90	27.30	
ON260819.1 	29	92107 	92181 	Lys	TTT	0	0	68.5	38.00	30.50	
ON260819.1 	30	92367 	92439 	Arg	TCG	0	0	62.7	41.80	20.90	
ON260819.1 	31	93496 	93568 	Met	CAT	0	0	52.5	30.10	22.40	
ON260819.1 	32	93572 	93642 	fMet	CAT	0	0	37.4	23.50	13.90	
ON260819.1 	33	94037 	94119 	Tyr	GTA	0	0	50.2	23.50	26.70	
ON260819.1 	34	94309 	94380 	Tyr	GTA	0	0	30.8	11.70	19.10	
ON260819.1 	35	94383 	94455 	His	GTG	0	0	56.8	29.70	27.10	
ON260819.1 	36	95448 	95524 	Cys	GCA	0	0	30.7	14.40	16.30	
ON260819.1 	37	95527 	95601 	Thr	TGT	0	0	71.5	44.10	27.40	
ON260819.1 	38	95694 	95764 	Thr	GGT	0	0	43.5	12.70	30.80	
ON260819.1 	39	95898 	95970 	Arg	ACG	0	0	40.6	10.00	30.60	
ON260819.1 	40	97329 	97424 	Undet	NNN	0	0	17.3	22.30	-5.00	
ON260819.1 	41	98934 	99003 	Undet	NNN	0	0	38.3	11.50	26.80	
ON260819.1 	42	99627 	99708 	Leu	CAA	99657	99671	18.0	6.60	11.40	
ON260819.1 	43	104343	104424	Leu	GAG	0	0	55.7	27.50	28.20	
ON260819.1 	44	104874	104944	Val	GAC	0	0	56.5	38.60	17.90	
ON260819.1 	45	106071	106144	Leu	CAA	0	0	58.4	31.40	27.00	
ON260819.1 	46	106380	106470	Ser	GCT	0	0	64.4	42.60	21.80	
ON260819.1 	47	113474	113553	Gln	TTG	0	0	58.1	36.10	22.00	
ON260819.1 	48	16581 	16509 	Thr	CGT	0	0	60.0	26.10	33.90	
