Sequence   		tRNA  	Bounds	tRNA	Anti	Intron Bounds	Inf	HMM	2'Str	      
Name       	tRNA #	Begin 	End   	Type	Codon	Begin	End	Score	Score	Score	Note
--------   	------	----- 	------	----	-----	-----	----	------	-----	-----	------
ON260828.1 	1	72352 	72425 	Gly	TCC	0	0	76.4	54.90	21.50	
ON260828.1 	2	72555 	72626 	Gln	CTG	0	0	51.8	15.40	36.40	
ON260828.1 	3	72732 	72802 	Trp	CCA	0	0	46.7	12.70	34.00	
ON260828.1 	4	73529 	73600 	Pro	TGG	0	0	36.8	7.30	29.50	
ON260828.1 	5	73624 	73698 	Pro	TGG	0	0	65.4	42.60	22.80	
ON260828.1 	6	74393 	74469 	Undet	NNN	0	0	17.0	8.30	8.70	
ON260828.1 	7	76585 	76658 	Ile	TAT	0	0	61.1	38.50	22.60	
ON260828.1 	8	76867 	76940 	Leu	TAA	0	0	48.8	23.90	24.90	
ON260828.1 	9	77794 	77881 	Undet	NNN	0	0	32.0	18.30	13.70	
ON260828.1 	10	79482 	79558 	Asp	GTC	0	0	37.1	19.70	17.40	
ON260828.1 	11	80001 	80071 	Asp	GTC	0	0	53.8	25.40	28.40	
ON260828.1 	12	85308 	85383 	Glu	CTC	0	0	65.9	40.30	25.60	
ON260828.1 	13	85638 	85712 	Glu	TTC	0	0	63.3	41.10	22.20	
ON260828.1 	14	85781 	85853 	Val	TAC	0	0	60.4	45.60	14.80	
ON260828.1 	15	86013 	86086 	Leu	TAG	0	0	55.7	35.10	20.60	
ON260828.1 	16	86099 	86179 	Leu	TAG	0	0	55.3	30.40	24.90	
ON260828.1 	17	86233 	86354 	Undet	NNN	0	0	28.9	19.10	9.80	
ON260828.1 	18	86494 	86565 	Phe	GAA	0	0	47.7	11.50	36.20	
ON260828.1 	19	86651 	86721 	Gly	GCC	0	0	59.0	33.40	25.60	
ON260828.1 	20	86727 	86799 	Arg	TCT	0	0	67.8	46.70	21.10	
ON260828.1 	21	87330 	87401 	Ala	TGC	0	0	51.8	37.20	14.60	
ON260828.1 	22	87568 	87642 	Lys	CTT	0	0	54.9	27.10	27.80	
ON260828.1 	23	88454 	88530 	Asn	GTT	0	0	43.8	20.30	23.50	
ON260828.1 	24	89293 	89365 	Asn	GTT	0	0	63.9	40.10	23.80	
ON260828.1 	25	91606 	91678 	Ala	GGC	0	0	59.5	53.50	6.00	
ON260828.1 	26	91928 	92000 	Lys	CTT	0	0	68.0	41.40	26.60	
ON260828.1 	27	92126 	92199 	Lys	CTT	0	0	51.1	24.30	26.80	
ON260828.1 	28	92563 	92637 	Lys	TTT	0	0	68.5	38.00	30.50	
ON260828.1 	29	92823 	92895 	Arg	TCG	0	0	62.7	41.80	20.90	
ON260828.1 	30	93952 	94024 	Met	CAT	0	0	52.5	30.10	22.40	
ON260828.1 	31	94028 	94098 	fMet	CAT	0	0	37.4	23.50	13.90	
ON260828.1 	32	94493 	94575 	Tyr	GTA	0	0	50.2	23.50	26.70	
ON260828.1 	33	94765 	94836 	Tyr	GTA	0	0	30.8	11.70	19.10	
ON260828.1 	34	94839 	94911 	His	GTG	0	0	56.8	29.70	27.10	
ON260828.1 	35	95904 	95980 	Cys	GCA	0	0	30.7	14.40	16.30	
ON260828.1 	36	95983 	96057 	Thr	TGT	0	0	71.5	44.10	27.40	
ON260828.1 	37	96150 	96220 	Thr	GGT	0	0	43.5	12.70	30.80	
ON260828.1 	38	96356 	96428 	Arg	ACG	0	0	40.6	10.00	30.60	
ON260828.1 	39	97787 	97882 	Undet	NNN	0	0	18.5	23.50	-5.00	
ON260828.1 	40	99392 	99461 	Undet	NNN	0	0	38.3	11.50	26.80	
ON260828.1 	41	100085	100166	Leu	CAA	100115	100129	18.0	6.60	11.40	
ON260828.1 	42	104801	104882	Leu	GAG	0	0	55.7	27.50	28.20	
ON260828.1 	43	105332	105402	Val	GAC	0	0	56.5	38.60	17.90	
ON260828.1 	44	106529	106602	Leu	CAA	0	0	58.4	31.40	27.00	
ON260828.1 	45	106838	106928	Ser	GCT	0	0	64.4	42.60	21.80	
ON260828.1 	46	113932	114011	Gln	TTG	0	0	58.1	36.10	22.00	
ON260828.1 	47	16572 	16500 	Thr	CGT	0	0	60.0	26.10	33.90	
