Sequence   		tRNA  	Bounds	tRNA	Anti	Intron Bounds	Inf	HMM	2'Str	      
Name       	tRNA #	Begin 	End   	Type	Codon	Begin	End	Score	Score	Score	Note
--------   	------	----- 	------	----	-----	-----	----	------	-----	-----	------
ON970591.1 	1	71351 	71421 	Gly	TCC	0	0	67.8	49.80	18.00	
ON970591.1 	2	71458 	71529 	Gln	CTG	0	0	44.4	20.50	23.90	
ON970591.1 	3	71738 	71808 	Trp	CCA	0	0	48.8	17.00	31.80	
ON970591.1 	4	72594 	72665 	Pro	TGG	0	0	39.2	10.90	28.30	
ON970591.1 	5	72739 	72812 	Pro	TGG	0	0	62.2	38.80	23.40	
ON970591.1 	6	73497 	73591 	Ile	GAT	0	0	20.8	15.60	5.20	
ON970591.1 	7	75727 	75800 	Ile	TAT	0	0	59.4	39.60	19.80	
ON970591.1 	8	76686 	76773 	Undet	NNN	0	0	38.0	19.70	18.30	
ON970591.1 	9	78228 	78303 	Asp	GTC	0	0	65.9	50.80	15.10	
ON970591.1 	10	78941 	79011 	Asp	GTC	0	0	56.9	30.40	26.50	
ON970591.1 	11	84046 	84121 	Glu	CTC	0	0	61.0	32.10	28.90	
ON970591.1 	12	84369 	84443 	Glu	TTC	0	0	55.9	32.60	23.30	
ON970591.1 	13	84704 	84776 	Val	TAC	0	0	50.0	32.90	17.10	
ON970591.1 	14	84945 	85019 	Leu	TAG	0	0	56.0	25.40	30.60	
ON970591.1 	15	85159 	85232 	Leu	TAG	0	0	55.7	39.20	16.50	
ON970591.1 	16	85287 	85393 	Undet	NNN	0	0	23.8	11.80	12.00	
ON970591.1 	17	85538 	85609 	Phe	GAA	0	0	43.0	8.60	34.40	
ON970591.1 	18	85792 	85862 	Gly	GCC	0	0	63.7	33.70	30.00	
ON970591.1 	19	85868 	85942 	Undet	NNN	0	0	27.7	21.40	6.30	
ON970591.1 	20	86730 	86801 	Ala	TGC	0	0	55.9	37.00	18.90	
ON970591.1 	21	86967 	87041 	Lys	CTT	0	0	62.1	34.30	27.80	
ON970591.1 	22	88138 	88214 	Asn	GTT	0	0	43.8	20.30	23.50	
ON970591.1 	23	88531 	88603 	Asn	GTT	0	0	61.6	36.50	25.10	
ON970591.1 	24	90283 	90354 	Arg	CCT	0	0	60.3	36.70	23.60	
ON970591.1 	25	90587 	90661 	Ile	GAT	0	0	65.3	42.50	22.80	
ON970591.1 	26	90666 	90738 	Ala	GGC	0	0	64.0	42.20	21.80	
ON970591.1 	27	90911 	90983 	Lys	CTT	0	0	69.5	35.30	34.20	
ON970591.1 	28	91082 	91156 	Lys	TTT	0	0	50.6	31.30	19.30	
ON970591.1 	29	91347 	91419 	Arg	TCG	0	0	53.6	34.80	18.80	
ON970591.1 	30	92536 	92607 	Met	CAT	0	0	58.2	31.90	26.30	
ON970591.1 	31	92611 	92681 	Met	CAT	0	0	32.4	11.50	20.90	
ON970591.1 	32	93068 	93139 	Tyr	GTA	0	0	27.0	12.10	14.90	
ON970591.1 	33	93589 	93663 	His	GTG	0	0	55.8	45.90	9.90	
ON970591.1 	34	93754 	93825 	Phe	GAA	0	0	42.0	23.10	18.90	
ON970591.1 	35	94614 	94688 	Thr	TGT	0	0	66.3	41.60	24.70	
ON970591.1 	36	94782 	94854 	Thr	GGT	0	0	62.0	38.00	24.00	
ON970591.1 	37	94971 	95042 	Arg	ACG	0	0	43.3	8.20	35.10	
ON970591.1 	38	96329 	96466 	Undet	NNN	0	0	18.4	23.50	-5.10	
ON970591.1 	39	98788 	98863 	Ala	GGC	0	0	47.7	20.20	27.50	
ON970591.1 	40	103947	104028	Leu	GAG	0	0	59.8	28.80	31.00	
ON970591.1 	41	104428	104498	Val	GAC	0	0	51.8	37.40	14.40	
ON970591.1 	42	104738	104811	Leu	CAA	0	0	49.8	33.90	15.90	
ON970591.1 	43	105041	105127	Ser	GCT	0	0	22.7	16.70	6.00	
ON970591.1 	44	116010	116090	Gln	TTG	0	0	53.1	34.10	19.00	
ON970591.1 	45	15502 	15431 	Thr	CGT	0	0	49.2	8.90	40.30	
