Sequence   		tRNA  	Bounds	tRNA	Anti	Intron Bounds	Inf	HMM	2'Str	      
Name       	tRNA #	Begin 	End   	Type	Codon	Begin	End	Score	Score	Score	Note
--------   	------	----- 	------	----	-----	-----	----	------	-----	-----	------
ON970590.1 	1	72436 	72509 	Gly	TCC	0	0	76.4	54.90	21.50	
ON970590.1 	2	72639 	72710 	Gln	CTG	0	0	49.9	13.50	36.40	
ON970590.1 	3	72817 	72889 	Trp	CCA	0	0	41.4	28.00	13.40	
ON970590.1 	4	73616 	73687 	Pro	TGG	0	0	36.8	7.30	29.50	
ON970590.1 	5	74155 	74230 	Pro	TGG	0	0	67.7	44.20	23.50	
ON970590.1 	6	74925 	75001 	Undet	NNN	0	0	17.0	8.30	8.70	
ON970590.1 	7	77117 	77190 	Ile	TAT	0	0	61.1	38.50	22.60	
ON970590.1 	8	77399 	77472 	Leu	TAA	0	0	48.8	23.90	24.90	
ON970590.1 	9	78326 	78413 	Undet	NNN	0	0	32.0	18.30	13.70	
ON970590.1 	10	80013 	80089 	Asp	GTC	0	0	37.1	19.70	17.40	
ON970590.1 	11	80533 	80603 	Asp	GTC	0	0	53.8	25.40	28.40	
ON970590.1 	12	85840 	85915 	Glu	CTC	0	0	65.9	40.30	25.60	
ON970590.1 	13	86170 	86244 	Glu	TTC	0	0	63.3	41.10	22.20	
ON970590.1 	14	86313 	86385 	Val	TAC	0	0	60.4	45.60	14.80	
ON970590.1 	15	86545 	86618 	Leu	TAG	0	0	55.7	35.10	20.60	
ON970590.1 	16	86928 	87008 	Leu	TAG	0	0	53.8	29.00	24.80	
ON970590.1 	17	87062 	87183 	Undet	NNN	0	0	28.9	19.10	9.80	
ON970590.1 	18	87323 	87394 	Phe	GAA	0	0	47.7	13.20	34.50	
ON970590.1 	19	87997 	88067 	Gly	GCC	0	0	57.7	32.00	25.70	
ON970590.1 	20	88073 	88145 	Arg	TCT	0	0	67.8	46.70	21.10	
ON970590.1 	21	88676 	88747 	Ala	TGC	0	0	51.8	37.20	14.60	
ON970590.1 	22	88914 	88988 	Lys	CTT	0	0	54.9	27.10	27.80	
ON970590.1 	23	89800 	89876 	Asn	GTT	0	0	43.8	20.30	23.50	
ON970590.1 	24	90639 	90711 	Asn	GTT	0	0	63.9	40.10	23.80	
ON970590.1 	25	93157 	93229 	Ala	GGC	0	0	60.4	54.50	5.90	
ON970590.1 	26	93465 	93537 	Lys	CTT	0	0	68.0	41.40	26.60	
ON970590.1 	27	93663 	93736 	Lys	CTT	0	0	52.5	24.00	28.50	
ON970590.1 	28	93917 	93991 	Lys	TTT	0	0	68.5	38.00	30.50	
ON970590.1 	29	94177 	94249 	Arg	TCG	0	0	62.7	41.80	20.90	
ON970590.1 	30	95306 	95378 	Met	CAT	0	0	52.5	30.10	22.40	
ON970590.1 	31	95382 	95452 	fMet	CAT	0	0	37.4	23.50	13.90	
ON970590.1 	32	95847 	95929 	Tyr	GTA	0	0	50.2	23.50	26.70	
ON970590.1 	33	96119 	96190 	Tyr	GTA	0	0	30.8	11.70	19.10	
ON970590.1 	34	96193 	96265 	His	GTG	0	0	56.8	29.70	27.10	
ON970590.1 	35	97258 	97334 	Cys	GCA	0	0	30.7	14.40	16.30	
ON970590.1 	36	97337 	97411 	Thr	TGT	0	0	71.5	44.10	27.40	
ON970590.1 	37	97504 	97574 	Thr	GGT	0	0	43.5	12.70	30.80	
ON970590.1 	38	99532 	99625 	Undet	NNN	0	0	17.1	23.50	-6.40	
ON970590.1 	39	101135	101204	Undet	NNN	0	0	38.3	11.50	26.80	
ON970590.1 	40	101828	101909	Leu	CAA	101858	101872	18.0	6.60	11.40	
ON970590.1 	41	106544	106625	Leu	GAG	0	0	55.7	27.50	28.20	
ON970590.1 	42	107075	107145	Val	GAC	0	0	56.5	38.60	17.90	
ON970590.1 	43	108272	108345	Leu	CAA	0	0	58.4	31.40	27.00	
ON970590.1 	44	108581	108671	Ser	GCT	0	0	64.4	42.60	21.80	
ON970590.1 	45	115675	115754	Gln	TTG	0	0	58.1	36.10	22.00	
ON970590.1 	46	16520 	16448 	Thr	CGT	0	0	60.0	26.10	33.90	
