Sequence   		tRNA  	Bounds	tRNA	Anti	Intron Bounds	Inf	HMM	2'Str	      
Name       	tRNA #	Begin 	End   	Type	Codon	Begin	End	Score	Score	Score	Note
--------   	------	----- 	------	----	-----	-----	----	------	-----	-----	------
ON970579.1 	1	72433 	72506 	Gly	TCC	0	0	76.4	54.90	21.50	
ON970579.1 	2	72636 	72707 	Gln	CTG	0	0	49.9	13.50	36.40	
ON970579.1 	3	72813 	72883 	Trp	CCA	0	0	46.7	12.70	34.00	
ON970579.1 	4	73610 	73681 	Pro	TGG	0	0	36.8	7.30	29.50	
ON970579.1 	5	73705 	73779 	Pro	TGG	0	0	65.4	42.60	22.80	
ON970579.1 	6	74474 	74550 	Undet	NNN	0	0	17.0	8.30	8.70	
ON970579.1 	7	76666 	76739 	Ile	TAT	0	0	61.1	38.50	22.60	
ON970579.1 	8	76948 	77021 	Leu	TAA	0	0	48.7	24.00	24.70	
ON970579.1 	9	77875 	77962 	Undet	NNN	0	0	32.0	18.30	13.70	
ON970579.1 	10	79564 	79640 	Asp	GTC	0	0	37.1	19.70	17.40	
ON970579.1 	11	80084 	80154 	Asp	GTC	0	0	53.8	25.40	28.40	
ON970579.1 	12	85391 	85466 	Glu	CTC	0	0	65.9	40.30	25.60	
ON970579.1 	13	85721 	85795 	Glu	TTC	0	0	63.3	41.10	22.20	
ON970579.1 	14	85864 	85936 	Val	TAC	0	0	60.4	45.60	14.80	
ON970579.1 	15	86096 	86169 	Leu	TAG	0	0	55.7	35.10	20.60	
ON970579.1 	16	86182 	86262 	Leu	TAG	0	0	55.3	30.40	24.90	
ON970579.1 	17	86316 	86437 	Undet	NNN	0	0	28.9	19.10	9.80	
ON970579.1 	18	86577 	86648 	Phe	GAA	0	0	47.7	11.50	36.20	
ON970579.1 	19	87192 	87262 	Gly	GCC	0	0	64.1	33.80	30.30	
ON970579.1 	20	87268 	87340 	Arg	TCT	0	0	63.7	45.70	18.00	
ON970579.1 	21	87871 	87942 	Ala	TGC	0	0	51.8	37.20	14.60	
ON970579.1 	22	88110 	88184 	Lys	CTT	0	0	54.9	27.10	27.80	
ON970579.1 	23	88996 	89071 	Asn	GTT	0	0	34.8	8.20	26.60	
ON970579.1 	24	89834 	89906 	Asn	GTT	0	0	63.9	40.10	23.80	
ON970579.1 	25	91561 	91632 	Arg	CCT	0	0	55.4	27.20	28.20	
ON970579.1 	26	91891 	91963 	Ala	GGC	0	0	60.4	54.50	5.90	
ON970579.1 	27	92214 	92286 	Lys	CTT	0	0	68.0	41.40	26.60	
ON970579.1 	28	92412 	92485 	Lys	CTT	0	0	52.1	25.20	26.90	
ON970579.1 	29	92849 	92923 	Lys	TTT	0	0	68.5	38.00	30.50	
ON970579.1 	30	93109 	93181 	Arg	TCG	0	0	62.7	41.80	20.90	
ON970579.1 	31	94238 	94310 	Met	CAT	0	0	52.5	30.10	22.40	
ON970579.1 	32	94314 	94384 	fMet	CAT	0	0	37.4	23.50	13.90	
ON970579.1 	33	94779 	94861 	Tyr	GTA	0	0	50.2	23.50	26.70	
ON970579.1 	34	95051 	95122 	Tyr	GTA	0	0	30.8	11.70	19.10	
ON970579.1 	35	95125 	95197 	His	GTG	0	0	56.8	29.70	27.10	
ON970579.1 	36	96190 	96266 	Cys	GCA	0	0	30.7	14.40	16.30	
ON970579.1 	37	96269 	96343 	Thr	TGT	0	0	71.5	44.10	27.40	
ON970579.1 	38	96436 	96506 	Thr	GGT	0	0	43.5	12.70	30.80	
ON970579.1 	39	98464 	98557 	Undet	NNN	0	0	17.1	23.50	-6.40	
ON970579.1 	40	100067	100136	Undet	NNN	0	0	38.3	11.50	26.80	
ON970579.1 	41	100760	100841	Leu	CAA	100790	100804	18.0	6.60	11.40	
ON970579.1 	42	105476	105557	Leu	GAG	0	0	55.7	27.50	28.20	
ON970579.1 	43	106007	106077	Val	GAC	0	0	56.5	38.60	17.90	
ON970579.1 	44	107204	107277	Leu	CAA	0	0	58.4	31.40	27.00	
ON970579.1 	45	107513	107603	Ser	GCT	0	0	64.4	42.60	21.80	
ON970579.1 	46	114607	114686	Gln	TTG	0	0	58.1	36.10	22.00	
ON970579.1 	47	16290 	16218 	Thr	CGT	0	0	60.0	26.10	33.90	
