Sequence   		tRNA  	Bounds	tRNA	Anti	Intron Bounds	Inf	HMM	2'Str	      
Name       	tRNA #	Begin 	End   	Type	Codon	Begin	End	Score	Score	Score	Note
--------   	------	----- 	------	----	-----	-----	----	------	-----	-----	------
OP021680.1 	1	72191 	72261 	Gly	TCC	0	0	68.7	51.60	17.10	
OP021680.1 	2	72393 	72464 	Gln	CTG	0	0	52.5	16.30	36.20	
OP021680.1 	3	72693 	72764 	Trp	CCA	0	0	46.9	32.20	14.70	
OP021680.1 	4	73489 	73560 	Pro	TGG	0	0	36.8	7.30	29.50	
OP021680.1 	5	73687 	73760 	Pro	TGG	0	0	66.0	43.20	22.80	
OP021680.1 	6	74454 	74530 	Undet	NNN	0	0	17.0	8.30	8.70	
OP021680.1 	7	76643 	76716 	Ile	TAT	0	0	61.1	38.50	22.60	
OP021680.1 	8	76920 	76992 	Leu	TAA	0	0	63.7	35.70	28.00	
OP021680.1 	9	77846 	77933 	Undet	NNN	0	0	43.0	17.70	25.30	
OP021680.1 	10	79477 	79553 	Asp	GTC	0	0	37.1	19.70	17.40	
OP021680.1 	11	79795 	79865 	Asp	GTC	0	0	54.3	26.70	27.60	
OP021680.1 	12	85662 	85737 	Glu	CTC	0	0	64.0	38.40	25.60	
OP021680.1 	13	85993 	86064 	Glu	TTC	0	0	55.5	28.20	27.30	
OP021680.1 	14	86133 	86205 	Val	TAC	0	0	60.4	45.60	14.80	
OP021680.1 	15	86347 	86421 	Leu	TAG	0	0	55.4	26.00	29.40	
OP021680.1 	16	86435 	86515 	Leu	TAG	0	0	56.6	32.60	24.00	
OP021680.1 	17	86569 	86683 	Undet	NNN	0	0	27.4	22.20	5.20	
OP021680.1 	18	86820 	86891 	Phe	GAA	0	0	43.8	7.60	36.20	
OP021680.1 	19	86965 	87035 	Gly	GCC	0	0	64.1	33.80	30.30	
OP021680.1 	20	87113 	87190 	Val	AAC	0	0	26.1	15.10	11.00	
OP021680.1 	21	87709 	87780 	Ala	TGC	0	0	53.3	39.30	14.00	
OP021680.1 	22	87945 	88019 	Lys	CTT	0	0	73.4	50.70	22.70	
OP021680.1 	23	88985 	89056 	Asn	GTT	0	0	68.9	37.70	31.20	
OP021680.1 	24	89701 	89772 	Asn	GTT	0	0	68.5	42.70	25.80	
OP021680.1 	25	91430 	91506 	Undet	NNN	0	0	17.1	4.00	13.10	
OP021680.1 	26	91750 	91824 	Ile	GAT	0	0	65.2	48.70	16.50	
OP021680.1 	27	91898 	91970 	Ala	GGC	0	0	62.7	39.90	22.80	
OP021680.1 	28	92206 	92278 	Lys	CTT	0	0	68.0	41.40	26.60	
OP021680.1 	29	92405 	92478 	Lys	CTT	0	0	52.1	25.20	26.90	
OP021680.1 	30	92841 	92915 	Lys	TTT	0	0	68.5	38.00	30.50	
OP021680.1 	31	93071 	93144 	Arg	TCG	0	0	61.7	45.80	15.90	
OP021680.1 	32	94272 	94344 	Met	CAT	0	0	51.2	23.30	27.90	
OP021680.1 	33	94348 	94418 	fMet	CAT	0	0	37.4	23.50	13.90	
OP021680.1 	34	94835 	94916 	Tyr	GTA	0	0	42.7	16.00	26.70	
OP021680.1 	35	94992 	95063 	Tyr	GTA	0	0	27.9	8.10	19.80	
OP021680.1 	36	95066 	95138 	His	GTG	0	0	56.8	29.70	27.10	
OP021680.1 	37	95871 	95945 	Thr	TGT	0	0	71.5	44.10	27.40	
OP021680.1 	38	96039 	96109 	Thr	GGT	0	0	43.5	12.70	30.80	
OP021680.1 	39	96229 	96302 	Arg	ACG	0	0	66.8	39.60	27.20	
OP021680.1 	40	99280 	99350 	Pro	TGG	0	0	29.7	14.70	15.00	
OP021680.1 	41	105825	105906	Leu	GAG	0	0	52.7	26.70	26.00	
OP021680.1 	42	106482	106552	Val	GAC	0	0	58.7	33.50	25.20	
OP021680.1 	43	107225	107299	Leu	CAA	0	0	57.8	35.10	22.70	
OP021680.1 	44	107534	107622	Ser	GCT	0	0	49.8	34.90	14.90	
OP021680.1 	45	114453	114527	Gln	TTG	0	0	46.1	29.30	16.80	
OP021680.1 	46	16393 	16321 	Thr	CGT	0	0	57.7	22.60	35.10	
