Sequence   		tRNA  	Bounds	tRNA	Anti	Intron Bounds	Inf	HMM	2'Str	      
Name       	tRNA #	Begin 	End   	Type	Codon	Begin	End	Score	Score	Score	Note
--------   	------	----- 	------	----	-----	-----	----	------	-----	-----	------
OQ190480.1 	1	72002 	72072 	Gly	TCC	0	0	73.1	55.30	17.80	
OQ190480.1 	2	72191 	72262 	Gln	CTG	0	0	44.4	20.50	23.90	
OQ190480.1 	3	72471 	72541 	Trp	CCA	0	0	48.8	17.00	31.80	
OQ190480.1 	4	73416 	73489 	Pro	TGG	0	0	37.4	10.00	27.40	
OQ190480.1 	5	73493 	73567 	Pro	TGG	0	0	74.2	46.10	28.10	
OQ190480.1 	6	74351 	74427 	Undet	NNN	0	0	17.0	9.30	7.70	
OQ190480.1 	7	76566 	76639 	Ile	TAT	0	0	55.1	27.30	27.80	
OQ190480.1 	8	77484 	77569 	Undet	NNN	0	0	25.7	13.10	12.60	
OQ190480.1 	9	80675 	80750 	Asp	GTC	0	0	64.0	48.90	15.10	
OQ190480.1 	10	81115 	81185 	Asp	GTC	0	0	53.1	29.10	24.00	
OQ190480.1 	11	86018 	86088 	Glu	CTC	0	0	54.4	22.40	32.00	
OQ190480.1 	12	86346 	86419 	Glu	TTC	0	0	63.3	41.10	22.20	
OQ190480.1 	13	86432 	86502 	Val	TAC	0	0	62.5	42.00	20.50	
OQ190480.1 	14	86657 	86731 	Leu	TAG	0	0	45.3	17.50	27.80	
OQ190480.1 	15	86871 	86944 	Leu	TAG	0	0	56.8	39.10	17.70	
OQ190480.1 	16	86998 	87124 	Undet	NNN	0	0	24.4	13.70	10.70	
OQ190480.1 	17	87268 	87338 	Gly	GCC	0	0	57.8	29.30	28.50	
OQ190480.1 	18	87354 	87439 	Undet	NNN	0	0	20.7	11.70	9.00	
OQ190480.1 	19	87446 	87518 	Arg	TCT	0	0	63.8	40.80	23.00	
OQ190480.1 	20	88139 	88210 	Ala	TGC	0	0	53.3	39.30	14.00	
OQ190480.1 	21	88377 	88450 	Lys	CTT	0	0	58.9	25.60	33.30	
OQ190480.1 	22	89310 	89385 	Asn	GTT	0	0	34.4	12.90	21.50	
OQ190480.1 	23	90147 	90218 	Asn	GTT	0	0	67.9	41.50	26.40	
OQ190480.1 	24	91878 	91949 	Arg	CCT	0	0	57.5	26.20	31.30	
OQ190480.1 	25	91997 	92071 	Ile	GAT	0	0	68.4	46.80	21.60	
OQ190480.1 	26	92076 	92147 	Ala	GGC	0	0	61.0	40.90	20.10	
OQ190480.1 	27	92367 	92439 	Lys	CTT	0	0	65.5	42.50	23.00	
OQ190480.1 	28	92559 	92633 	Lys	TTT	0	0	57.5	40.10	17.40	
OQ190480.1 	29	92638 	92710 	Arg	TCG	0	0	51.6	32.90	18.70	
OQ190480.1 	30	93969 	94040 	Met	CAT	0	0	56.8	30.50	26.30	
OQ190480.1 	31	94044 	94114 	Met	CAT	0	0	32.4	11.50	20.90	
OQ190480.1 	32	94742 	94823 	Tyr	GTA	0	0	41.5	23.00	18.50	
OQ190480.1 	33	94880 	94951 	Tyr	GTA	0	0	27.0	12.10	14.90	
OQ190480.1 	34	94954 	95025 	His	GTG	0	0	43.2	19.20	24.00	
OQ190480.1 	35	95094 	95165 	Phe	GAA	0	0	56.1	43.50	12.60	
OQ190480.1 	36	95874 	95948 	Thr	TGT	0	0	68.6	39.20	29.40	
OQ190480.1 	37	96041 	96113 	Thr	GGT	0	0	50.7	18.80	31.90	
OQ190480.1 	38	96283 	96355 	Arg	ACG	0	0	42.3	13.90	28.40	
OQ190480.1 	39	97370 	97486 	Undet	NNN	0	0	19.4	22.30	-2.90	
OQ190480.1 	40	99553 	99627 	Ala	GGC	0	0	35.3	13.60	21.70	
OQ190480.1 	41	100189	100322	Undet	NNN	0	0	30.7	17.00	13.70	
OQ190480.1 	42	104767	104848	Leu	GAG	0	0	56.7	27.50	29.20	
OQ190480.1 	43	105286	105356	Val	GAC	0	0	56.5	34.80	21.70	
OQ190480.1 	44	105782	105857	Leu	CAA	0	0	55.4	32.60	22.80	
OQ190480.1 	45	106091	106175	Ser	GCT	0	0	22.5	16.00	6.50	
OQ190480.1 	46	116140	116219	Gln	TTG	0	0	55.7	38.20	17.50	
OQ190480.1 	47	16758 	16687 	Thr	CGT	0	0	43.2	18.80	24.40	
